[1.381s] Invoking command in '/home/thomas/ros2_ws/src/package_tp2': PYTHONPATH=/home/thomas/ros2_ws/build/package_tp2/prefix_override:/usr/lib/python3/dist-packages/colcon_core/task/python/colcon_distutils_commands:/home/thomas/ros2_ws/install/package_tp2/lib/python3.10/site-packages:${PYTHONPATH} /usr/bin/python3 -W ignore:setup.py install is deprecated setup.py egg_info --egg-base ../../build/package_tp2 build --build-base /home/thomas/ros2_ws/build/package_tp2/build install --record /home/thomas/ros2_ws/build/package_tp2/install.log --single-version-externally-managed install_data
[1.897s] running egg_info
[1.897s] creating ../../build/package_tp2/package_tp2.egg-info
[1.897s] writing ../../build/package_tp2/package_tp2.egg-info/PKG-INFO
[1.897s] writing dependency_links to ../../build/package_tp2/package_tp2.egg-info/dependency_links.txt
[1.898s] writing entry points to ../../build/package_tp2/package_tp2.egg-info/entry_points.txt
[1.898s] writing requirements to ../../build/package_tp2/package_tp2.egg-info/requires.txt
[1.898s] writing top-level names to ../../build/package_tp2/package_tp2.egg-info/top_level.txt
[1.898s] writing manifest file '../../build/package_tp2/package_tp2.egg-info/SOURCES.txt'
[1.898s] reading manifest file '../../build/package_tp2/package_tp2.egg-info/SOURCES.txt'
[1.898s] writing manifest file '../../build/package_tp2/package_tp2.egg-info/SOURCES.txt'
[1.925s] running build
[1.925s] running build_py
[1.925s] creating /home/thomas/ros2_ws/build/package_tp2/build
[1.925s] creating /home/thomas/ros2_ws/build/package_tp2/build/lib
[1.925s] creating /home/thomas/ros2_ws/build/package_tp2/build/lib/package_tp2
[1.925s] copying package_tp2/__init__.py -> /home/thomas/ros2_ws/build/package_tp2/build/lib/package_tp2
[1.926s] copying package_tp2/capteur2.py -> /home/thomas/ros2_ws/build/package_tp2/build/lib/package_tp2
[1.926s] copying package_tp2/fusion.py -> /home/thomas/ros2_ws/build/package_tp2/build/lib/package_tp2
[1.926s] copying package_tp2/capteur1.py -> /home/thomas/ros2_ws/build/package_tp2/build/lib/package_tp2
[1.926s] running install
[1.926s] running install_lib
[1.926s] creating /home/thomas/ros2_ws/install/package_tp2/lib/python3.10/site-packages/package_tp2
[1.926s] copying /home/thomas/ros2_ws/build/package_tp2/build/lib/package_tp2/__init__.py -> /home/thomas/ros2_ws/install/package_tp2/lib/python3.10/site-packages/package_tp2
[1.926s] copying /home/thomas/ros2_ws/build/package_tp2/build/lib/package_tp2/capteur2.py -> /home/thomas/ros2_ws/install/package_tp2/lib/python3.10/site-packages/package_tp2
[1.926s] copying /home/thomas/ros2_ws/build/package_tp2/build/lib/package_tp2/fusion.py -> /home/thomas/ros2_ws/install/package_tp2/lib/python3.10/site-packages/package_tp2
[1.926s] copying /home/thomas/ros2_ws/build/package_tp2/build/lib/package_tp2/capteur1.py -> /home/thomas/ros2_ws/install/package_tp2/lib/python3.10/site-packages/package_tp2
[1.926s] byte-compiling /home/thomas/ros2_ws/install/package_tp2/lib/python3.10/site-packages/package_tp2/__init__.py to __init__.cpython-310.pyc
[1.926s] byte-compiling /home/thomas/ros2_ws/install/package_tp2/lib/python3.10/site-packages/package_tp2/capteur2.py to capteur2.cpython-310.pyc
[1.926s] byte-compiling /home/thomas/ros2_ws/install/package_tp2/lib/python3.10/site-packages/package_tp2/fusion.py to fusion.cpython-310.pyc
[1.926s] byte-compiling /home/thomas/ros2_ws/install/package_tp2/lib/python3.10/site-packages/package_tp2/capteur1.py to capteur1.cpython-310.pyc
[1.926s] running install_data
[1.926s] creating /home/thomas/ros2_ws/install/package_tp2/share/ament_index
[1.926s] creating /home/thomas/ros2_ws/install/package_tp2/share/ament_index/resource_index
[1.926s] creating /home/thomas/ros2_ws/install/package_tp2/share/ament_index/resource_index/packages
[1.926s] copying resource/package_tp2 -> /home/thomas/ros2_ws/install/package_tp2/share/ament_index/resource_index/packages
[1.926s] copying package.xml -> /home/thomas/ros2_ws/install/package_tp2/share/package_tp2
[1.926s] running install_egg_info
[1.926s] Copying ../../build/package_tp2/package_tp2.egg-info to /home/thomas/ros2_ws/install/package_tp2/lib/python3.10/site-packages/package_tp2-0.0.0-py3.10.egg-info
[1.927s] running install_scripts
[1.954s] Installing capteur1 script to /home/thomas/ros2_ws/install/package_tp2/lib/package_tp2
[1.955s] Installing capteur2 script to /home/thomas/ros2_ws/install/package_tp2/lib/package_tp2
[1.955s] Installing fusion script to /home/thomas/ros2_ws/install/package_tp2/lib/package_tp2
[1.956s] writing list of installed files to '/home/thomas/ros2_ws/build/package_tp2/install.log'
[2.063s] Invoked command in '/home/thomas/ros2_ws/src/package_tp2' returned '0': PYTHONPATH=/home/thomas/ros2_ws/build/package_tp2/prefix_override:/usr/lib/python3/dist-packages/colcon_core/task/python/colcon_distutils_commands:/home/thomas/ros2_ws/install/package_tp2/lib/python3.10/site-packages:${PYTHONPATH} /usr/bin/python3 -W ignore:setup.py install is deprecated setup.py egg_info --egg-base ../../build/package_tp2 build --build-base /home/thomas/ros2_ws/build/package_tp2/build install --record /home/thomas/ros2_ws/build/package_tp2/install.log --single-version-externally-managed install_data
