[2.163s] Invoking command in '/home/thogms/ros2_ws/src/projet_pkg': PYTHONPATH=/home/thogms/ros2_ws/build/projet_pkg/prefix_override:/usr/lib/python3/dist-packages/colcon_core/task/python/colcon_distutils_commands:/home/thogms/ros2_ws/install/projet_pkg/lib/python3.10/site-packages:${PYTHONPATH} /usr/bin/python3 -W ignore:setup.py install is deprecated -W ignore:easy_install command is deprecated setup.py egg_info --egg-base ../../build/projet_pkg build --build-base /home/thogms/ros2_ws/build/projet_pkg/build install --record /home/thogms/ros2_ws/build/projet_pkg/install.log --single-version-externally-managed install_data
[2.495s] running egg_info
[2.496s] writing ../../build/projet_pkg/projet_pkg.egg-info/PKG-INFO
[2.498s] writing dependency_links to ../../build/projet_pkg/projet_pkg.egg-info/dependency_links.txt
[2.499s] writing entry points to ../../build/projet_pkg/projet_pkg.egg-info/entry_points.txt
[2.499s] writing requirements to ../../build/projet_pkg/projet_pkg.egg-info/requires.txt
[2.499s] writing top-level names to ../../build/projet_pkg/projet_pkg.egg-info/top_level.txt
[2.500s] reading manifest file '../../build/projet_pkg/projet_pkg.egg-info/SOURCES.txt'
[2.502s] writing manifest file '../../build/projet_pkg/projet_pkg.egg-info/SOURCES.txt'
[2.502s] running build
[2.502s] running build_py
[2.503s] running install
[2.504s] running install_lib
[2.506s] running install_data
[2.507s] running install_egg_info
[2.509s] removing '/home/thogms/ros2_ws/install/projet_pkg/lib/python3.10/site-packages/projet_pkg-0.0.0-py3.10.egg-info' (and everything under it)
[2.509s] Copying ../../build/projet_pkg/projet_pkg.egg-info to /home/thogms/ros2_ws/install/projet_pkg/lib/python3.10/site-packages/projet_pkg-0.0.0-py3.10.egg-info
[2.511s] running install_scripts
[2.553s] Installing client_bp script to /home/thogms/ros2_ws/install/projet_pkg/lib/projet_pkg
[2.553s] Installing controle_luminosity script to /home/thogms/ros2_ws/install/projet_pkg/lib/projet_pkg
[2.554s] Installing controle_presenceInt script to /home/thogms/ros2_ws/install/projet_pkg/lib/projet_pkg
[2.554s] Installing controle_presenceOut script to /home/thogms/ros2_ws/install/projet_pkg/lib/projet_pkg
[2.554s] Installing controle_temperature script to /home/thogms/ros2_ws/install/projet_pkg/lib/projet_pkg
[2.554s] Installing controle_time script to /home/thogms/ros2_ws/install/projet_pkg/lib/projet_pkg
[2.554s] Installing info_web script to /home/thogms/ros2_ws/install/projet_pkg/lib/projet_pkg
[2.554s] Installing publisher_luminosity script to /home/thogms/ros2_ws/install/projet_pkg/lib/projet_pkg
[2.554s] Installing publisher_presenceInt script to /home/thogms/ros2_ws/install/projet_pkg/lib/projet_pkg
[2.555s] Installing publisher_presenceOut script to /home/thogms/ros2_ws/install/projet_pkg/lib/projet_pkg
[2.555s] Installing publisher_temperature script to /home/thogms/ros2_ws/install/projet_pkg/lib/projet_pkg
[2.555s] Installing publisher_time script to /home/thogms/ros2_ws/install/projet_pkg/lib/projet_pkg
[2.555s] Installing service_bp script to /home/thogms/ros2_ws/install/projet_pkg/lib/projet_pkg
[2.555s] Installing web script to /home/thogms/ros2_ws/install/projet_pkg/lib/projet_pkg
[2.555s] writing list of installed files to '/home/thogms/ros2_ws/build/projet_pkg/install.log'
[2.629s] Invoked command in '/home/thogms/ros2_ws/src/projet_pkg' returned '0': PYTHONPATH=/home/thogms/ros2_ws/build/projet_pkg/prefix_override:/usr/lib/python3/dist-packages/colcon_core/task/python/colcon_distutils_commands:/home/thogms/ros2_ws/install/projet_pkg/lib/python3.10/site-packages:${PYTHONPATH} /usr/bin/python3 -W ignore:setup.py install is deprecated -W ignore:easy_install command is deprecated setup.py egg_info --egg-base ../../build/projet_pkg build --build-base /home/thogms/ros2_ws/build/projet_pkg/build install --record /home/thogms/ros2_ws/build/projet_pkg/install.log --single-version-externally-managed install_data
