[1.383s] Invoking command in '/home/thomas/ros2_ws/src/package_tp2': PYTHONPATH=/home/thomas/ros2_ws/build/package_tp2/prefix_override:/usr/lib/python3/dist-packages/colcon_core/task/python/colcon_distutils_commands:/home/thomas/ros2_ws/install/package_tp2/lib/python3.10/site-packages:${PYTHONPATH} /usr/bin/python3 -W ignore:setup.py install is deprecated setup.py egg_info --egg-base ../../build/package_tp2 build --build-base /home/thomas/ros2_ws/build/package_tp2/build install --record /home/thomas/ros2_ws/build/package_tp2/install.log --single-version-externally-managed install_data
[1.810s] running egg_info
[1.813s] writing ../../build/package_tp2/package_tp2.egg-info/PKG-INFO
[1.814s] writing dependency_links to ../../build/package_tp2/package_tp2.egg-info/dependency_links.txt
[1.815s] writing entry points to ../../build/package_tp2/package_tp2.egg-info/entry_points.txt
[1.816s] writing requirements to ../../build/package_tp2/package_tp2.egg-info/requires.txt
[1.816s] writing top-level names to ../../build/package_tp2/package_tp2.egg-info/top_level.txt
[1.852s] reading manifest file '../../build/package_tp2/package_tp2.egg-info/SOURCES.txt'
[1.852s] writing manifest file '../../build/package_tp2/package_tp2.egg-info/SOURCES.txt'
[1.852s] running build
[1.852s] running build_py
[1.852s] running install
[1.852s] running install_lib
[1.852s] running install_data
[1.852s] running install_egg_info
[1.852s] removing '/home/thomas/ros2_ws/install/package_tp2/lib/python3.10/site-packages/package_tp2-0.0.0-py3.10.egg-info' (and everything under it)
[1.852s] Copying ../../build/package_tp2/package_tp2.egg-info to /home/thomas/ros2_ws/install/package_tp2/lib/python3.10/site-packages/package_tp2-0.0.0-py3.10.egg-info
[1.852s] running install_scripts
[1.890s] Installing capteur1 script to /home/thomas/ros2_ws/install/package_tp2/lib/package_tp2
[1.896s] Installing capteur2 script to /home/thomas/ros2_ws/install/package_tp2/lib/package_tp2
[1.897s] Installing fusion script to /home/thomas/ros2_ws/install/package_tp2/lib/package_tp2
[1.898s] writing list of installed files to '/home/thomas/ros2_ws/build/package_tp2/install.log'
[1.958s] Invoked command in '/home/thomas/ros2_ws/src/package_tp2' returned '0': PYTHONPATH=/home/thomas/ros2_ws/build/package_tp2/prefix_override:/usr/lib/python3/dist-packages/colcon_core/task/python/colcon_distutils_commands:/home/thomas/ros2_ws/install/package_tp2/lib/python3.10/site-packages:${PYTHONPATH} /usr/bin/python3 -W ignore:setup.py install is deprecated setup.py egg_info --egg-base ../../build/package_tp2 build --build-base /home/thomas/ros2_ws/build/package_tp2/build install --record /home/thomas/ros2_ws/build/package_tp2/install.log --single-version-externally-managed install_data
