[2.300s] Invoking command in '/home/thogms/ros2_ws/src/projet_pkg': PYTHONPATH=/home/thogms/ros2_ws/build/projet_pkg/prefix_override:/usr/lib/python3/dist-packages/colcon_core/task/python/colcon_distutils_commands:/home/thogms/ros2_ws/install/projet_pkg/lib/python3.10/site-packages:${PYTHONPATH} /usr/bin/python3 -W ignore:setup.py install is deprecated -W ignore:easy_install command is deprecated setup.py egg_info --egg-base ../../build/projet_pkg build --build-base /home/thogms/ros2_ws/build/projet_pkg/build install --record /home/thogms/ros2_ws/build/projet_pkg/install.log --single-version-externally-managed install_data
[2.649s] running egg_info
[2.649s] writing ../../build/projet_pkg/projet_pkg.egg-info/PKG-INFO
[2.649s] writing dependency_links to ../../build/projet_pkg/projet_pkg.egg-info/dependency_links.txt
[2.649s] writing entry points to ../../build/projet_pkg/projet_pkg.egg-info/entry_points.txt
[2.649s] writing requirements to ../../build/projet_pkg/projet_pkg.egg-info/requires.txt
[2.649s] writing top-level names to ../../build/projet_pkg/projet_pkg.egg-info/top_level.txt
[2.650s] reading manifest file '../../build/projet_pkg/projet_pkg.egg-info/SOURCES.txt'
[2.651s] writing manifest file '../../build/projet_pkg/projet_pkg.egg-info/SOURCES.txt'
[2.652s] running build
[2.652s] running build_py
[2.652s] copying projet_pkg/client_bp.py -> /home/thogms/ros2_ws/build/projet_pkg/build/lib/projet_pkg
[2.652s] copying projet_pkg/service_bp.py -> /home/thogms/ros2_ws/build/projet_pkg/build/lib/projet_pkg
[2.653s] running install
[2.653s] running install_lib
[2.655s] copying /home/thogms/ros2_ws/build/projet_pkg/build/lib/projet_pkg/client_bp.py -> /home/thogms/ros2_ws/install/projet_pkg/lib/python3.10/site-packages/projet_pkg
[2.655s] copying /home/thogms/ros2_ws/build/projet_pkg/build/lib/projet_pkg/service_bp.py -> /home/thogms/ros2_ws/install/projet_pkg/lib/python3.10/site-packages/projet_pkg
[2.656s] byte-compiling /home/thogms/ros2_ws/install/projet_pkg/lib/python3.10/site-packages/projet_pkg/client_bp.py to client_bp.cpython-310.pyc
[2.658s] byte-compiling /home/thogms/ros2_ws/install/projet_pkg/lib/python3.10/site-packages/projet_pkg/service_bp.py to service_bp.cpython-310.pyc
[2.660s] running install_data
[2.660s] running install_egg_info
[2.664s] removing '/home/thogms/ros2_ws/install/projet_pkg/lib/python3.10/site-packages/projet_pkg-0.0.0-py3.10.egg-info' (and everything under it)
[2.665s] Copying ../../build/projet_pkg/projet_pkg.egg-info to /home/thogms/ros2_ws/install/projet_pkg/lib/python3.10/site-packages/projet_pkg-0.0.0-py3.10.egg-info
[2.666s] running install_scripts
[2.703s] Installing client_bp script to /home/thogms/ros2_ws/install/projet_pkg/lib/projet_pkg
[2.704s] Installing controle_luminosity script to /home/thogms/ros2_ws/install/projet_pkg/lib/projet_pkg
[2.704s] Installing controle_presenceInt script to /home/thogms/ros2_ws/install/projet_pkg/lib/projet_pkg
[2.705s] Installing controle_presenceOut script to /home/thogms/ros2_ws/install/projet_pkg/lib/projet_pkg
[2.705s] Installing controle_temperature script to /home/thogms/ros2_ws/install/projet_pkg/lib/projet_pkg
[2.705s] Installing controle_time script to /home/thogms/ros2_ws/install/projet_pkg/lib/projet_pkg
[2.705s] Installing info_web script to /home/thogms/ros2_ws/install/projet_pkg/lib/projet_pkg
[2.705s] Installing publisher_luminosity script to /home/thogms/ros2_ws/install/projet_pkg/lib/projet_pkg
[2.705s] Installing publisher_presenceInt script to /home/thogms/ros2_ws/install/projet_pkg/lib/projet_pkg
[2.706s] Installing publisher_presenceOut script to /home/thogms/ros2_ws/install/projet_pkg/lib/projet_pkg
[2.706s] Installing publisher_temperature script to /home/thogms/ros2_ws/install/projet_pkg/lib/projet_pkg
[2.706s] Installing publisher_time script to /home/thogms/ros2_ws/install/projet_pkg/lib/projet_pkg
[2.706s] Installing service_bp script to /home/thogms/ros2_ws/install/projet_pkg/lib/projet_pkg
[2.706s] Installing web script to /home/thogms/ros2_ws/install/projet_pkg/lib/projet_pkg
[2.706s] writing list of installed files to '/home/thogms/ros2_ws/build/projet_pkg/install.log'
[2.777s] Invoked command in '/home/thogms/ros2_ws/src/projet_pkg' returned '0': PYTHONPATH=/home/thogms/ros2_ws/build/projet_pkg/prefix_override:/usr/lib/python3/dist-packages/colcon_core/task/python/colcon_distutils_commands:/home/thogms/ros2_ws/install/projet_pkg/lib/python3.10/site-packages:${PYTHONPATH} /usr/bin/python3 -W ignore:setup.py install is deprecated -W ignore:easy_install command is deprecated setup.py egg_info --egg-base ../../build/projet_pkg build --build-base /home/thogms/ros2_ws/build/projet_pkg/build install --record /home/thogms/ros2_ws/build/projet_pkg/install.log --single-version-externally-managed install_data
