running egg_info
creating ../../build/package_tp2_b/package_tp2_b.egg-info
writing ../../build/package_tp2_b/package_tp2_b.egg-info/PKG-INFO
writing dependency_links to ../../build/package_tp2_b/package_tp2_b.egg-info/dependency_links.txt
writing entry points to ../../build/package_tp2_b/package_tp2_b.egg-info/entry_points.txt
writing requirements to ../../build/package_tp2_b/package_tp2_b.egg-info/requires.txt
writing top-level names to ../../build/package_tp2_b/package_tp2_b.egg-info/top_level.txt
writing manifest file '../../build/package_tp2_b/package_tp2_b.egg-info/SOURCES.txt'
reading manifest file '../../build/package_tp2_b/package_tp2_b.egg-info/SOURCES.txt'
writing manifest file '../../build/package_tp2_b/package_tp2_b.egg-info/SOURCES.txt'
running build
running build_py
creating /home/thomas/ros2_ws/build/package_tp2_b/build
creating /home/thomas/ros2_ws/build/package_tp2_b/build/lib
creating /home/thomas/ros2_ws/build/package_tp2_b/build/lib/package_tp2_b
copying package_tp2_b/__init__.py -> /home/thomas/ros2_ws/build/package_tp2_b/build/lib/package_tp2_b
copying package_tp2_b/capteur2.py -> /home/thomas/ros2_ws/build/package_tp2_b/build/lib/package_tp2_b
copying package_tp2_b/fusion.py -> /home/thomas/ros2_ws/build/package_tp2_b/build/lib/package_tp2_b
copying package_tp2_b/capteur1.py -> /home/thomas/ros2_ws/build/package_tp2_b/build/lib/package_tp2_b
running install
running install_lib
creating /home/thomas/ros2_ws/install/package_tp2_b/lib/python3.10/site-packages/package_tp2_b
copying /home/thomas/ros2_ws/build/package_tp2_b/build/lib/package_tp2_b/__init__.py -> /home/thomas/ros2_ws/install/package_tp2_b/lib/python3.10/site-packages/package_tp2_b
copying /home/thomas/ros2_ws/build/package_tp2_b/build/lib/package_tp2_b/capteur2.py -> /home/thomas/ros2_ws/install/package_tp2_b/lib/python3.10/site-packages/package_tp2_b
copying /home/thomas/ros2_ws/build/package_tp2_b/build/lib/package_tp2_b/fusion.py -> /home/thomas/ros2_ws/install/package_tp2_b/lib/python3.10/site-packages/package_tp2_b
copying /home/thomas/ros2_ws/build/package_tp2_b/build/lib/package_tp2_b/capteur1.py -> /home/thomas/ros2_ws/install/package_tp2_b/lib/python3.10/site-packages/package_tp2_b
byte-compiling /home/thomas/ros2_ws/install/package_tp2_b/lib/python3.10/site-packages/package_tp2_b/__init__.py to __init__.cpython-310.pyc
byte-compiling /home/thomas/ros2_ws/install/package_tp2_b/lib/python3.10/site-packages/package_tp2_b/capteur2.py to capteur2.cpython-310.pyc
byte-compiling /home/thomas/ros2_ws/install/package_tp2_b/lib/python3.10/site-packages/package_tp2_b/fusion.py to fusion.cpython-310.pyc
byte-compiling /home/thomas/ros2_ws/install/package_tp2_b/lib/python3.10/site-packages/package_tp2_b/capteur1.py to capteur1.cpython-310.pyc
running install_data
creating /home/thomas/ros2_ws/install/package_tp2_b/share/ament_index
creating /home/thomas/ros2_ws/install/package_tp2_b/share/ament_index/resource_index
creating /home/thomas/ros2_ws/install/package_tp2_b/share/ament_index/resource_index/packages
copying resource/package_tp2_b -> /home/thomas/ros2_ws/install/package_tp2_b/share/ament_index/resource_index/packages
copying package.xml -> /home/thomas/ros2_ws/install/package_tp2_b/share/package_tp2_b
running install_egg_info
Copying ../../build/package_tp2_b/package_tp2_b.egg-info to /home/thomas/ros2_ws/install/package_tp2_b/lib/python3.10/site-packages/package_tp2_b-0.0.0-py3.10.egg-info
running install_scripts
Installing capteur1 script to /home/thomas/ros2_ws/install/package_tp2_b/lib/package_tp2_b
Installing capteur2 script to /home/thomas/ros2_ws/install/package_tp2_b/lib/package_tp2_b
Installing fusion script to /home/thomas/ros2_ws/install/package_tp2_b/lib/package_tp2_b
writing list of installed files to '/home/thomas/ros2_ws/build/package_tp2_b/install.log'
