[1.367s] Invoking command in '/home/thomas/ros2_ws/src/package_tp2_b': PYTHONPATH=/home/thomas/ros2_ws/build/package_tp2_b/prefix_override:/usr/lib/python3/dist-packages/colcon_core/task/python/colcon_distutils_commands:/home/thomas/ros2_ws/install/package_tp2_b/lib/python3.10/site-packages:${PYTHONPATH} /usr/bin/python3 -W ignore:setup.py install is deprecated setup.py egg_info --egg-base ../../build/package_tp2_b build --build-base /home/thomas/ros2_ws/build/package_tp2_b/build install --record /home/thomas/ros2_ws/build/package_tp2_b/install.log --single-version-externally-managed install_data
[1.777s] running egg_info
[1.778s] writing ../../build/package_tp2_b/package_tp2_b.egg-info/PKG-INFO
[1.795s] writing dependency_links to ../../build/package_tp2_b/package_tp2_b.egg-info/dependency_links.txt
[1.797s] writing entry points to ../../build/package_tp2_b/package_tp2_b.egg-info/entry_points.txt
[1.799s] writing requirements to ../../build/package_tp2_b/package_tp2_b.egg-info/requires.txt
[1.799s] writing top-level names to ../../build/package_tp2_b/package_tp2_b.egg-info/top_level.txt
[1.815s] reading manifest file '../../build/package_tp2_b/package_tp2_b.egg-info/SOURCES.txt'
[1.815s] writing manifest file '../../build/package_tp2_b/package_tp2_b.egg-info/SOURCES.txt'
[1.816s] running build
[1.816s] running build_py
[1.816s] copying package_tp2_b/fusion.py -> /home/thomas/ros2_ws/build/package_tp2_b/build/lib/package_tp2_b
[1.817s] running install
[1.818s] running install_lib
[1.819s] copying /home/thomas/ros2_ws/build/package_tp2_b/build/lib/package_tp2_b/fusion.py -> /home/thomas/ros2_ws/install/package_tp2_b/lib/python3.10/site-packages/package_tp2_b
[1.820s] byte-compiling /home/thomas/ros2_ws/install/package_tp2_b/lib/python3.10/site-packages/package_tp2_b/fusion.py to fusion.cpython-310.pyc
[1.825s] running install_data
[1.830s] running install_egg_info
[1.833s] removing '/home/thomas/ros2_ws/install/package_tp2_b/lib/python3.10/site-packages/package_tp2_b-0.0.0-py3.10.egg-info' (and everything under it)
[1.833s] Copying ../../build/package_tp2_b/package_tp2_b.egg-info to /home/thomas/ros2_ws/install/package_tp2_b/lib/python3.10/site-packages/package_tp2_b-0.0.0-py3.10.egg-info
[1.835s] running install_scripts
[1.863s] Installing capteur1 script to /home/thomas/ros2_ws/install/package_tp2_b/lib/package_tp2_b
[1.878s] Installing capteur2 script to /home/thomas/ros2_ws/install/package_tp2_b/lib/package_tp2_b
[1.879s] Installing fusion script to /home/thomas/ros2_ws/install/package_tp2_b/lib/package_tp2_b
[1.880s] writing list of installed files to '/home/thomas/ros2_ws/build/package_tp2_b/install.log'
[1.952s] Invoked command in '/home/thomas/ros2_ws/src/package_tp2_b' returned '0': PYTHONPATH=/home/thomas/ros2_ws/build/package_tp2_b/prefix_override:/usr/lib/python3/dist-packages/colcon_core/task/python/colcon_distutils_commands:/home/thomas/ros2_ws/install/package_tp2_b/lib/python3.10/site-packages:${PYTHONPATH} /usr/bin/python3 -W ignore:setup.py install is deprecated setup.py egg_info --egg-base ../../build/package_tp2_b build --build-base /home/thomas/ros2_ws/build/package_tp2_b/build install --record /home/thomas/ros2_ws/build/package_tp2_b/install.log --single-version-externally-managed install_data
