/home/thogms/ros2_ws/install/projet_pkg/lib/python3.10/site-packages/projet_pkg/controle_temperature.py
/home/thogms/ros2_ws/install/projet_pkg/lib/python3.10/site-packages/projet_pkg/publisher_temperature.py
/home/thogms/ros2_ws/install/projet_pkg/lib/python3.10/site-packages/projet_pkg/info_web.py
/home/thogms/ros2_ws/install/projet_pkg/lib/python3.10/site-packages/projet_pkg/publisher_time.py
/home/thogms/ros2_ws/install/projet_pkg/lib/python3.10/site-packages/projet_pkg/controle_presenceInt.py
/home/thogms/ros2_ws/install/projet_pkg/lib/python3.10/site-packages/projet_pkg/controle_luminosity.py
/home/thogms/ros2_ws/install/projet_pkg/lib/python3.10/site-packages/projet_pkg/client_bp.py
/home/thogms/ros2_ws/install/projet_pkg/lib/python3.10/site-packages/projet_pkg/__init__.py
/home/thogms/ros2_ws/install/projet_pkg/lib/python3.10/site-packages/projet_pkg/publisher_luminosity.py
/home/thogms/ros2_ws/install/projet_pkg/lib/python3.10/site-packages/projet_pkg/controle_volet.py
/home/thogms/ros2_ws/install/projet_pkg/lib/python3.10/site-packages/projet_pkg/publisher_presenceOut.py
/home/thogms/ros2_ws/install/projet_pkg/lib/python3.10/site-packages/projet_pkg/service_bp.py
/home/thogms/ros2_ws/install/projet_pkg/lib/python3.10/site-packages/projet_pkg/controle_presenceOut.py
/home/thogms/ros2_ws/install/projet_pkg/lib/python3.10/site-packages/projet_pkg/publisher_presenceInt.py
/home/thogms/ros2_ws/install/projet_pkg/lib/python3.10/site-packages/projet_pkg/__pycache__/controle_temperature.cpython-310.pyc
/home/thogms/ros2_ws/install/projet_pkg/lib/python3.10/site-packages/projet_pkg/__pycache__/publisher_temperature.cpython-310.pyc
/home/thogms/ros2_ws/install/projet_pkg/lib/python3.10/site-packages/projet_pkg/__pycache__/info_web.cpython-310.pyc
/home/thogms/ros2_ws/install/projet_pkg/lib/python3.10/site-packages/projet_pkg/__pycache__/publisher_time.cpython-310.pyc
/home/thogms/ros2_ws/install/projet_pkg/lib/python3.10/site-packages/projet_pkg/__pycache__/controle_presenceInt.cpython-310.pyc
/home/thogms/ros2_ws/install/projet_pkg/lib/python3.10/site-packages/projet_pkg/__pycache__/controle_luminosity.cpython-310.pyc
/home/thogms/ros2_ws/install/projet_pkg/lib/python3.10/site-packages/projet_pkg/__pycache__/client_bp.cpython-310.pyc
/home/thogms/ros2_ws/install/projet_pkg/lib/python3.10/site-packages/projet_pkg/__pycache__/__init__.cpython-310.pyc
/home/thogms/ros2_ws/install/projet_pkg/lib/python3.10/site-packages/projet_pkg/__pycache__/publisher_luminosity.cpython-310.pyc
/home/thogms/ros2_ws/install/projet_pkg/lib/python3.10/site-packages/projet_pkg/__pycache__/controle_volet.cpython-310.pyc
/home/thogms/ros2_ws/install/projet_pkg/lib/python3.10/site-packages/projet_pkg/__pycache__/publisher_presenceOut.cpython-310.pyc
/home/thogms/ros2_ws/install/projet_pkg/lib/python3.10/site-packages/projet_pkg/__pycache__/service_bp.cpython-310.pyc
/home/thogms/ros2_ws/install/projet_pkg/lib/python3.10/site-packages/projet_pkg/__pycache__/controle_presenceOut.cpython-310.pyc
/home/thogms/ros2_ws/install/projet_pkg/lib/python3.10/site-packages/projet_pkg/__pycache__/publisher_presenceInt.cpython-310.pyc
/home/thogms/ros2_ws/install/projet_pkg/share/ament_index/resource_index/packages/projet_pkg
/home/thogms/ros2_ws/install/projet_pkg/share/projet_pkg/package.xml
/home/thogms/ros2_ws/install/projet_pkg/lib/python3.10/site-packages/projet_pkg-0.0.0-py3.10.egg-info/dependency_links.txt:Zone.Identifier
/home/thogms/ros2_ws/install/projet_pkg/lib/python3.10/site-packages/projet_pkg-0.0.0-py3.10.egg-info/top_level.txt
/home/thogms/ros2_ws/install/projet_pkg/lib/python3.10/site-packages/projet_pkg-0.0.0-py3.10.egg-info/PKG-INFO
/home/thogms/ros2_ws/install/projet_pkg/lib/python3.10/site-packages/projet_pkg-0.0.0-py3.10.egg-info/requires.txt:Zone.Identifier
/home/thogms/ros2_ws/install/projet_pkg/lib/python3.10/site-packages/projet_pkg-0.0.0-py3.10.egg-info/zip-safe
/home/thogms/ros2_ws/install/projet_pkg/lib/python3.10/site-packages/projet_pkg-0.0.0-py3.10.egg-info/dependency_links.txt
/home/thogms/ros2_ws/install/projet_pkg/lib/python3.10/site-packages/projet_pkg-0.0.0-py3.10.egg-info/entry_points.txt
/home/thogms/ros2_ws/install/projet_pkg/lib/python3.10/site-packages/projet_pkg-0.0.0-py3.10.egg-info/zip-safe:Zone.Identifier
/home/thogms/ros2_ws/install/projet_pkg/lib/python3.10/site-packages/projet_pkg-0.0.0-py3.10.egg-info/SOURCES.txt:Zone.Identifier
/home/thogms/ros2_ws/install/projet_pkg/lib/python3.10/site-packages/projet_pkg-0.0.0-py3.10.egg-info/requires.txt
/home/thogms/ros2_ws/install/projet_pkg/lib/python3.10/site-packages/projet_pkg-0.0.0-py3.10.egg-info/SOURCES.txt
/home/thogms/ros2_ws/install/projet_pkg/lib/python3.10/site-packages/projet_pkg-0.0.0-py3.10.egg-info/entry_points.txt:Zone.Identifier
/home/thogms/ros2_ws/install/projet_pkg/lib/python3.10/site-packages/projet_pkg-0.0.0-py3.10.egg-info/PKG-INFO:Zone.Identifier
/home/thogms/ros2_ws/install/projet_pkg/lib/python3.10/site-packages/projet_pkg-0.0.0-py3.10.egg-info/top_level.txt:Zone.Identifier
/home/thogms/ros2_ws/install/projet_pkg/lib/projet_pkg/client_bp
/home/thogms/ros2_ws/install/projet_pkg/lib/projet_pkg/controle_luminosity
/home/thogms/ros2_ws/install/projet_pkg/lib/projet_pkg/controle_presenceInt
/home/thogms/ros2_ws/install/projet_pkg/lib/projet_pkg/controle_presenceOut
/home/thogms/ros2_ws/install/projet_pkg/lib/projet_pkg/controle_temperature
/home/thogms/ros2_ws/install/projet_pkg/lib/projet_pkg/controle_time
/home/thogms/ros2_ws/install/projet_pkg/lib/projet_pkg/info_web
/home/thogms/ros2_ws/install/projet_pkg/lib/projet_pkg/publisher_luminosity
/home/thogms/ros2_ws/install/projet_pkg/lib/projet_pkg/publisher_presenceInt
/home/thogms/ros2_ws/install/projet_pkg/lib/projet_pkg/publisher_presenceOut
/home/thogms/ros2_ws/install/projet_pkg/lib/projet_pkg/publisher_temperature
/home/thogms/ros2_ws/install/projet_pkg/lib/projet_pkg/publisher_time
/home/thogms/ros2_ws/install/projet_pkg/lib/projet_pkg/service_bp
