running egg_info
writing ../../build/pkg_projet/pkg_projet.egg-info/PKG-INFO
writing dependency_links to ../../build/pkg_projet/pkg_projet.egg-info/dependency_links.txt
writing entry points to ../../build/pkg_projet/pkg_projet.egg-info/entry_points.txt
writing requirements to ../../build/pkg_projet/pkg_projet.egg-info/requires.txt
writing top-level names to ../../build/pkg_projet/pkg_projet.egg-info/top_level.txt
reading manifest file '../../build/pkg_projet/pkg_projet.egg-info/SOURCES.txt'
writing manifest file '../../build/pkg_projet/pkg_projet.egg-info/SOURCES.txt'
running build
running build_py
running install
running install_lib
running install_data
running install_egg_info
removing '/home/thomas/ros2_ws/install/pkg_projet/lib/python3.10/site-packages/pkg_projet-0.0.0-py3.10.egg-info' (and everything under it)
Copying ../../build/pkg_projet/pkg_projet.egg-info to /home/thomas/ros2_ws/install/pkg_projet/lib/python3.10/site-packages/pkg_projet-0.0.0-py3.10.egg-info
running install_scripts
Installing alarm_client script to /home/thomas/ros2_ws/install/pkg_projet/lib/pkg_projet
Installing alarm_service script to /home/thomas/ros2_ws/install/pkg_projet/lib/pkg_projet
writing list of installed files to '/home/thomas/ros2_ws/build/pkg_projet/install.log'
