[3.202s] Invoking command in '/home/thomas/ros2_ws/src/pkg_projet': PYTHONPATH=/home/thomas/ros2_ws/build/pkg_projet/prefix_override:/usr/lib/python3/dist-packages/colcon_core/task/python/colcon_distutils_commands:/home/thomas/ros2_ws/install/pkg_projet/lib/python3.10/site-packages:${PYTHONPATH} /usr/bin/python3 -W ignore:setup.py install is deprecated setup.py egg_info --egg-base ../../build/pkg_projet build --build-base /home/thomas/ros2_ws/build/pkg_projet/build install --record /home/thomas/ros2_ws/build/pkg_projet/install.log --single-version-externally-managed install_data
[4.006s] running egg_info
[4.006s] writing ../../build/pkg_projet/pkg_projet.egg-info/PKG-INFO
[4.007s] writing dependency_links to ../../build/pkg_projet/pkg_projet.egg-info/dependency_links.txt
[4.026s] writing entry points to ../../build/pkg_projet/pkg_projet.egg-info/entry_points.txt
[4.027s] writing requirements to ../../build/pkg_projet/pkg_projet.egg-info/requires.txt
[4.029s] writing top-level names to ../../build/pkg_projet/pkg_projet.egg-info/top_level.txt
[4.033s] reading manifest file '../../build/pkg_projet/pkg_projet.egg-info/SOURCES.txt'
[4.038s] writing manifest file '../../build/pkg_projet/pkg_projet.egg-info/SOURCES.txt'
[4.044s] running build
[4.044s] running build_py
[4.045s] running install
[4.046s] running install_lib
[4.048s] running install_data
[4.048s] running install_egg_info
[4.051s] removing '/home/thomas/ros2_ws/install/pkg_projet/lib/python3.10/site-packages/pkg_projet-0.0.0-py3.10.egg-info' (and everything under it)
[4.058s] Copying ../../build/pkg_projet/pkg_projet.egg-info to /home/thomas/ros2_ws/install/pkg_projet/lib/python3.10/site-packages/pkg_projet-0.0.0-py3.10.egg-info
[4.064s] running install_scripts
[4.124s] Installing alarm_client script to /home/thomas/ros2_ws/install/pkg_projet/lib/pkg_projet
[4.128s] Installing alarm_service script to /home/thomas/ros2_ws/install/pkg_projet/lib/pkg_projet
[4.132s] writing list of installed files to '/home/thomas/ros2_ws/build/pkg_projet/install.log'
[4.221s] Invoked command in '/home/thomas/ros2_ws/src/pkg_projet' returned '0': PYTHONPATH=/home/thomas/ros2_ws/build/pkg_projet/prefix_override:/usr/lib/python3/dist-packages/colcon_core/task/python/colcon_distutils_commands:/home/thomas/ros2_ws/install/pkg_projet/lib/python3.10/site-packages:${PYTHONPATH} /usr/bin/python3 -W ignore:setup.py install is deprecated setup.py egg_info --egg-base ../../build/pkg_projet build --build-base /home/thomas/ros2_ws/build/pkg_projet/build install --record /home/thomas/ros2_ws/build/pkg_projet/install.log --single-version-externally-managed install_data
