[1.062s] DEBUG:colcon:Command line arguments: ['/usr/bin/colcon', 'build', '--packages-select', 'pkg_projet']
[1.062s] DEBUG:colcon:Parsed command line arguments: Namespace(log_base=None, log_level=None, verb_name='build', build_base='build', install_base='install', merge_install=False, symlink_install=False, test_result_base=None, continue_on_error=False, executor='parallel', parallel_workers=1, event_handlers=None, ignore_user_meta=False, metas=['./colcon.meta'], base_paths=['.'], packages_ignore=None, packages_ignore_regex=None, paths=None, packages_up_to=None, packages_up_to_regex=None, packages_above=None, packages_above_and_dependencies=None, packages_above_depth=None, packages_select_by_dep=None, packages_skip_by_dep=None, packages_skip_up_to=None, packages_select_build_failed=False, packages_skip_build_finished=False, packages_select_test_failures=False, packages_skip_test_passed=False, packages_select=['pkg_projet'], packages_skip=None, packages_select_regex=None, packages_skip_regex=None, packages_start=None, packages_end=None, allow_overriding=[], cmake_args=None, cmake_target=None, cmake_target_skip_unavailable=False, cmake_clean_cache=False, cmake_clean_first=False, cmake_force_configure=False, ament_cmake_args=None, catkin_cmake_args=None, catkin_skip_building_tests=False, verb_parser=<colcon_defaults.argument_parser.defaults.DefaultArgumentsDecorator object at 0x71d932a0ff70>, verb_extension=<colcon_core.verb.build.BuildVerb object at 0x71d932b50bb0>, main=<bound method BuildVerb.main of <colcon_core.verb.build.BuildVerb object at 0x71d932b50bb0>>)
[2.378s] Level 1:colcon.colcon_core.package_discovery:discover_packages(colcon_meta) check parameters
[2.378s] Level 1:colcon.colcon_core.package_discovery:discover_packages(recursive) check parameters
[2.378s] Level 1:colcon.colcon_core.package_discovery:discover_packages(ignore) check parameters
[2.378s] Level 1:colcon.colcon_core.package_discovery:discover_packages(path) check parameters
[2.379s] Level 1:colcon.colcon_core.package_discovery:discover_packages(colcon_meta) discover
[2.379s] Level 1:colcon.colcon_core.package_discovery:discover_packages(recursive) discover
[2.379s] INFO:colcon.colcon_core.package_discovery:Crawling recursively for packages in '/home/thomas/ros2_ws'
[2.379s] Level 1:colcon.colcon_core.package_identification:_identify(.) by extensions ['ignore', 'ignore_ament_install']
[2.379s] Level 1:colcon.colcon_core.package_identification:_identify(.) by extension 'ignore'
[2.380s] Level 1:colcon.colcon_core.package_identification:_identify(.) by extension 'ignore_ament_install'
[2.380s] Level 1:colcon.colcon_core.package_identification:_identify(.) by extensions ['colcon_pkg']
[2.380s] Level 1:colcon.colcon_core.package_identification:_identify(.) by extension 'colcon_pkg'
[2.380s] Level 1:colcon.colcon_core.package_identification:_identify(.) by extensions ['colcon_meta']
[2.380s] Level 1:colcon.colcon_core.package_identification:_identify(.) by extension 'colcon_meta'
[2.380s] Level 1:colcon.colcon_core.package_identification:_identify(.) by extensions ['ros']
[2.380s] Level 1:colcon.colcon_core.package_identification:_identify(.) by extension 'ros'
[2.408s] Level 1:colcon.colcon_core.package_identification:_identify(.) by extensions ['cmake', 'python']
[2.409s] Level 1:colcon.colcon_core.package_identification:_identify(.) by extension 'cmake'
[2.409s] Level 1:colcon.colcon_core.package_identification:_identify(.) by extension 'python'
[2.409s] Level 1:colcon.colcon_core.package_identification:_identify(.) by extensions ['python_setup_py']
[2.409s] Level 1:colcon.colcon_core.package_identification:_identify(.) by extension 'python_setup_py'
[2.409s] Level 1:colcon.colcon_core.package_identification:_identify(build) by extensions ['ignore', 'ignore_ament_install']
[2.409s] Level 1:colcon.colcon_core.package_identification:_identify(build) by extension 'ignore'
[2.409s] Level 1:colcon.colcon_core.package_identification:_identify(build) ignored
[2.409s] Level 1:colcon.colcon_core.package_identification:_identify(install) by extensions ['ignore', 'ignore_ament_install']
[2.410s] Level 1:colcon.colcon_core.package_identification:_identify(install) by extension 'ignore'
[2.410s] Level 1:colcon.colcon_core.package_identification:_identify(install) ignored
[2.410s] Level 1:colcon.colcon_core.package_identification:_identify(log) by extensions ['ignore', 'ignore_ament_install']
[2.410s] Level 1:colcon.colcon_core.package_identification:_identify(log) by extension 'ignore'
[2.410s] Level 1:colcon.colcon_core.package_identification:_identify(log) ignored
[2.413s] Level 1:colcon.colcon_core.package_identification:_identify(rosbag2_2024_12_03-11_08_20) by extensions ['ignore', 'ignore_ament_install']
[2.413s] Level 1:colcon.colcon_core.package_identification:_identify(rosbag2_2024_12_03-11_08_20) by extension 'ignore'
[2.413s] Level 1:colcon.colcon_core.package_identification:_identify(rosbag2_2024_12_03-11_08_20) by extension 'ignore_ament_install'
[2.413s] Level 1:colcon.colcon_core.package_identification:_identify(rosbag2_2024_12_03-11_08_20) by extensions ['colcon_pkg']
[2.413s] Level 1:colcon.colcon_core.package_identification:_identify(rosbag2_2024_12_03-11_08_20) by extension 'colcon_pkg'
[2.413s] Level 1:colcon.colcon_core.package_identification:_identify(rosbag2_2024_12_03-11_08_20) by extensions ['colcon_meta']
[2.413s] Level 1:colcon.colcon_core.package_identification:_identify(rosbag2_2024_12_03-11_08_20) by extension 'colcon_meta'
[2.414s] Level 1:colcon.colcon_core.package_identification:_identify(rosbag2_2024_12_03-11_08_20) by extensions ['ros']
[2.414s] Level 1:colcon.colcon_core.package_identification:_identify(rosbag2_2024_12_03-11_08_20) by extension 'ros'
[2.414s] Level 1:colcon.colcon_core.package_identification:_identify(rosbag2_2024_12_03-11_08_20) by extensions ['cmake', 'python']
[2.414s] Level 1:colcon.colcon_core.package_identification:_identify(rosbag2_2024_12_03-11_08_20) by extension 'cmake'
[2.414s] Level 1:colcon.colcon_core.package_identification:_identify(rosbag2_2024_12_03-11_08_20) by extension 'python'
[2.414s] Level 1:colcon.colcon_core.package_identification:_identify(rosbag2_2024_12_03-11_08_20) by extensions ['python_setup_py']
[2.414s] Level 1:colcon.colcon_core.package_identification:_identify(rosbag2_2024_12_03-11_08_20) by extension 'python_setup_py'
[2.414s] Level 1:colcon.colcon_core.package_identification:_identify(src) by extensions ['ignore', 'ignore_ament_install']
[2.414s] Level 1:colcon.colcon_core.package_identification:_identify(src) by extension 'ignore'
[2.414s] Level 1:colcon.colcon_core.package_identification:_identify(src) by extension 'ignore_ament_install'
[2.414s] Level 1:colcon.colcon_core.package_identification:_identify(src) by extensions ['colcon_pkg']
[2.414s] Level 1:colcon.colcon_core.package_identification:_identify(src) by extension 'colcon_pkg'
[2.415s] Level 1:colcon.colcon_core.package_identification:_identify(src) by extensions ['colcon_meta']
[2.415s] Level 1:colcon.colcon_core.package_identification:_identify(src) by extension 'colcon_meta'
[2.415s] Level 1:colcon.colcon_core.package_identification:_identify(src) by extensions ['ros']
[2.415s] Level 1:colcon.colcon_core.package_identification:_identify(src) by extension 'ros'
[2.415s] Level 1:colcon.colcon_core.package_identification:_identify(src) by extensions ['cmake', 'python']
[2.415s] Level 1:colcon.colcon_core.package_identification:_identify(src) by extension 'cmake'
[2.415s] Level 1:colcon.colcon_core.package_identification:_identify(src) by extension 'python'
[2.415s] Level 1:colcon.colcon_core.package_identification:_identify(src) by extensions ['python_setup_py']
[2.415s] Level 1:colcon.colcon_core.package_identification:_identify(src) by extension 'python_setup_py'
[2.415s] Level 1:colcon.colcon_core.package_identification:_identify(src/Projet_maison) by extensions ['ignore', 'ignore_ament_install']
[2.415s] Level 1:colcon.colcon_core.package_identification:_identify(src/Projet_maison) by extension 'ignore'
[2.415s] Level 1:colcon.colcon_core.package_identification:_identify(src/Projet_maison) by extension 'ignore_ament_install'
[2.415s] Level 1:colcon.colcon_core.package_identification:_identify(src/Projet_maison) by extensions ['colcon_pkg']
[2.415s] Level 1:colcon.colcon_core.package_identification:_identify(src/Projet_maison) by extension 'colcon_pkg'
[2.416s] Level 1:colcon.colcon_core.package_identification:_identify(src/Projet_maison) by extensions ['colcon_meta']
[2.416s] Level 1:colcon.colcon_core.package_identification:_identify(src/Projet_maison) by extension 'colcon_meta'
[2.416s] Level 1:colcon.colcon_core.package_identification:_identify(src/Projet_maison) by extensions ['ros']
[2.416s] Level 1:colcon.colcon_core.package_identification:_identify(src/Projet_maison) by extension 'ros'
[2.416s] Level 1:colcon.colcon_core.package_identification:_identify(src/Projet_maison) by extensions ['cmake', 'python']
[2.416s] Level 1:colcon.colcon_core.package_identification:_identify(src/Projet_maison) by extension 'cmake'
[2.416s] Level 1:colcon.colcon_core.package_identification:_identify(src/Projet_maison) by extension 'python'
[2.416s] Level 1:colcon.colcon_core.package_identification:_identify(src/Projet_maison) by extensions ['python_setup_py']
[2.416s] Level 1:colcon.colcon_core.package_identification:_identify(src/Projet_maison) by extension 'python_setup_py'
[2.416s] Level 1:colcon.colcon_core.package_identification:_identify(src/Projet_maison/controle) by extensions ['ignore', 'ignore_ament_install']
[2.416s] Level 1:colcon.colcon_core.package_identification:_identify(src/Projet_maison/controle) by extension 'ignore'
[2.417s] Level 1:colcon.colcon_core.package_identification:_identify(src/Projet_maison/controle) by extension 'ignore_ament_install'
[2.417s] Level 1:colcon.colcon_core.package_identification:_identify(src/Projet_maison/controle) by extensions ['colcon_pkg']
[2.417s] Level 1:colcon.colcon_core.package_identification:_identify(src/Projet_maison/controle) by extension 'colcon_pkg'
[2.417s] Level 1:colcon.colcon_core.package_identification:_identify(src/Projet_maison/controle) by extensions ['colcon_meta']
[2.418s] Level 1:colcon.colcon_core.package_identification:_identify(src/Projet_maison/controle) by extension 'colcon_meta'
[2.418s] Level 1:colcon.colcon_core.package_identification:_identify(src/Projet_maison/controle) by extensions ['ros']
[2.418s] Level 1:colcon.colcon_core.package_identification:_identify(src/Projet_maison/controle) by extension 'ros'
[2.418s] Level 1:colcon.colcon_core.package_identification:_identify(src/Projet_maison/controle) by extensions ['cmake', 'python']
[2.418s] Level 1:colcon.colcon_core.package_identification:_identify(src/Projet_maison/controle) by extension 'cmake'
[2.418s] Level 1:colcon.colcon_core.package_identification:_identify(src/Projet_maison/controle) by extension 'python'
[2.418s] Level 1:colcon.colcon_core.package_identification:_identify(src/Projet_maison/controle) by extensions ['python_setup_py']
[2.418s] Level 1:colcon.colcon_core.package_identification:_identify(src/Projet_maison/controle) by extension 'python_setup_py'
[2.418s] Level 1:colcon.colcon_core.package_identification:_identify(src/Projet_maison/known_faces) by extensions ['ignore', 'ignore_ament_install']
[2.419s] Level 1:colcon.colcon_core.package_identification:_identify(src/Projet_maison/known_faces) by extension 'ignore'
[2.419s] Level 1:colcon.colcon_core.package_identification:_identify(src/Projet_maison/known_faces) by extension 'ignore_ament_install'
[2.419s] Level 1:colcon.colcon_core.package_identification:_identify(src/Projet_maison/known_faces) by extensions ['colcon_pkg']
[2.419s] Level 1:colcon.colcon_core.package_identification:_identify(src/Projet_maison/known_faces) by extension 'colcon_pkg'
[2.419s] Level 1:colcon.colcon_core.package_identification:_identify(src/Projet_maison/known_faces) by extensions ['colcon_meta']
[2.419s] Level 1:colcon.colcon_core.package_identification:_identify(src/Projet_maison/known_faces) by extension 'colcon_meta'
[2.419s] Level 1:colcon.colcon_core.package_identification:_identify(src/Projet_maison/known_faces) by extensions ['ros']
[2.419s] Level 1:colcon.colcon_core.package_identification:_identify(src/Projet_maison/known_faces) by extension 'ros'
[2.419s] Level 1:colcon.colcon_core.package_identification:_identify(src/Projet_maison/known_faces) by extensions ['cmake', 'python']
[2.419s] Level 1:colcon.colcon_core.package_identification:_identify(src/Projet_maison/known_faces) by extension 'cmake'
[2.419s] Level 1:colcon.colcon_core.package_identification:_identify(src/Projet_maison/known_faces) by extension 'python'
[2.419s] Level 1:colcon.colcon_core.package_identification:_identify(src/Projet_maison/known_faces) by extensions ['python_setup_py']
[2.419s] Level 1:colcon.colcon_core.package_identification:_identify(src/Projet_maison/known_faces) by extension 'python_setup_py'
[2.420s] Level 1:colcon.colcon_core.package_identification:_identify(src/Projet_maison/publisher) by extensions ['ignore', 'ignore_ament_install']
[2.420s] Level 1:colcon.colcon_core.package_identification:_identify(src/Projet_maison/publisher) by extension 'ignore'
[2.420s] Level 1:colcon.colcon_core.package_identification:_identify(src/Projet_maison/publisher) by extension 'ignore_ament_install'
[2.420s] Level 1:colcon.colcon_core.package_identification:_identify(src/Projet_maison/publisher) by extensions ['colcon_pkg']
[2.420s] Level 1:colcon.colcon_core.package_identification:_identify(src/Projet_maison/publisher) by extension 'colcon_pkg'
[2.420s] Level 1:colcon.colcon_core.package_identification:_identify(src/Projet_maison/publisher) by extensions ['colcon_meta']
[2.420s] Level 1:colcon.colcon_core.package_identification:_identify(src/Projet_maison/publisher) by extension 'colcon_meta'
[2.420s] Level 1:colcon.colcon_core.package_identification:_identify(src/Projet_maison/publisher) by extensions ['ros']
[2.420s] Level 1:colcon.colcon_core.package_identification:_identify(src/Projet_maison/publisher) by extension 'ros'
[2.420s] Level 1:colcon.colcon_core.package_identification:_identify(src/Projet_maison/publisher) by extensions ['cmake', 'python']
[2.420s] Level 1:colcon.colcon_core.package_identification:_identify(src/Projet_maison/publisher) by extension 'cmake'
[2.421s] Level 1:colcon.colcon_core.package_identification:_identify(src/Projet_maison/publisher) by extension 'python'
[2.421s] Level 1:colcon.colcon_core.package_identification:_identify(src/Projet_maison/publisher) by extensions ['python_setup_py']
[2.427s] Level 1:colcon.colcon_core.package_identification:_identify(src/Projet_maison/publisher) by extension 'python_setup_py'
[2.427s] Level 1:colcon.colcon_core.package_identification:_identify(src/my_python_pkg) by extensions ['ignore', 'ignore_ament_install']
[2.427s] Level 1:colcon.colcon_core.package_identification:_identify(src/my_python_pkg) by extension 'ignore'
[2.427s] Level 1:colcon.colcon_core.package_identification:_identify(src/my_python_pkg) by extension 'ignore_ament_install'
[2.427s] Level 1:colcon.colcon_core.package_identification:_identify(src/my_python_pkg) by extensions ['colcon_pkg']
[2.427s] Level 1:colcon.colcon_core.package_identification:_identify(src/my_python_pkg) by extension 'colcon_pkg'
[2.427s] Level 1:colcon.colcon_core.package_identification:_identify(src/my_python_pkg) by extensions ['colcon_meta']
[2.428s] Level 1:colcon.colcon_core.package_identification:_identify(src/my_python_pkg) by extension 'colcon_meta'
[2.428s] Level 1:colcon.colcon_core.package_identification:_identify(src/my_python_pkg) by extensions ['ros']
[2.428s] Level 1:colcon.colcon_core.package_identification:_identify(src/my_python_pkg) by extension 'ros'
[2.438s] DEBUG:colcon.colcon_core.package_identification:Package 'src/my_python_pkg' with type 'ros.ament_python' and name 'my_python_pkg'
[2.438s] Level 1:colcon.colcon_core.package_identification:_identify(src/package_tp2) by extensions ['ignore', 'ignore_ament_install']
[2.438s] Level 1:colcon.colcon_core.package_identification:_identify(src/package_tp2) by extension 'ignore'
[2.438s] Level 1:colcon.colcon_core.package_identification:_identify(src/package_tp2) by extension 'ignore_ament_install'
[2.438s] Level 1:colcon.colcon_core.package_identification:_identify(src/package_tp2) by extensions ['colcon_pkg']
[2.439s] Level 1:colcon.colcon_core.package_identification:_identify(src/package_tp2) by extension 'colcon_pkg'
[2.439s] Level 1:colcon.colcon_core.package_identification:_identify(src/package_tp2) by extensions ['colcon_meta']
[2.439s] Level 1:colcon.colcon_core.package_identification:_identify(src/package_tp2) by extension 'colcon_meta'
[2.439s] Level 1:colcon.colcon_core.package_identification:_identify(src/package_tp2) by extensions ['ros']
[2.439s] Level 1:colcon.colcon_core.package_identification:_identify(src/package_tp2) by extension 'ros'
[2.444s] DEBUG:colcon.colcon_core.package_identification:Package 'src/package_tp2' with type 'ros.ament_python' and name 'package_tp2'
[2.445s] Level 1:colcon.colcon_core.package_identification:_identify(src/package_tp2_b) by extensions ['ignore', 'ignore_ament_install']
[2.445s] Level 1:colcon.colcon_core.package_identification:_identify(src/package_tp2_b) by extension 'ignore'
[2.445s] Level 1:colcon.colcon_core.package_identification:_identify(src/package_tp2_b) by extension 'ignore_ament_install'
[2.445s] Level 1:colcon.colcon_core.package_identification:_identify(src/package_tp2_b) by extensions ['colcon_pkg']
[2.445s] Level 1:colcon.colcon_core.package_identification:_identify(src/package_tp2_b) by extension 'colcon_pkg'
[2.445s] Level 1:colcon.colcon_core.package_identification:_identify(src/package_tp2_b) by extensions ['colcon_meta']
[2.445s] Level 1:colcon.colcon_core.package_identification:_identify(src/package_tp2_b) by extension 'colcon_meta'
[2.445s] Level 1:colcon.colcon_core.package_identification:_identify(src/package_tp2_b) by extensions ['ros']
[2.445s] Level 1:colcon.colcon_core.package_identification:_identify(src/package_tp2_b) by extension 'ros'
[2.449s] DEBUG:colcon.colcon_core.package_identification:Package 'src/package_tp2_b' with type 'ros.ament_python' and name 'package_tp2_b'
[2.450s] Level 1:colcon.colcon_core.package_identification:_identify(src/pkg_projet) by extensions ['ignore', 'ignore_ament_install']
[2.450s] Level 1:colcon.colcon_core.package_identification:_identify(src/pkg_projet) by extension 'ignore'
[2.450s] Level 1:colcon.colcon_core.package_identification:_identify(src/pkg_projet) by extension 'ignore_ament_install'
[2.450s] Level 1:colcon.colcon_core.package_identification:_identify(src/pkg_projet) by extensions ['colcon_pkg']
[2.450s] Level 1:colcon.colcon_core.package_identification:_identify(src/pkg_projet) by extension 'colcon_pkg'
[2.450s] Level 1:colcon.colcon_core.package_identification:_identify(src/pkg_projet) by extensions ['colcon_meta']
[2.450s] Level 1:colcon.colcon_core.package_identification:_identify(src/pkg_projet) by extension 'colcon_meta'
[2.450s] Level 1:colcon.colcon_core.package_identification:_identify(src/pkg_projet) by extensions ['ros']
[2.450s] Level 1:colcon.colcon_core.package_identification:_identify(src/pkg_projet) by extension 'ros'
[2.452s] DEBUG:colcon.colcon_core.package_identification:Package 'src/pkg_projet' with type 'ros.ament_python' and name 'pkg_projet'
[2.454s] Level 1:colcon.colcon_core.package_identification:_identify(src/tp2) by extensions ['ignore', 'ignore_ament_install']
[2.454s] Level 1:colcon.colcon_core.package_identification:_identify(src/tp2) by extension 'ignore'
[2.454s] Level 1:colcon.colcon_core.package_identification:_identify(src/tp2) by extension 'ignore_ament_install'
[2.454s] Level 1:colcon.colcon_core.package_identification:_identify(src/tp2) by extensions ['colcon_pkg']
[2.454s] Level 1:colcon.colcon_core.package_identification:_identify(src/tp2) by extension 'colcon_pkg'
[2.454s] Level 1:colcon.colcon_core.package_identification:_identify(src/tp2) by extensions ['colcon_meta']
[2.455s] Level 1:colcon.colcon_core.package_identification:_identify(src/tp2) by extension 'colcon_meta'
[2.455s] Level 1:colcon.colcon_core.package_identification:_identify(src/tp2) by extensions ['ros']
[2.455s] Level 1:colcon.colcon_core.package_identification:_identify(src/tp2) by extension 'ros'
[2.455s] Level 1:colcon.colcon_core.package_identification:_identify(src/tp2) by extensions ['cmake', 'python']
[2.455s] Level 1:colcon.colcon_core.package_identification:_identify(src/tp2) by extension 'cmake'
[2.455s] Level 1:colcon.colcon_core.package_identification:_identify(src/tp2) by extension 'python'
[2.455s] Level 1:colcon.colcon_core.package_identification:_identify(src/tp2) by extensions ['python_setup_py']
[2.455s] Level 1:colcon.colcon_core.package_identification:_identify(src/tp2) by extension 'python_setup_py'
[2.455s] Level 1:colcon.colcon_core.package_identification:_identify(src/tp4) by extensions ['ignore', 'ignore_ament_install']
[2.455s] Level 1:colcon.colcon_core.package_identification:_identify(src/tp4) by extension 'ignore'
[2.456s] Level 1:colcon.colcon_core.package_identification:_identify(src/tp4) by extension 'ignore_ament_install'
[2.456s] Level 1:colcon.colcon_core.package_identification:_identify(src/tp4) by extensions ['colcon_pkg']
[2.456s] Level 1:colcon.colcon_core.package_identification:_identify(src/tp4) by extension 'colcon_pkg'
[2.456s] Level 1:colcon.colcon_core.package_identification:_identify(src/tp4) by extensions ['colcon_meta']
[2.456s] Level 1:colcon.colcon_core.package_identification:_identify(src/tp4) by extension 'colcon_meta'
[2.456s] Level 1:colcon.colcon_core.package_identification:_identify(src/tp4) by extensions ['ros']
[2.456s] Level 1:colcon.colcon_core.package_identification:_identify(src/tp4) by extension 'ros'
[2.456s] Level 1:colcon.colcon_core.package_identification:_identify(src/tp4) by extensions ['cmake', 'python']
[2.456s] Level 1:colcon.colcon_core.package_identification:_identify(src/tp4) by extension 'cmake'
[2.456s] Level 1:colcon.colcon_core.package_identification:_identify(src/tp4) by extension 'python'
[2.456s] Level 1:colcon.colcon_core.package_identification:_identify(src/tp4) by extensions ['python_setup_py']
[2.456s] Level 1:colcon.colcon_core.package_identification:_identify(src/tp4) by extension 'python_setup_py'
[2.456s] Level 1:colcon.colcon_core.package_discovery:discover_packages(recursive) using defaults
[2.456s] Level 1:colcon.colcon_core.package_discovery:discover_packages(ignore) discover
[2.456s] Level 1:colcon.colcon_core.package_discovery:discover_packages(ignore) using defaults
[2.456s] Level 1:colcon.colcon_core.package_discovery:discover_packages(path) discover
[2.456s] Level 1:colcon.colcon_core.package_discovery:discover_packages(path) using defaults
[2.611s] INFO:colcon.colcon_core.package_selection:Skipping not selected package 'my_python_pkg' in 'src/my_python_pkg'
[2.611s] INFO:colcon.colcon_core.package_selection:Skipping not selected package 'package_tp2' in 'src/package_tp2'
[2.611s] INFO:colcon.colcon_core.package_selection:Skipping not selected package 'package_tp2_b' in 'src/package_tp2_b'
[2.613s] Level 1:colcon.colcon_core.package_discovery:discover_packages(prefix_path) check parameters
[2.613s] Level 1:colcon.colcon_core.package_discovery:discover_packages(prefix_path) discover
[2.635s] DEBUG:colcon.colcon_installed_package_information.package_discovery:Found 270 installed packages in /opt/ros/humble
[2.637s] Level 1:colcon.colcon_core.package_discovery:discover_packages(prefix_path) using defaults
[2.874s] Level 5:colcon.colcon_core.verb:set package 'pkg_projet' build argument 'cmake_args' from command line to 'None'
[2.875s] Level 5:colcon.colcon_core.verb:set package 'pkg_projet' build argument 'cmake_target' from command line to 'None'
[2.875s] Level 5:colcon.colcon_core.verb:set package 'pkg_projet' build argument 'cmake_target_skip_unavailable' from command line to 'False'
[2.875s] Level 5:colcon.colcon_core.verb:set package 'pkg_projet' build argument 'cmake_clean_cache' from command line to 'False'
[2.875s] Level 5:colcon.colcon_core.verb:set package 'pkg_projet' build argument 'cmake_clean_first' from command line to 'False'
[2.875s] Level 5:colcon.colcon_core.verb:set package 'pkg_projet' build argument 'cmake_force_configure' from command line to 'False'
[2.875s] Level 5:colcon.colcon_core.verb:set package 'pkg_projet' build argument 'ament_cmake_args' from command line to 'None'
[2.875s] Level 5:colcon.colcon_core.verb:set package 'pkg_projet' build argument 'catkin_cmake_args' from command line to 'None'
[2.875s] Level 5:colcon.colcon_core.verb:set package 'pkg_projet' build argument 'catkin_skip_building_tests' from command line to 'False'
[2.875s] DEBUG:colcon.colcon_core.verb:Building package 'pkg_projet' with the following arguments: {'ament_cmake_args': None, 'build_base': '/home/thomas/ros2_ws/build/pkg_projet', 'catkin_cmake_args': None, 'catkin_skip_building_tests': False, 'cmake_args': None, 'cmake_clean_cache': False, 'cmake_clean_first': False, 'cmake_force_configure': False, 'cmake_target': None, 'cmake_target_skip_unavailable': False, 'install_base': '/home/thomas/ros2_ws/install/pkg_projet', 'merge_install': False, 'path': '/home/thomas/ros2_ws/src/pkg_projet', 'symlink_install': False, 'test_result_base': None}
[2.875s] INFO:colcon.colcon_core.executor:Executing jobs using 'parallel' executor
[2.877s] DEBUG:colcon.colcon_parallel_executor.executor.parallel:run_until_complete
[2.878s] INFO:colcon.colcon_ros.task.ament_python.build:Building ROS package in '/home/thomas/ros2_ws/src/pkg_projet' with build type 'ament_python'
[2.878s] Level 1:colcon.colcon_core.shell:create_environment_hook('pkg_projet', 'ament_prefix_path')
[2.934s] INFO:colcon.colcon_core.plugin_system:Skipping extension 'colcon_core.shell.bat': Not used on non-Windows systems
[2.934s] INFO:colcon.colcon_core.shell:Creating environment hook '/home/thomas/ros2_ws/install/pkg_projet/share/pkg_projet/hook/ament_prefix_path.ps1'
[2.940s] INFO:colcon.colcon_core.shell:Creating environment descriptor '/home/thomas/ros2_ws/install/pkg_projet/share/pkg_projet/hook/ament_prefix_path.dsv'
[2.949s] INFO:colcon.colcon_core.shell:Creating environment hook '/home/thomas/ros2_ws/install/pkg_projet/share/pkg_projet/hook/ament_prefix_path.sh'
[2.955s] INFO:colcon.colcon_core.shell:Skip shell extension 'powershell' for command environment: Not usable outside of PowerShell
[2.955s] DEBUG:colcon.colcon_core.shell:Skip shell extension 'dsv' for command environment
[4.219s] INFO:colcon.colcon_core.task.python.build:Building Python package in '/home/thomas/ros2_ws/src/pkg_projet'
[4.220s] INFO:colcon.colcon_core.shell:Skip shell extension 'powershell' for command environment: Not usable outside of PowerShell
[4.220s] DEBUG:colcon.colcon_core.shell:Skip shell extension 'dsv' for command environment
[5.914s] DEBUG:colcon.colcon_core.event_handler.log_command:Invoking command in '/home/thomas/ros2_ws/src/pkg_projet': PYTHONPATH=/home/thomas/ros2_ws/build/pkg_projet/prefix_override:/usr/lib/python3/dist-packages/colcon_core/task/python/colcon_distutils_commands:/home/thomas/ros2_ws/install/pkg_projet/lib/python3.10/site-packages:${PYTHONPATH} /usr/bin/python3 -W ignore:setup.py install is deprecated setup.py egg_info --egg-base ../../build/pkg_projet build --build-base /home/thomas/ros2_ws/build/pkg_projet/build install --record /home/thomas/ros2_ws/build/pkg_projet/install.log --single-version-externally-managed install_data
[6.955s] DEBUG:colcon.colcon_core.event_handler.log_command:Invoked command in '/home/thomas/ros2_ws/src/pkg_projet' returned '0': PYTHONPATH=/home/thomas/ros2_ws/build/pkg_projet/prefix_override:/usr/lib/python3/dist-packages/colcon_core/task/python/colcon_distutils_commands:/home/thomas/ros2_ws/install/pkg_projet/lib/python3.10/site-packages:${PYTHONPATH} /usr/bin/python3 -W ignore:setup.py install is deprecated setup.py egg_info --egg-base ../../build/pkg_projet build --build-base /home/thomas/ros2_ws/build/pkg_projet/build install --record /home/thomas/ros2_ws/build/pkg_projet/install.log --single-version-externally-managed install_data
[7.022s] Level 1:colcon.colcon_core.environment:checking '/home/thomas/ros2_ws/install/pkg_projet' for CMake module files
[7.022s] Level 1:colcon.colcon_core.environment:checking '/home/thomas/ros2_ws/install/pkg_projet' for CMake config files
[7.023s] Level 1:colcon.colcon_core.environment:checking '/home/thomas/ros2_ws/install/pkg_projet/lib'
[7.024s] Level 1:colcon.colcon_core.environment:checking '/home/thomas/ros2_ws/install/pkg_projet/bin'
[7.024s] Level 1:colcon.colcon_core.environment:checking '/home/thomas/ros2_ws/install/pkg_projet/lib/pkgconfig/pkg_projet.pc'
[7.024s] Level 1:colcon.colcon_core.environment:checking '/home/thomas/ros2_ws/install/pkg_projet/lib/python3.10/site-packages'
[7.024s] Level 1:colcon.colcon_core.shell:create_environment_hook('pkg_projet', 'pythonpath')
[7.025s] INFO:colcon.colcon_core.shell:Creating environment hook '/home/thomas/ros2_ws/install/pkg_projet/share/pkg_projet/hook/pythonpath.ps1'
[7.026s] INFO:colcon.colcon_core.shell:Creating environment descriptor '/home/thomas/ros2_ws/install/pkg_projet/share/pkg_projet/hook/pythonpath.dsv'
[7.026s] INFO:colcon.colcon_core.shell:Creating environment hook '/home/thomas/ros2_ws/install/pkg_projet/share/pkg_projet/hook/pythonpath.sh'
[7.027s] Level 1:colcon.colcon_core.environment:checking '/home/thomas/ros2_ws/install/pkg_projet/bin'
[7.027s] Level 1:colcon.colcon_core.environment:create_environment_scripts_only(pkg_projet)
[7.027s] INFO:colcon.colcon_core.shell:Creating package script '/home/thomas/ros2_ws/install/pkg_projet/share/pkg_projet/package.ps1'
[7.037s] INFO:colcon.colcon_core.shell:Creating package descriptor '/home/thomas/ros2_ws/install/pkg_projet/share/pkg_projet/package.dsv'
[7.039s] INFO:colcon.colcon_core.shell:Creating package script '/home/thomas/ros2_ws/install/pkg_projet/share/pkg_projet/package.sh'
[7.046s] INFO:colcon.colcon_core.shell:Creating package script '/home/thomas/ros2_ws/install/pkg_projet/share/pkg_projet/package.bash'
[7.050s] INFO:colcon.colcon_core.shell:Creating package script '/home/thomas/ros2_ws/install/pkg_projet/share/pkg_projet/package.zsh'
[7.053s] Level 1:colcon.colcon_core.environment:create_file_with_runtime_dependencies(/home/thomas/ros2_ws/install/pkg_projet/share/colcon-core/packages/pkg_projet)
[7.055s] DEBUG:colcon.colcon_parallel_executor.executor.parallel:closing loop
[7.056s] DEBUG:colcon.colcon_parallel_executor.executor.parallel:loop closed
[7.056s] DEBUG:colcon.colcon_parallel_executor.executor.parallel:run_until_complete finished with '0'
[7.067s] DEBUG:colcon.colcon_core.event_reactor:joining thread
[7.091s] INFO:colcon.colcon_core.plugin_system:Skipping extension 'colcon_notification.desktop_notification.terminal_notifier': Not used on non-Darwin systems
[7.091s] INFO:colcon.colcon_core.plugin_system:Skipping extension 'colcon_notification.desktop_notification.win32': Not used on non-Windows systems
[7.091s] INFO:colcon.colcon_notification.desktop_notification:Sending desktop notification using 'notify2'
[7.310s] DEBUG:colcon.colcon_core.event_reactor:joined thread
[7.310s] INFO:colcon.colcon_core.shell:Creating prefix script '/home/thomas/ros2_ws/install/local_setup.ps1'
[7.327s] INFO:colcon.colcon_core.shell:Creating prefix util module '/home/thomas/ros2_ws/install/_local_setup_util_ps1.py'
[7.332s] INFO:colcon.colcon_core.shell:Creating prefix chain script '/home/thomas/ros2_ws/install/setup.ps1'
[7.336s] INFO:colcon.colcon_core.shell:Creating prefix script '/home/thomas/ros2_ws/install/local_setup.sh'
[7.343s] INFO:colcon.colcon_core.shell:Creating prefix util module '/home/thomas/ros2_ws/install/_local_setup_util_sh.py'
[7.345s] INFO:colcon.colcon_core.shell:Creating prefix chain script '/home/thomas/ros2_ws/install/setup.sh'
[7.361s] INFO:colcon.colcon_core.shell:Creating prefix script '/home/thomas/ros2_ws/install/local_setup.bash'
[7.364s] INFO:colcon.colcon_core.shell:Creating prefix chain script '/home/thomas/ros2_ws/install/setup.bash'
[7.369s] INFO:colcon.colcon_core.shell:Creating prefix script '/home/thomas/ros2_ws/install/local_setup.zsh'
[7.377s] INFO:colcon.colcon_core.shell:Creating prefix chain script '/home/thomas/ros2_ws/install/setup.zsh'
