running egg_info
writing ../../build/package_tp2_b/package_tp2_b.egg-info/PKG-INFO
writing dependency_links to ../../build/package_tp2_b/package_tp2_b.egg-info/dependency_links.txt
writing entry points to ../../build/package_tp2_b/package_tp2_b.egg-info/entry_points.txt
writing requirements to ../../build/package_tp2_b/package_tp2_b.egg-info/requires.txt
writing top-level names to ../../build/package_tp2_b/package_tp2_b.egg-info/top_level.txt
reading manifest file '../../build/package_tp2_b/package_tp2_b.egg-info/SOURCES.txt'
writing manifest file '../../build/package_tp2_b/package_tp2_b.egg-info/SOURCES.txt'
running build
running build_py
copying package_tp2_b/fusion.py -> /home/thomas/ros2_ws/build/package_tp2_b/build/lib/package_tp2_b
running install
running install_lib
copying /home/thomas/ros2_ws/build/package_tp2_b/build/lib/package_tp2_b/fusion.py -> /home/thomas/ros2_ws/install/package_tp2_b/lib/python3.10/site-packages/package_tp2_b
byte-compiling /home/thomas/ros2_ws/install/package_tp2_b/lib/python3.10/site-packages/package_tp2_b/fusion.py to fusion.cpython-310.pyc
running install_data
running install_egg_info
removing '/home/thomas/ros2_ws/install/package_tp2_b/lib/python3.10/site-packages/package_tp2_b-0.0.0-py3.10.egg-info' (and everything under it)
Copying ../../build/package_tp2_b/package_tp2_b.egg-info to /home/thomas/ros2_ws/install/package_tp2_b/lib/python3.10/site-packages/package_tp2_b-0.0.0-py3.10.egg-info
running install_scripts
Installing capteur1 script to /home/thomas/ros2_ws/install/package_tp2_b/lib/package_tp2_b
Installing capteur2 script to /home/thomas/ros2_ws/install/package_tp2_b/lib/package_tp2_b
Installing fusion script to /home/thomas/ros2_ws/install/package_tp2_b/lib/package_tp2_b
writing list of installed files to '/home/thomas/ros2_ws/build/package_tp2_b/install.log'
