[0.122s] DEBUG:colcon:Command line arguments: ['/usr/bin/colcon', 'build']
[0.122s] DEBUG:colcon:Parsed command line arguments: Namespace(log_base=None, log_level=None, verb_name='build', build_base='build', install_base='install', merge_install=False, symlink_install=False, test_result_base=None, continue_on_error=False, executor='parallel', parallel_workers=1, event_handlers=None, ignore_user_meta=False, metas=['./colcon.meta'], base_paths=['.'], packages_ignore=None, packages_ignore_regex=None, paths=None, packages_up_to=None, packages_up_to_regex=None, packages_above=None, packages_above_and_dependencies=None, packages_above_depth=None, packages_select_by_dep=None, packages_skip_by_dep=None, packages_skip_up_to=None, packages_select_build_failed=False, packages_skip_build_finished=False, packages_select_test_failures=False, packages_skip_test_passed=False, packages_select=None, packages_skip=None, packages_select_regex=None, packages_skip_regex=None, packages_start=None, packages_end=None, allow_overriding=[], cmake_args=None, cmake_target=None, cmake_target_skip_unavailable=False, cmake_clean_cache=False, cmake_clean_first=False, cmake_force_configure=False, ament_cmake_args=None, catkin_cmake_args=None, catkin_skip_building_tests=False, verb_parser=<colcon_defaults.argument_parser.defaults.DefaultArgumentsDecorator object at 0x70be1c11f970>, verb_extension=<colcon_core.verb.build.BuildVerb object at 0x70be1c25c5b0>, main=<bound method BuildVerb.main of <colcon_core.verb.build.BuildVerb object at 0x70be1c25c5b0>>)
[0.317s] Level 1:colcon.colcon_core.package_discovery:discover_packages(colcon_meta) check parameters
[0.318s] Level 1:colcon.colcon_core.package_discovery:discover_packages(recursive) check parameters
[0.318s] Level 1:colcon.colcon_core.package_discovery:discover_packages(ignore) check parameters
[0.318s] Level 1:colcon.colcon_core.package_discovery:discover_packages(path) check parameters
[0.318s] Level 1:colcon.colcon_core.package_discovery:discover_packages(colcon_meta) discover
[0.318s] Level 1:colcon.colcon_core.package_discovery:discover_packages(recursive) discover
[0.318s] INFO:colcon.colcon_core.package_discovery:Crawling recursively for packages in '/home/thomas/ros2_ws'
[0.318s] Level 1:colcon.colcon_core.package_identification:_identify(.) by extensions ['ignore', 'ignore_ament_install']
[0.318s] Level 1:colcon.colcon_core.package_identification:_identify(.) by extension 'ignore'
[0.318s] Level 1:colcon.colcon_core.package_identification:_identify(.) by extension 'ignore_ament_install'
[0.318s] Level 1:colcon.colcon_core.package_identification:_identify(.) by extensions ['colcon_pkg']
[0.318s] Level 1:colcon.colcon_core.package_identification:_identify(.) by extension 'colcon_pkg'
[0.318s] Level 1:colcon.colcon_core.package_identification:_identify(.) by extensions ['colcon_meta']
[0.318s] Level 1:colcon.colcon_core.package_identification:_identify(.) by extension 'colcon_meta'
[0.318s] Level 1:colcon.colcon_core.package_identification:_identify(.) by extensions ['ros']
[0.318s] Level 1:colcon.colcon_core.package_identification:_identify(.) by extension 'ros'
[0.331s] Level 1:colcon.colcon_core.package_identification:_identify(.) by extensions ['cmake', 'python']
[0.332s] Level 1:colcon.colcon_core.package_identification:_identify(.) by extension 'cmake'
[0.332s] Level 1:colcon.colcon_core.package_identification:_identify(.) by extension 'python'
[0.332s] Level 1:colcon.colcon_core.package_identification:_identify(.) by extensions ['python_setup_py']
[0.332s] Level 1:colcon.colcon_core.package_identification:_identify(.) by extension 'python_setup_py'
[0.332s] Level 1:colcon.colcon_core.package_identification:_identify(build) by extensions ['ignore', 'ignore_ament_install']
[0.332s] Level 1:colcon.colcon_core.package_identification:_identify(build) by extension 'ignore'
[0.332s] Level 1:colcon.colcon_core.package_identification:_identify(build) ignored
[0.332s] Level 1:colcon.colcon_core.package_identification:_identify(install) by extensions ['ignore', 'ignore_ament_install']
[0.332s] Level 1:colcon.colcon_core.package_identification:_identify(install) by extension 'ignore'
[0.332s] Level 1:colcon.colcon_core.package_identification:_identify(install) ignored
[0.332s] Level 1:colcon.colcon_core.package_identification:_identify(log) by extensions ['ignore', 'ignore_ament_install']
[0.332s] Level 1:colcon.colcon_core.package_identification:_identify(log) by extension 'ignore'
[0.332s] Level 1:colcon.colcon_core.package_identification:_identify(log) ignored
[0.332s] Level 1:colcon.colcon_core.package_identification:_identify(src) by extensions ['ignore', 'ignore_ament_install']
[0.332s] Level 1:colcon.colcon_core.package_identification:_identify(src) by extension 'ignore'
[0.332s] Level 1:colcon.colcon_core.package_identification:_identify(src) by extension 'ignore_ament_install'
[0.332s] Level 1:colcon.colcon_core.package_identification:_identify(src) by extensions ['colcon_pkg']
[0.333s] Level 1:colcon.colcon_core.package_identification:_identify(src) by extension 'colcon_pkg'
[0.333s] Level 1:colcon.colcon_core.package_identification:_identify(src) by extensions ['colcon_meta']
[0.333s] Level 1:colcon.colcon_core.package_identification:_identify(src) by extension 'colcon_meta'
[0.333s] Level 1:colcon.colcon_core.package_identification:_identify(src) by extensions ['ros']
[0.333s] Level 1:colcon.colcon_core.package_identification:_identify(src) by extension 'ros'
[0.333s] Level 1:colcon.colcon_core.package_identification:_identify(src) by extensions ['cmake', 'python']
[0.333s] Level 1:colcon.colcon_core.package_identification:_identify(src) by extension 'cmake'
[0.333s] Level 1:colcon.colcon_core.package_identification:_identify(src) by extension 'python'
[0.333s] Level 1:colcon.colcon_core.package_identification:_identify(src) by extensions ['python_setup_py']
[0.333s] Level 1:colcon.colcon_core.package_identification:_identify(src) by extension 'python_setup_py'
[0.333s] Level 1:colcon.colcon_core.package_identification:_identify(src/my_python_pkg) by extensions ['ignore', 'ignore_ament_install']
[0.333s] Level 1:colcon.colcon_core.package_identification:_identify(src/my_python_pkg) by extension 'ignore'
[0.335s] Level 1:colcon.colcon_core.package_identification:_identify(src/my_python_pkg) by extension 'ignore_ament_install'
[0.335s] Level 1:colcon.colcon_core.package_identification:_identify(src/my_python_pkg) by extensions ['colcon_pkg']
[0.335s] Level 1:colcon.colcon_core.package_identification:_identify(src/my_python_pkg) by extension 'colcon_pkg'
[0.335s] Level 1:colcon.colcon_core.package_identification:_identify(src/my_python_pkg) by extensions ['colcon_meta']
[0.335s] Level 1:colcon.colcon_core.package_identification:_identify(src/my_python_pkg) by extension 'colcon_meta'
[0.335s] Level 1:colcon.colcon_core.package_identification:_identify(src/my_python_pkg) by extensions ['ros']
[0.335s] Level 1:colcon.colcon_core.package_identification:_identify(src/my_python_pkg) by extension 'ros'
[0.337s] DEBUG:colcon.colcon_core.package_identification:Package 'src/my_python_pkg' with type 'ros.ament_python' and name 'my_python_pkg'
[0.338s] Level 1:colcon.colcon_core.package_identification:_identify(src/package_tp2) by extensions ['ignore', 'ignore_ament_install']
[0.338s] Level 1:colcon.colcon_core.package_identification:_identify(src/package_tp2) by extension 'ignore'
[0.338s] Level 1:colcon.colcon_core.package_identification:_identify(src/package_tp2) by extension 'ignore_ament_install'
[0.338s] Level 1:colcon.colcon_core.package_identification:_identify(src/package_tp2) by extensions ['colcon_pkg']
[0.338s] Level 1:colcon.colcon_core.package_identification:_identify(src/package_tp2) by extension 'colcon_pkg'
[0.338s] Level 1:colcon.colcon_core.package_identification:_identify(src/package_tp2) by extensions ['colcon_meta']
[0.338s] Level 1:colcon.colcon_core.package_identification:_identify(src/package_tp2) by extension 'colcon_meta'
[0.338s] Level 1:colcon.colcon_core.package_identification:_identify(src/package_tp2) by extensions ['ros']
[0.338s] Level 1:colcon.colcon_core.package_identification:_identify(src/package_tp2) by extension 'ros'
[0.338s] DEBUG:colcon.colcon_core.package_identification:Package 'src/package_tp2' with type 'ros.ament_python' and name 'package_tp2'
[0.339s] Level 1:colcon.colcon_core.package_identification:_identify(src/package_tp2_b) by extensions ['ignore', 'ignore_ament_install']
[0.339s] Level 1:colcon.colcon_core.package_identification:_identify(src/package_tp2_b) by extension 'ignore'
[0.339s] Level 1:colcon.colcon_core.package_identification:_identify(src/package_tp2_b) by extension 'ignore_ament_install'
[0.339s] Level 1:colcon.colcon_core.package_identification:_identify(src/package_tp2_b) by extensions ['colcon_pkg']
[0.339s] Level 1:colcon.colcon_core.package_identification:_identify(src/package_tp2_b) by extension 'colcon_pkg'
[0.339s] Level 1:colcon.colcon_core.package_identification:_identify(src/package_tp2_b) by extensions ['colcon_meta']
[0.339s] Level 1:colcon.colcon_core.package_identification:_identify(src/package_tp2_b) by extension 'colcon_meta'
[0.339s] Level 1:colcon.colcon_core.package_identification:_identify(src/package_tp2_b) by extensions ['ros']
[0.339s] Level 1:colcon.colcon_core.package_identification:_identify(src/package_tp2_b) by extension 'ros'
[0.339s] DEBUG:colcon.colcon_core.package_identification:Package 'src/package_tp2_b' with type 'ros.ament_python' and name 'package_tp2_b'
[0.339s] Level 1:colcon.colcon_core.package_identification:_identify(src/tp2) by extensions ['ignore', 'ignore_ament_install']
[0.339s] Level 1:colcon.colcon_core.package_identification:_identify(src/tp2) by extension 'ignore'
[0.339s] Level 1:colcon.colcon_core.package_identification:_identify(src/tp2) by extension 'ignore_ament_install'
[0.339s] Level 1:colcon.colcon_core.package_identification:_identify(src/tp2) by extensions ['colcon_pkg']
[0.339s] Level 1:colcon.colcon_core.package_identification:_identify(src/tp2) by extension 'colcon_pkg'
[0.339s] Level 1:colcon.colcon_core.package_identification:_identify(src/tp2) by extensions ['colcon_meta']
[0.339s] Level 1:colcon.colcon_core.package_identification:_identify(src/tp2) by extension 'colcon_meta'
[0.340s] Level 1:colcon.colcon_core.package_identification:_identify(src/tp2) by extensions ['ros']
[0.340s] Level 1:colcon.colcon_core.package_identification:_identify(src/tp2) by extension 'ros'
[0.340s] Level 1:colcon.colcon_core.package_identification:_identify(src/tp2) by extensions ['cmake', 'python']
[0.340s] Level 1:colcon.colcon_core.package_identification:_identify(src/tp2) by extension 'cmake'
[0.340s] Level 1:colcon.colcon_core.package_identification:_identify(src/tp2) by extension 'python'
[0.340s] Level 1:colcon.colcon_core.package_identification:_identify(src/tp2) by extensions ['python_setup_py']
[0.340s] Level 1:colcon.colcon_core.package_identification:_identify(src/tp2) by extension 'python_setup_py'
[0.340s] Level 1:colcon.colcon_core.package_discovery:discover_packages(recursive) using defaults
[0.340s] Level 1:colcon.colcon_core.package_discovery:discover_packages(ignore) discover
[0.340s] Level 1:colcon.colcon_core.package_discovery:discover_packages(ignore) using defaults
[0.340s] Level 1:colcon.colcon_core.package_discovery:discover_packages(path) discover
[0.340s] Level 1:colcon.colcon_core.package_discovery:discover_packages(path) using defaults
[0.363s] Level 1:colcon.colcon_core.package_discovery:discover_packages(prefix_path) check parameters
[0.363s] Level 1:colcon.colcon_core.package_discovery:discover_packages(prefix_path) discover
[0.367s] DEBUG:colcon.colcon_installed_package_information.package_discovery:Found 270 installed packages in /opt/ros/humble
[0.369s] Level 1:colcon.colcon_core.package_discovery:discover_packages(prefix_path) using defaults
[0.434s] Level 5:colcon.colcon_core.verb:set package 'my_python_pkg' build argument 'cmake_args' from command line to 'None'
[0.434s] Level 5:colcon.colcon_core.verb:set package 'my_python_pkg' build argument 'cmake_target' from command line to 'None'
[0.434s] Level 5:colcon.colcon_core.verb:set package 'my_python_pkg' build argument 'cmake_target_skip_unavailable' from command line to 'False'
[0.434s] Level 5:colcon.colcon_core.verb:set package 'my_python_pkg' build argument 'cmake_clean_cache' from command line to 'False'
[0.434s] Level 5:colcon.colcon_core.verb:set package 'my_python_pkg' build argument 'cmake_clean_first' from command line to 'False'
[0.434s] Level 5:colcon.colcon_core.verb:set package 'my_python_pkg' build argument 'cmake_force_configure' from command line to 'False'
[0.434s] Level 5:colcon.colcon_core.verb:set package 'my_python_pkg' build argument 'ament_cmake_args' from command line to 'None'
[0.434s] Level 5:colcon.colcon_core.verb:set package 'my_python_pkg' build argument 'catkin_cmake_args' from command line to 'None'
[0.434s] Level 5:colcon.colcon_core.verb:set package 'my_python_pkg' build argument 'catkin_skip_building_tests' from command line to 'False'
[0.434s] DEBUG:colcon.colcon_core.verb:Building package 'my_python_pkg' with the following arguments: {'ament_cmake_args': None, 'build_base': '/home/thomas/ros2_ws/build/my_python_pkg', 'catkin_cmake_args': None, 'catkin_skip_building_tests': False, 'cmake_args': None, 'cmake_clean_cache': False, 'cmake_clean_first': False, 'cmake_force_configure': False, 'cmake_target': None, 'cmake_target_skip_unavailable': False, 'install_base': '/home/thomas/ros2_ws/install/my_python_pkg', 'merge_install': False, 'path': '/home/thomas/ros2_ws/src/my_python_pkg', 'symlink_install': False, 'test_result_base': None}
[0.434s] Level 5:colcon.colcon_core.verb:set package 'package_tp2' build argument 'cmake_args' from command line to 'None'
[0.434s] Level 5:colcon.colcon_core.verb:set package 'package_tp2' build argument 'cmake_target' from command line to 'None'
[0.434s] Level 5:colcon.colcon_core.verb:set package 'package_tp2' build argument 'cmake_target_skip_unavailable' from command line to 'False'
[0.434s] Level 5:colcon.colcon_core.verb:set package 'package_tp2' build argument 'cmake_clean_cache' from command line to 'False'
[0.434s] Level 5:colcon.colcon_core.verb:set package 'package_tp2' build argument 'cmake_clean_first' from command line to 'False'
[0.434s] Level 5:colcon.colcon_core.verb:set package 'package_tp2' build argument 'cmake_force_configure' from command line to 'False'
[0.434s] Level 5:colcon.colcon_core.verb:set package 'package_tp2' build argument 'ament_cmake_args' from command line to 'None'
[0.434s] Level 5:colcon.colcon_core.verb:set package 'package_tp2' build argument 'catkin_cmake_args' from command line to 'None'
[0.434s] Level 5:colcon.colcon_core.verb:set package 'package_tp2' build argument 'catkin_skip_building_tests' from command line to 'False'
[0.434s] DEBUG:colcon.colcon_core.verb:Building package 'package_tp2' with the following arguments: {'ament_cmake_args': None, 'build_base': '/home/thomas/ros2_ws/build/package_tp2', 'catkin_cmake_args': None, 'catkin_skip_building_tests': False, 'cmake_args': None, 'cmake_clean_cache': False, 'cmake_clean_first': False, 'cmake_force_configure': False, 'cmake_target': None, 'cmake_target_skip_unavailable': False, 'install_base': '/home/thomas/ros2_ws/install/package_tp2', 'merge_install': False, 'path': '/home/thomas/ros2_ws/src/package_tp2', 'symlink_install': False, 'test_result_base': None}
[0.435s] Level 5:colcon.colcon_core.verb:set package 'package_tp2_b' build argument 'cmake_args' from command line to 'None'
[0.435s] Level 5:colcon.colcon_core.verb:set package 'package_tp2_b' build argument 'cmake_target' from command line to 'None'
[0.435s] Level 5:colcon.colcon_core.verb:set package 'package_tp2_b' build argument 'cmake_target_skip_unavailable' from command line to 'False'
[0.435s] Level 5:colcon.colcon_core.verb:set package 'package_tp2_b' build argument 'cmake_clean_cache' from command line to 'False'
[0.435s] Level 5:colcon.colcon_core.verb:set package 'package_tp2_b' build argument 'cmake_clean_first' from command line to 'False'
[0.435s] Level 5:colcon.colcon_core.verb:set package 'package_tp2_b' build argument 'cmake_force_configure' from command line to 'False'
[0.435s] Level 5:colcon.colcon_core.verb:set package 'package_tp2_b' build argument 'ament_cmake_args' from command line to 'None'
[0.435s] Level 5:colcon.colcon_core.verb:set package 'package_tp2_b' build argument 'catkin_cmake_args' from command line to 'None'
[0.435s] Level 5:colcon.colcon_core.verb:set package 'package_tp2_b' build argument 'catkin_skip_building_tests' from command line to 'False'
[0.435s] DEBUG:colcon.colcon_core.verb:Building package 'package_tp2_b' with the following arguments: {'ament_cmake_args': None, 'build_base': '/home/thomas/ros2_ws/build/package_tp2_b', 'catkin_cmake_args': None, 'catkin_skip_building_tests': False, 'cmake_args': None, 'cmake_clean_cache': False, 'cmake_clean_first': False, 'cmake_force_configure': False, 'cmake_target': None, 'cmake_target_skip_unavailable': False, 'install_base': '/home/thomas/ros2_ws/install/package_tp2_b', 'merge_install': False, 'path': '/home/thomas/ros2_ws/src/package_tp2_b', 'symlink_install': False, 'test_result_base': None}
[0.435s] INFO:colcon.colcon_core.executor:Executing jobs using 'parallel' executor
[0.437s] DEBUG:colcon.colcon_parallel_executor.executor.parallel:run_until_complete
[0.439s] INFO:colcon.colcon_ros.task.ament_python.build:Building ROS package in '/home/thomas/ros2_ws/src/my_python_pkg' with build type 'ament_python'
[0.439s] Level 1:colcon.colcon_core.shell:create_environment_hook('my_python_pkg', 'ament_prefix_path')
[0.441s] INFO:colcon.colcon_core.plugin_system:Skipping extension 'colcon_core.shell.bat': Not used on non-Windows systems
[0.441s] INFO:colcon.colcon_core.shell:Creating environment hook '/home/thomas/ros2_ws/install/my_python_pkg/share/my_python_pkg/hook/ament_prefix_path.ps1'
[0.444s] INFO:colcon.colcon_core.shell:Creating environment descriptor '/home/thomas/ros2_ws/install/my_python_pkg/share/my_python_pkg/hook/ament_prefix_path.dsv'
[0.445s] INFO:colcon.colcon_core.shell:Creating environment hook '/home/thomas/ros2_ws/install/my_python_pkg/share/my_python_pkg/hook/ament_prefix_path.sh'
[0.460s] INFO:colcon.colcon_core.shell:Skip shell extension 'powershell' for command environment: Not usable outside of PowerShell
[0.461s] DEBUG:colcon.colcon_core.shell:Skip shell extension 'dsv' for command environment
[1.145s] INFO:colcon.colcon_core.task.python.build:Building Python package in '/home/thomas/ros2_ws/src/my_python_pkg'
[1.145s] INFO:colcon.colcon_core.shell:Skip shell extension 'powershell' for command environment: Not usable outside of PowerShell
[1.145s] DEBUG:colcon.colcon_core.shell:Skip shell extension 'dsv' for command environment
[1.846s] DEBUG:colcon.colcon_core.event_handler.log_command:Invoking command in '/home/thomas/ros2_ws/src/my_python_pkg': PYTHONPATH=/home/thomas/ros2_ws/build/my_python_pkg/prefix_override:/usr/lib/python3/dist-packages/colcon_core/task/python/colcon_distutils_commands:/home/thomas/ros2_ws/install/my_python_pkg/lib/python3.10/site-packages:${PYTHONPATH} /usr/bin/python3 -W ignore:setup.py install is deprecated setup.py egg_info --egg-base ../../build/my_python_pkg build --build-base /home/thomas/ros2_ws/build/my_python_pkg/build install --record /home/thomas/ros2_ws/build/my_python_pkg/install.log --single-version-externally-managed install_data
[2.509s] DEBUG:colcon.colcon_core.event_handler.log_command:Invoked command in '/home/thomas/ros2_ws/src/my_python_pkg' returned '0': PYTHONPATH=/home/thomas/ros2_ws/build/my_python_pkg/prefix_override:/usr/lib/python3/dist-packages/colcon_core/task/python/colcon_distutils_commands:/home/thomas/ros2_ws/install/my_python_pkg/lib/python3.10/site-packages:${PYTHONPATH} /usr/bin/python3 -W ignore:setup.py install is deprecated setup.py egg_info --egg-base ../../build/my_python_pkg build --build-base /home/thomas/ros2_ws/build/my_python_pkg/build install --record /home/thomas/ros2_ws/build/my_python_pkg/install.log --single-version-externally-managed install_data
[2.511s] Level 1:colcon.colcon_core.environment:checking '/home/thomas/ros2_ws/install/my_python_pkg' for CMake module files
[2.511s] Level 1:colcon.colcon_core.environment:checking '/home/thomas/ros2_ws/install/my_python_pkg' for CMake config files
[2.512s] Level 1:colcon.colcon_core.environment:checking '/home/thomas/ros2_ws/install/my_python_pkg/lib'
[2.512s] Level 1:colcon.colcon_core.environment:checking '/home/thomas/ros2_ws/install/my_python_pkg/bin'
[2.512s] Level 1:colcon.colcon_core.environment:checking '/home/thomas/ros2_ws/install/my_python_pkg/lib/pkgconfig/my_python_pkg.pc'
[2.512s] Level 1:colcon.colcon_core.environment:checking '/home/thomas/ros2_ws/install/my_python_pkg/lib/python3.10/site-packages'
[2.512s] Level 1:colcon.colcon_core.shell:create_environment_hook('my_python_pkg', 'pythonpath')
[2.513s] INFO:colcon.colcon_core.shell:Creating environment hook '/home/thomas/ros2_ws/install/my_python_pkg/share/my_python_pkg/hook/pythonpath.ps1'
[2.527s] INFO:colcon.colcon_core.shell:Creating environment descriptor '/home/thomas/ros2_ws/install/my_python_pkg/share/my_python_pkg/hook/pythonpath.dsv'
[2.530s] INFO:colcon.colcon_core.shell:Creating environment hook '/home/thomas/ros2_ws/install/my_python_pkg/share/my_python_pkg/hook/pythonpath.sh'
[2.533s] Level 1:colcon.colcon_core.environment:checking '/home/thomas/ros2_ws/install/my_python_pkg/bin'
[2.533s] Level 1:colcon.colcon_core.environment:create_environment_scripts_only(my_python_pkg)
[2.534s] INFO:colcon.colcon_core.shell:Creating package script '/home/thomas/ros2_ws/install/my_python_pkg/share/my_python_pkg/package.ps1'
[2.537s] INFO:colcon.colcon_core.shell:Creating package descriptor '/home/thomas/ros2_ws/install/my_python_pkg/share/my_python_pkg/package.dsv'
[2.538s] INFO:colcon.colcon_core.shell:Creating package script '/home/thomas/ros2_ws/install/my_python_pkg/share/my_python_pkg/package.sh'
[2.540s] INFO:colcon.colcon_core.shell:Creating package script '/home/thomas/ros2_ws/install/my_python_pkg/share/my_python_pkg/package.bash'
[2.542s] INFO:colcon.colcon_core.shell:Creating package script '/home/thomas/ros2_ws/install/my_python_pkg/share/my_python_pkg/package.zsh'
[2.545s] Level 1:colcon.colcon_core.environment:create_file_with_runtime_dependencies(/home/thomas/ros2_ws/install/my_python_pkg/share/colcon-core/packages/my_python_pkg)
[2.549s] INFO:colcon.colcon_ros.task.ament_python.build:Building ROS package in '/home/thomas/ros2_ws/src/package_tp2' with build type 'ament_python'
[2.549s] Level 1:colcon.colcon_core.shell:create_environment_hook('package_tp2', 'ament_prefix_path')
[2.549s] INFO:colcon.colcon_core.shell:Creating environment hook '/home/thomas/ros2_ws/install/package_tp2/share/package_tp2/hook/ament_prefix_path.ps1'
[2.551s] INFO:colcon.colcon_core.shell:Creating environment descriptor '/home/thomas/ros2_ws/install/package_tp2/share/package_tp2/hook/ament_prefix_path.dsv'
[2.553s] INFO:colcon.colcon_core.shell:Creating environment hook '/home/thomas/ros2_ws/install/package_tp2/share/package_tp2/hook/ament_prefix_path.sh'
[2.555s] INFO:colcon.colcon_core.shell:Skip shell extension 'powershell' for command environment: Not usable outside of PowerShell
[2.555s] DEBUG:colcon.colcon_core.shell:Skip shell extension 'dsv' for command environment
[3.260s] INFO:colcon.colcon_core.task.python.build:Building Python package in '/home/thomas/ros2_ws/src/package_tp2'
[3.260s] INFO:colcon.colcon_core.shell:Skip shell extension 'powershell' for command environment: Not usable outside of PowerShell
[3.260s] DEBUG:colcon.colcon_core.shell:Skip shell extension 'dsv' for command environment
[3.895s] DEBUG:colcon.colcon_core.event_handler.log_command:Invoking command in '/home/thomas/ros2_ws/src/package_tp2': PYTHONPATH=/home/thomas/ros2_ws/build/package_tp2/prefix_override:/usr/lib/python3/dist-packages/colcon_core/task/python/colcon_distutils_commands:/home/thomas/ros2_ws/install/package_tp2/lib/python3.10/site-packages:${PYTHONPATH} /usr/bin/python3 -W ignore:setup.py install is deprecated setup.py egg_info --egg-base ../../build/package_tp2 build --build-base /home/thomas/ros2_ws/build/package_tp2/build install --record /home/thomas/ros2_ws/build/package_tp2/install.log --single-version-externally-managed install_data
[4.428s] Level 1:colcon.colcon_core.environment:checking '/home/thomas/ros2_ws/install/package_tp2' for CMake module files
[4.428s] DEBUG:colcon.colcon_core.event_handler.log_command:Invoked command in '/home/thomas/ros2_ws/src/package_tp2' returned '0': PYTHONPATH=/home/thomas/ros2_ws/build/package_tp2/prefix_override:/usr/lib/python3/dist-packages/colcon_core/task/python/colcon_distutils_commands:/home/thomas/ros2_ws/install/package_tp2/lib/python3.10/site-packages:${PYTHONPATH} /usr/bin/python3 -W ignore:setup.py install is deprecated setup.py egg_info --egg-base ../../build/package_tp2 build --build-base /home/thomas/ros2_ws/build/package_tp2/build install --record /home/thomas/ros2_ws/build/package_tp2/install.log --single-version-externally-managed install_data
[4.429s] Level 1:colcon.colcon_core.environment:checking '/home/thomas/ros2_ws/install/package_tp2' for CMake config files
[4.429s] Level 1:colcon.colcon_core.environment:checking '/home/thomas/ros2_ws/install/package_tp2/lib'
[4.429s] Level 1:colcon.colcon_core.environment:checking '/home/thomas/ros2_ws/install/package_tp2/bin'
[4.429s] Level 1:colcon.colcon_core.environment:checking '/home/thomas/ros2_ws/install/package_tp2/lib/pkgconfig/package_tp2.pc'
[4.429s] Level 1:colcon.colcon_core.environment:checking '/home/thomas/ros2_ws/install/package_tp2/lib/python3.10/site-packages'
[4.430s] Level 1:colcon.colcon_core.shell:create_environment_hook('package_tp2', 'pythonpath')
[4.430s] INFO:colcon.colcon_core.shell:Creating environment hook '/home/thomas/ros2_ws/install/package_tp2/share/package_tp2/hook/pythonpath.ps1'
[4.434s] INFO:colcon.colcon_core.shell:Creating environment descriptor '/home/thomas/ros2_ws/install/package_tp2/share/package_tp2/hook/pythonpath.dsv'
[4.435s] INFO:colcon.colcon_core.shell:Creating environment hook '/home/thomas/ros2_ws/install/package_tp2/share/package_tp2/hook/pythonpath.sh'
[4.437s] Level 1:colcon.colcon_core.environment:checking '/home/thomas/ros2_ws/install/package_tp2/bin'
[4.437s] Level 1:colcon.colcon_core.environment:create_environment_scripts_only(package_tp2)
[4.438s] INFO:colcon.colcon_core.shell:Creating package script '/home/thomas/ros2_ws/install/package_tp2/share/package_tp2/package.ps1'
[4.439s] INFO:colcon.colcon_core.shell:Creating package descriptor '/home/thomas/ros2_ws/install/package_tp2/share/package_tp2/package.dsv'
[4.441s] INFO:colcon.colcon_core.shell:Creating package script '/home/thomas/ros2_ws/install/package_tp2/share/package_tp2/package.sh'
[4.443s] INFO:colcon.colcon_core.shell:Creating package script '/home/thomas/ros2_ws/install/package_tp2/share/package_tp2/package.bash'
[4.445s] INFO:colcon.colcon_core.shell:Creating package script '/home/thomas/ros2_ws/install/package_tp2/share/package_tp2/package.zsh'
[4.446s] Level 1:colcon.colcon_core.environment:create_file_with_runtime_dependencies(/home/thomas/ros2_ws/install/package_tp2/share/colcon-core/packages/package_tp2)
[4.448s] INFO:colcon.colcon_ros.task.ament_python.build:Building ROS package in '/home/thomas/ros2_ws/src/package_tp2_b' with build type 'ament_python'
[4.449s] Level 1:colcon.colcon_core.shell:create_environment_hook('package_tp2_b', 'ament_prefix_path')
[4.449s] INFO:colcon.colcon_core.shell:Creating environment hook '/home/thomas/ros2_ws/install/package_tp2_b/share/package_tp2_b/hook/ament_prefix_path.ps1'
[4.450s] INFO:colcon.colcon_core.shell:Creating environment descriptor '/home/thomas/ros2_ws/install/package_tp2_b/share/package_tp2_b/hook/ament_prefix_path.dsv'
[4.452s] INFO:colcon.colcon_core.shell:Creating environment hook '/home/thomas/ros2_ws/install/package_tp2_b/share/package_tp2_b/hook/ament_prefix_path.sh'
[4.454s] INFO:colcon.colcon_core.shell:Skip shell extension 'powershell' for command environment: Not usable outside of PowerShell
[4.454s] DEBUG:colcon.colcon_core.shell:Skip shell extension 'dsv' for command environment
[5.127s] INFO:colcon.colcon_core.task.python.build:Building Python package in '/home/thomas/ros2_ws/src/package_tp2_b'
[5.128s] INFO:colcon.colcon_core.shell:Skip shell extension 'powershell' for command environment: Not usable outside of PowerShell
[5.128s] DEBUG:colcon.colcon_core.shell:Skip shell extension 'dsv' for command environment
[5.789s] DEBUG:colcon.colcon_core.event_handler.log_command:Invoking command in '/home/thomas/ros2_ws/src/package_tp2_b': PYTHONPATH=/home/thomas/ros2_ws/build/package_tp2_b/prefix_override:/usr/lib/python3/dist-packages/colcon_core/task/python/colcon_distutils_commands:/home/thomas/ros2_ws/install/package_tp2_b/lib/python3.10/site-packages:${PYTHONPATH} /usr/bin/python3 -W ignore:setup.py install is deprecated setup.py egg_info --egg-base ../../build/package_tp2_b build --build-base /home/thomas/ros2_ws/build/package_tp2_b/build install --record /home/thomas/ros2_ws/build/package_tp2_b/install.log --single-version-externally-managed install_data
[6.386s] Level 1:colcon.colcon_core.environment:checking '/home/thomas/ros2_ws/install/package_tp2_b' for CMake module files
[6.386s] DEBUG:colcon.colcon_core.event_handler.log_command:Invoked command in '/home/thomas/ros2_ws/src/package_tp2_b' returned '0': PYTHONPATH=/home/thomas/ros2_ws/build/package_tp2_b/prefix_override:/usr/lib/python3/dist-packages/colcon_core/task/python/colcon_distutils_commands:/home/thomas/ros2_ws/install/package_tp2_b/lib/python3.10/site-packages:${PYTHONPATH} /usr/bin/python3 -W ignore:setup.py install is deprecated setup.py egg_info --egg-base ../../build/package_tp2_b build --build-base /home/thomas/ros2_ws/build/package_tp2_b/build install --record /home/thomas/ros2_ws/build/package_tp2_b/install.log --single-version-externally-managed install_data
[6.387s] Level 1:colcon.colcon_core.environment:checking '/home/thomas/ros2_ws/install/package_tp2_b' for CMake config files
[6.387s] Level 1:colcon.colcon_core.environment:checking '/home/thomas/ros2_ws/install/package_tp2_b/lib'
[6.387s] Level 1:colcon.colcon_core.environment:checking '/home/thomas/ros2_ws/install/package_tp2_b/bin'
[6.387s] Level 1:colcon.colcon_core.environment:checking '/home/thomas/ros2_ws/install/package_tp2_b/lib/pkgconfig/package_tp2_b.pc'
[6.388s] Level 1:colcon.colcon_core.environment:checking '/home/thomas/ros2_ws/install/package_tp2_b/lib/python3.10/site-packages'
[6.393s] Level 1:colcon.colcon_core.shell:create_environment_hook('package_tp2_b', 'pythonpath')
[6.393s] INFO:colcon.colcon_core.shell:Creating environment hook '/home/thomas/ros2_ws/install/package_tp2_b/share/package_tp2_b/hook/pythonpath.ps1'
[6.395s] INFO:colcon.colcon_core.shell:Creating environment descriptor '/home/thomas/ros2_ws/install/package_tp2_b/share/package_tp2_b/hook/pythonpath.dsv'
[6.399s] INFO:colcon.colcon_core.shell:Creating environment hook '/home/thomas/ros2_ws/install/package_tp2_b/share/package_tp2_b/hook/pythonpath.sh'
[6.410s] Level 1:colcon.colcon_core.environment:checking '/home/thomas/ros2_ws/install/package_tp2_b/bin'
[6.410s] Level 1:colcon.colcon_core.environment:create_environment_scripts_only(package_tp2_b)
[6.411s] INFO:colcon.colcon_core.shell:Creating package script '/home/thomas/ros2_ws/install/package_tp2_b/share/package_tp2_b/package.ps1'
[6.421s] INFO:colcon.colcon_core.shell:Creating package descriptor '/home/thomas/ros2_ws/install/package_tp2_b/share/package_tp2_b/package.dsv'
[6.423s] INFO:colcon.colcon_core.shell:Creating package script '/home/thomas/ros2_ws/install/package_tp2_b/share/package_tp2_b/package.sh'
[6.427s] INFO:colcon.colcon_core.shell:Creating package script '/home/thomas/ros2_ws/install/package_tp2_b/share/package_tp2_b/package.bash'
[6.428s] INFO:colcon.colcon_core.shell:Creating package script '/home/thomas/ros2_ws/install/package_tp2_b/share/package_tp2_b/package.zsh'
[6.438s] Level 1:colcon.colcon_core.environment:create_file_with_runtime_dependencies(/home/thomas/ros2_ws/install/package_tp2_b/share/colcon-core/packages/package_tp2_b)
[6.442s] DEBUG:colcon.colcon_parallel_executor.executor.parallel:closing loop
[6.442s] DEBUG:colcon.colcon_parallel_executor.executor.parallel:loop closed
[6.442s] DEBUG:colcon.colcon_parallel_executor.executor.parallel:run_until_complete finished with '0'
[6.442s] DEBUG:colcon.colcon_core.event_reactor:joining thread
[6.461s] INFO:colcon.colcon_core.plugin_system:Skipping extension 'colcon_notification.desktop_notification.terminal_notifier': Not used on non-Darwin systems
[6.461s] INFO:colcon.colcon_core.plugin_system:Skipping extension 'colcon_notification.desktop_notification.win32': Not used on non-Windows systems
[6.461s] INFO:colcon.colcon_notification.desktop_notification:Sending desktop notification using 'notify2'
[6.490s] DEBUG:colcon.colcon_core.event_reactor:joined thread
[6.491s] INFO:colcon.colcon_core.shell:Creating prefix script '/home/thomas/ros2_ws/install/local_setup.ps1'
[6.498s] INFO:colcon.colcon_core.shell:Creating prefix util module '/home/thomas/ros2_ws/install/_local_setup_util_ps1.py'
[6.505s] INFO:colcon.colcon_core.shell:Creating prefix chain script '/home/thomas/ros2_ws/install/setup.ps1'
[6.511s] INFO:colcon.colcon_core.shell:Creating prefix script '/home/thomas/ros2_ws/install/local_setup.sh'
[6.520s] INFO:colcon.colcon_core.shell:Creating prefix util module '/home/thomas/ros2_ws/install/_local_setup_util_sh.py'
[6.522s] INFO:colcon.colcon_core.shell:Creating prefix chain script '/home/thomas/ros2_ws/install/setup.sh'
[6.526s] INFO:colcon.colcon_core.shell:Creating prefix script '/home/thomas/ros2_ws/install/local_setup.bash'
[6.538s] INFO:colcon.colcon_core.shell:Creating prefix chain script '/home/thomas/ros2_ws/install/setup.bash'
[6.540s] INFO:colcon.colcon_core.shell:Creating prefix script '/home/thomas/ros2_ws/install/local_setup.zsh'
[6.542s] INFO:colcon.colcon_core.shell:Creating prefix chain script '/home/thomas/ros2_ws/install/setup.zsh'
