[2.423s] Invoking command in '/home/thogms/ros2_ws/src/package_tp2': PYTHONPATH=/home/thogms/ros2_ws/build/package_tp2/prefix_override:/usr/lib/python3/dist-packages/colcon_core/task/python/colcon_distutils_commands:/home/thogms/ros2_ws/install/package_tp2/lib/python3.10/site-packages:${PYTHONPATH} /usr/bin/python3 -W ignore:setup.py install is deprecated -W ignore:easy_install command is deprecated setup.py egg_info --egg-base ../../build/package_tp2 build --build-base /home/thogms/ros2_ws/build/package_tp2/build install --record /home/thogms/ros2_ws/build/package_tp2/install.log --single-version-externally-managed install_data
[2.876s] running egg_info
[2.878s] writing ../../build/package_tp2/package_tp2.egg-info/PKG-INFO
[2.878s] writing dependency_links to ../../build/package_tp2/package_tp2.egg-info/dependency_links.txt
[2.879s] writing entry points to ../../build/package_tp2/package_tp2.egg-info/entry_points.txt
[2.879s] writing requirements to ../../build/package_tp2/package_tp2.egg-info/requires.txt
[2.880s] writing top-level names to ../../build/package_tp2/package_tp2.egg-info/top_level.txt
[2.884s] reading manifest file '../../build/package_tp2/package_tp2.egg-info/SOURCES.txt'
[2.886s] writing manifest file '../../build/package_tp2/package_tp2.egg-info/SOURCES.txt'
[2.886s] running build
[2.886s] running build_py
[2.887s] running install
[2.888s] running install_lib
[2.890s] running install_data
[2.890s] running install_egg_info
[2.893s] removing '/home/thogms/ros2_ws/install/package_tp2/lib/python3.10/site-packages/package_tp2-0.0.0-py3.10.egg-info' (and everything under it)
[2.895s] Copying ../../build/package_tp2/package_tp2.egg-info to /home/thogms/ros2_ws/install/package_tp2/lib/python3.10/site-packages/package_tp2-0.0.0-py3.10.egg-info
[2.900s] running install_scripts
[2.936s] Installing capteur1 script to /home/thogms/ros2_ws/install/package_tp2/lib/package_tp2
[2.936s] Installing capteur2 script to /home/thogms/ros2_ws/install/package_tp2/lib/package_tp2
[2.937s] Installing fusion script to /home/thogms/ros2_ws/install/package_tp2/lib/package_tp2
[2.937s] writing list of installed files to '/home/thogms/ros2_ws/build/package_tp2/install.log'
[3.038s] Invoked command in '/home/thogms/ros2_ws/src/package_tp2' returned '0': PYTHONPATH=/home/thogms/ros2_ws/build/package_tp2/prefix_override:/usr/lib/python3/dist-packages/colcon_core/task/python/colcon_distutils_commands:/home/thogms/ros2_ws/install/package_tp2/lib/python3.10/site-packages:${PYTHONPATH} /usr/bin/python3 -W ignore:setup.py install is deprecated -W ignore:easy_install command is deprecated setup.py egg_info --egg-base ../../build/package_tp2 build --build-base /home/thogms/ros2_ws/build/package_tp2/build install --record /home/thogms/ros2_ws/build/package_tp2/install.log --single-version-externally-managed install_data
