[1.373s] Invoking command in '/home/thogms/ros2_ws/src/package_tp2': PYTHONPATH=/home/thogms/ros2_ws/build/package_tp2/prefix_override:/usr/lib/python3/dist-packages/colcon_core/task/python/colcon_distutils_commands:/home/thogms/ros2_ws/install/package_tp2/lib/python3.10/site-packages:${PYTHONPATH} /usr/bin/python3 -W ignore:setup.py install is deprecated -W ignore:easy_install command is deprecated setup.py egg_info --egg-base ../../build/package_tp2 build --build-base /home/thogms/ros2_ws/build/package_tp2/build install --record /home/thogms/ros2_ws/build/package_tp2/install.log --single-version-externally-managed install_data
[1.607s] running egg_info
[1.608s] writing ../../build/package_tp2/package_tp2.egg-info/PKG-INFO
[1.608s] writing dependency_links to ../../build/package_tp2/package_tp2.egg-info/dependency_links.txt
[1.609s] writing entry points to ../../build/package_tp2/package_tp2.egg-info/entry_points.txt
[1.609s] writing requirements to ../../build/package_tp2/package_tp2.egg-info/requires.txt
[1.610s] writing top-level names to ../../build/package_tp2/package_tp2.egg-info/top_level.txt
[1.612s] reading manifest file '../../build/package_tp2/package_tp2.egg-info/SOURCES.txt'
[1.613s] writing manifest file '../../build/package_tp2/package_tp2.egg-info/SOURCES.txt'
[1.613s] running build
[1.614s] running build_py
[1.618s] running install
[1.619s] running install_lib
[1.619s] running install_data
[1.619s] running install_egg_info
[1.625s] removing '/home/thogms/ros2_ws/install/package_tp2/lib/python3.10/site-packages/package_tp2-0.0.0-py3.10.egg-info' (and everything under it)
[1.625s] Copying ../../build/package_tp2/package_tp2.egg-info to /home/thogms/ros2_ws/install/package_tp2/lib/python3.10/site-packages/package_tp2-0.0.0-py3.10.egg-info
[1.625s] running install_scripts
[1.650s] Installing capteur1 script to /home/thogms/ros2_ws/install/package_tp2/lib/package_tp2
[1.650s] Installing capteur2 script to /home/thogms/ros2_ws/install/package_tp2/lib/package_tp2
[1.650s] Installing fusion script to /home/thogms/ros2_ws/install/package_tp2/lib/package_tp2
[1.651s] writing list of installed files to '/home/thogms/ros2_ws/build/package_tp2/install.log'
[1.727s] Invoked command in '/home/thogms/ros2_ws/src/package_tp2' returned '0': PYTHONPATH=/home/thogms/ros2_ws/build/package_tp2/prefix_override:/usr/lib/python3/dist-packages/colcon_core/task/python/colcon_distutils_commands:/home/thogms/ros2_ws/install/package_tp2/lib/python3.10/site-packages:${PYTHONPATH} /usr/bin/python3 -W ignore:setup.py install is deprecated -W ignore:easy_install command is deprecated setup.py egg_info --egg-base ../../build/package_tp2 build --build-base /home/thogms/ros2_ws/build/package_tp2/build install --record /home/thogms/ros2_ws/build/package_tp2/install.log --single-version-externally-managed install_data
