[2.773s] Invoking command in '/home/thogms/ros2_ws/src/my_python_pkg': PYTHONPATH=/home/thogms/ros2_ws/build/my_python_pkg/prefix_override:/usr/lib/python3/dist-packages/colcon_core/task/python/colcon_distutils_commands:/home/thogms/ros2_ws/install/my_python_pkg/lib/python3.10/site-packages:${PYTHONPATH} /usr/bin/python3 -W ignore:setup.py install is deprecated -W ignore:easy_install command is deprecated setup.py egg_info --egg-base ../../build/my_python_pkg build --build-base /home/thogms/ros2_ws/build/my_python_pkg/build install --record /home/thogms/ros2_ws/build/my_python_pkg/install.log --single-version-externally-managed install_data
[3.154s] running egg_info
[3.155s] writing ../../build/my_python_pkg/my_python_pkg.egg-info/PKG-INFO
[3.169s] writing dependency_links to ../../build/my_python_pkg/my_python_pkg.egg-info/dependency_links.txt
[3.169s] writing entry points to ../../build/my_python_pkg/my_python_pkg.egg-info/entry_points.txt
[3.169s] writing requirements to ../../build/my_python_pkg/my_python_pkg.egg-info/requires.txt
[3.169s] writing top-level names to ../../build/my_python_pkg/my_python_pkg.egg-info/top_level.txt
[3.174s] reading manifest file '../../build/my_python_pkg/my_python_pkg.egg-info/SOURCES.txt'
[3.176s] writing manifest file '../../build/my_python_pkg/my_python_pkg.egg-info/SOURCES.txt'
[3.177s] running build
[3.177s] running build_py
[3.179s] running install
[3.183s] running install_lib
[3.187s] running install_data
[3.189s] running install_egg_info
[3.192s] removing '/home/thogms/ros2_ws/install/my_python_pkg/lib/python3.10/site-packages/my_python_pkg-0.0.0-py3.10.egg-info' (and everything under it)
[3.194s] Copying ../../build/my_python_pkg/my_python_pkg.egg-info to /home/thogms/ros2_ws/install/my_python_pkg/lib/python3.10/site-packages/my_python_pkg-0.0.0-py3.10.egg-info
[3.205s] running install_scripts
[3.242s] Installing my_node script to /home/thogms/ros2_ws/install/my_python_pkg/lib/my_python_pkg
[3.244s] writing list of installed files to '/home/thogms/ros2_ws/build/my_python_pkg/install.log'
[3.314s] Invoked command in '/home/thogms/ros2_ws/src/my_python_pkg' returned '0': PYTHONPATH=/home/thogms/ros2_ws/build/my_python_pkg/prefix_override:/usr/lib/python3/dist-packages/colcon_core/task/python/colcon_distutils_commands:/home/thogms/ros2_ws/install/my_python_pkg/lib/python3.10/site-packages:${PYTHONPATH} /usr/bin/python3 -W ignore:setup.py install is deprecated -W ignore:easy_install command is deprecated setup.py egg_info --egg-base ../../build/my_python_pkg build --build-base /home/thogms/ros2_ws/build/my_python_pkg/build install --record /home/thogms/ros2_ws/build/my_python_pkg/install.log --single-version-externally-managed install_data
