[1.964s] Invoking command in '/home/thogms/ros2_ws/src/projet_pkg': PYTHONPATH=/home/thogms/ros2_ws/build/projet_pkg/prefix_override:/usr/lib/python3/dist-packages/colcon_core/task/python/colcon_distutils_commands:/home/thogms/ros2_ws/install/projet_pkg/lib/python3.10/site-packages:${PYTHONPATH} /usr/bin/python3 -W ignore:setup.py install is deprecated -W ignore:easy_install command is deprecated setup.py egg_info --egg-base ../../build/projet_pkg build --build-base /home/thogms/ros2_ws/build/projet_pkg/build install --record /home/thogms/ros2_ws/build/projet_pkg/install.log --single-version-externally-managed install_data
[2.172s] running egg_info
[2.173s] writing ../../build/projet_pkg/projet_pkg.egg-info/PKG-INFO
[2.173s] writing dependency_links to ../../build/projet_pkg/projet_pkg.egg-info/dependency_links.txt
[2.175s] writing entry points to ../../build/projet_pkg/projet_pkg.egg-info/entry_points.txt
[2.175s] writing requirements to ../../build/projet_pkg/projet_pkg.egg-info/requires.txt
[2.175s] writing top-level names to ../../build/projet_pkg/projet_pkg.egg-info/top_level.txt
[2.178s] reading manifest file '../../build/projet_pkg/projet_pkg.egg-info/SOURCES.txt'
[2.180s] writing manifest file '../../build/projet_pkg/projet_pkg.egg-info/SOURCES.txt'
[2.180s] running build
[2.180s] running build_py
[2.181s] copying projet_pkg/controle_temperature.py -> /home/thogms/ros2_ws/build/projet_pkg/build/lib/projet_pkg
[2.183s] copying projet_pkg/publisher_temperature.py -> /home/thogms/ros2_ws/build/projet_pkg/build/lib/projet_pkg
[2.183s] copying projet_pkg/publisher_time.py -> /home/thogms/ros2_ws/build/projet_pkg/build/lib/projet_pkg
[2.184s] copying projet_pkg/controle_presenceInt.py -> /home/thogms/ros2_ws/build/projet_pkg/build/lib/projet_pkg
[2.185s] copying projet_pkg/controle_luminosity.py -> /home/thogms/ros2_ws/build/projet_pkg/build/lib/projet_pkg
[2.186s] copying projet_pkg/publisher_luminosity.py -> /home/thogms/ros2_ws/build/projet_pkg/build/lib/projet_pkg
[2.186s] copying projet_pkg/controle_volet.py -> /home/thogms/ros2_ws/build/projet_pkg/build/lib/projet_pkg
[2.187s] copying projet_pkg/publisher_presenceOut.py -> /home/thogms/ros2_ws/build/projet_pkg/build/lib/projet_pkg
[2.189s] copying projet_pkg/controle_presenceOut.py -> /home/thogms/ros2_ws/build/projet_pkg/build/lib/projet_pkg
[2.189s] copying projet_pkg/publisher_presenceInt.py -> /home/thogms/ros2_ws/build/projet_pkg/build/lib/projet_pkg
[2.190s] running install
[2.190s] running install_lib
[2.192s] copying /home/thogms/ros2_ws/build/projet_pkg/build/lib/projet_pkg/controle_temperature.py -> /home/thogms/ros2_ws/install/projet_pkg/lib/python3.10/site-packages/projet_pkg
[2.193s] copying /home/thogms/ros2_ws/build/projet_pkg/build/lib/projet_pkg/publisher_temperature.py -> /home/thogms/ros2_ws/install/projet_pkg/lib/python3.10/site-packages/projet_pkg
[2.194s] copying /home/thogms/ros2_ws/build/projet_pkg/build/lib/projet_pkg/publisher_time.py -> /home/thogms/ros2_ws/install/projet_pkg/lib/python3.10/site-packages/projet_pkg
[2.194s] copying /home/thogms/ros2_ws/build/projet_pkg/build/lib/projet_pkg/controle_presenceInt.py -> /home/thogms/ros2_ws/install/projet_pkg/lib/python3.10/site-packages/projet_pkg
[2.194s] copying /home/thogms/ros2_ws/build/projet_pkg/build/lib/projet_pkg/controle_luminosity.py -> /home/thogms/ros2_ws/install/projet_pkg/lib/python3.10/site-packages/projet_pkg
[2.194s] copying /home/thogms/ros2_ws/build/projet_pkg/build/lib/projet_pkg/publisher_luminosity.py -> /home/thogms/ros2_ws/install/projet_pkg/lib/python3.10/site-packages/projet_pkg
[2.195s] copying /home/thogms/ros2_ws/build/projet_pkg/build/lib/projet_pkg/controle_volet.py -> /home/thogms/ros2_ws/install/projet_pkg/lib/python3.10/site-packages/projet_pkg
[2.195s] copying /home/thogms/ros2_ws/build/projet_pkg/build/lib/projet_pkg/publisher_presenceOut.py -> /home/thogms/ros2_ws/install/projet_pkg/lib/python3.10/site-packages/projet_pkg
[2.196s] copying /home/thogms/ros2_ws/build/projet_pkg/build/lib/projet_pkg/controle_presenceOut.py -> /home/thogms/ros2_ws/install/projet_pkg/lib/python3.10/site-packages/projet_pkg
[2.196s] copying /home/thogms/ros2_ws/build/projet_pkg/build/lib/projet_pkg/publisher_presenceInt.py -> /home/thogms/ros2_ws/install/projet_pkg/lib/python3.10/site-packages/projet_pkg
[2.197s] byte-compiling /home/thogms/ros2_ws/install/projet_pkg/lib/python3.10/site-packages/projet_pkg/controle_temperature.py to controle_temperature.cpython-310.pyc
[2.199s] byte-compiling /home/thogms/ros2_ws/install/projet_pkg/lib/python3.10/site-packages/projet_pkg/publisher_temperature.py to publisher_temperature.cpython-310.pyc
[2.200s] byte-compiling /home/thogms/ros2_ws/install/projet_pkg/lib/python3.10/site-packages/projet_pkg/publisher_time.py to publisher_time.cpython-310.pyc
[2.200s] byte-compiling /home/thogms/ros2_ws/install/projet_pkg/lib/python3.10/site-packages/projet_pkg/controle_presenceInt.py to controle_presenceInt.cpython-310.pyc
[2.201s] byte-compiling /home/thogms/ros2_ws/install/projet_pkg/lib/python3.10/site-packages/projet_pkg/controle_luminosity.py to controle_luminosity.cpython-310.pyc
[2.203s] byte-compiling /home/thogms/ros2_ws/install/projet_pkg/lib/python3.10/site-packages/projet_pkg/publisher_luminosity.py to publisher_luminosity.cpython-310.pyc
[2.203s] byte-compiling /home/thogms/ros2_ws/install/projet_pkg/lib/python3.10/site-packages/projet_pkg/controle_volet.py to controle_volet.cpython-310.pyc
[2.203s] byte-compiling /home/thogms/ros2_ws/install/projet_pkg/lib/python3.10/site-packages/projet_pkg/publisher_presenceOut.py to publisher_presenceOut.cpython-310.pyc
[2.204s] byte-compiling /home/thogms/ros2_ws/install/projet_pkg/lib/python3.10/site-packages/projet_pkg/controle_presenceOut.py to controle_presenceOut.cpython-310.pyc
[2.206s] byte-compiling /home/thogms/ros2_ws/install/projet_pkg/lib/python3.10/site-packages/projet_pkg/publisher_presenceInt.py to publisher_presenceInt.cpython-310.pyc
[2.207s] running install_data
[2.208s] running install_egg_info
[2.209s] removing '/home/thogms/ros2_ws/install/projet_pkg/lib/python3.10/site-packages/projet_pkg-0.0.0-py3.10.egg-info' (and everything under it)
[2.210s] Copying ../../build/projet_pkg/projet_pkg.egg-info to /home/thogms/ros2_ws/install/projet_pkg/lib/python3.10/site-packages/projet_pkg-0.0.0-py3.10.egg-info
[2.212s] running install_scripts
[2.237s] Installing client_bp script to /home/thogms/ros2_ws/install/projet_pkg/lib/projet_pkg
[2.238s] Installing controle_luminosity script to /home/thogms/ros2_ws/install/projet_pkg/lib/projet_pkg
[2.238s] Installing controle_presenceInt script to /home/thogms/ros2_ws/install/projet_pkg/lib/projet_pkg
[2.238s] Installing controle_presenceOut script to /home/thogms/ros2_ws/install/projet_pkg/lib/projet_pkg
[2.238s] Installing controle_temperature script to /home/thogms/ros2_ws/install/projet_pkg/lib/projet_pkg
[2.238s] Installing controle_time script to /home/thogms/ros2_ws/install/projet_pkg/lib/projet_pkg
[2.238s] Installing info_web script to /home/thogms/ros2_ws/install/projet_pkg/lib/projet_pkg
[2.238s] Installing publisher_luminosity script to /home/thogms/ros2_ws/install/projet_pkg/lib/projet_pkg
[2.239s] Installing publisher_presenceInt script to /home/thogms/ros2_ws/install/projet_pkg/lib/projet_pkg
[2.239s] Installing publisher_presenceOut script to /home/thogms/ros2_ws/install/projet_pkg/lib/projet_pkg
[2.239s] Installing publisher_temperature script to /home/thogms/ros2_ws/install/projet_pkg/lib/projet_pkg
[2.239s] Installing publisher_time script to /home/thogms/ros2_ws/install/projet_pkg/lib/projet_pkg
[2.239s] Installing service_bp script to /home/thogms/ros2_ws/install/projet_pkg/lib/projet_pkg
[2.239s] Installing web script to /home/thogms/ros2_ws/install/projet_pkg/lib/projet_pkg
[2.240s] writing list of installed files to '/home/thogms/ros2_ws/build/projet_pkg/install.log'
[2.309s] Invoked command in '/home/thogms/ros2_ws/src/projet_pkg' returned '0': PYTHONPATH=/home/thogms/ros2_ws/build/projet_pkg/prefix_override:/usr/lib/python3/dist-packages/colcon_core/task/python/colcon_distutils_commands:/home/thogms/ros2_ws/install/projet_pkg/lib/python3.10/site-packages:${PYTHONPATH} /usr/bin/python3 -W ignore:setup.py install is deprecated -W ignore:easy_install command is deprecated setup.py egg_info --egg-base ../../build/projet_pkg build --build-base /home/thogms/ros2_ws/build/projet_pkg/build install --record /home/thogms/ros2_ws/build/projet_pkg/install.log --single-version-externally-managed install_data
