[2.306s] Invoking command in '/home/thogms/ros2_ws/src/my_python_pkg': PYTHONPATH=/home/thogms/ros2_ws/build/my_python_pkg/prefix_override:/usr/lib/python3/dist-packages/colcon_core/task/python/colcon_distutils_commands:/home/thogms/ros2_ws/install/my_python_pkg/lib/python3.10/site-packages:${PYTHONPATH} /usr/bin/python3 -W ignore:setup.py install is deprecated -W ignore:easy_install command is deprecated setup.py egg_info --egg-base ../../build/my_python_pkg build --build-base /home/thogms/ros2_ws/build/my_python_pkg/build install --record /home/thogms/ros2_ws/build/my_python_pkg/install.log --single-version-externally-managed install_data
[2.471s] Traceback (most recent call last):
[2.471s]   File "/home/thogms/ros2_ws/src/my_python_pkg/setup.py", line 1, in <module>
[2.471s]     from setuptools import setup
[2.471s]   File "/usr/lib/python3/dist-packages/setuptools/__init__.py", line 16, in <module>
[2.480s]     import setuptools.version
[2.481s]   File "/usr/lib/python3/dist-packages/setuptools/version.py", line 1, in <module>
[2.482s]     import pkg_resources
[2.483s]   File "/usr/lib/python3/dist-packages/pkg_resources/__init__.py", line 3267, in <module>
[2.485s]     def _initialize_master_working_set():
[2.485s]   File "/usr/lib/python3/dist-packages/pkg_resources/__init__.py", line 3241, in _call_aside
[2.487s]     f(*args, **kwargs)
[2.487s]   File "/usr/lib/python3/dist-packages/pkg_resources/__init__.py", line 3279, in _initialize_master_working_set
[2.488s]     working_set = WorkingSet._build_master()
[2.488s]   File "/usr/lib/python3/dist-packages/pkg_resources/__init__.py", line 564, in _build_master
[2.488s]     ws = cls()
[2.488s]   File "/usr/lib/python3/dist-packages/pkg_resources/__init__.py", line 557, in __init__
[2.488s]     self.add_entry(entry)
[2.488s]   File "/usr/lib/python3/dist-packages/pkg_resources/__init__.py", line 613, in add_entry
[2.488s]     for dist in find_distributions(entry, True):
[2.488s]   File "/usr/lib/python3/dist-packages/pkg_resources/__init__.py", line 2077, in find_on_path
[2.488s]     for dist in factory(fullpath):
[2.488s]   File "/usr/lib/python3/dist-packages/pkg_resources/__init__.py", line 2142, in distributions_from_metadata
[2.489s]     yield Distribution.from_location(
[2.489s]   File "/usr/lib/python3/dist-packages/pkg_resources/__init__.py", line 2606, in from_location
[2.489s]     )._reload_version()
[2.489s]   File "/usr/lib/python3/dist-packages/pkg_resources/__init__.py", line 3004, in _reload_version
[2.489s]     md_version = self._get_version()
[2.489s]   File "/usr/lib/python3/dist-packages/pkg_resources/__init__.py", line 2785, in _get_version
[2.489s]     version = _version_from_file(lines)
[2.489s]   File "/usr/lib/python3/dist-packages/pkg_resources/__init__.py", line 2569, in _version_from_file
[2.499s]     line = next(iter(version_lines), '')
[2.499s]   File "/usr/lib/python3/dist-packages/pkg_resources/__init__.py", line 2779, in _get_metadata
[2.499s]     if self.has_metadata(name):
[2.499s]   File "/usr/lib/python3/dist-packages/pkg_resources/__init__.py", line 1405, in has_metadata
[2.499s]     path = self._get_metadata_path(name)
[2.499s]   File "/usr/lib/python3/dist-packages/pkg_resources/__init__.py", line 1399, in _get_metadata_path
[2.500s]     return self._fn(self.egg_info, name)
[2.500s]   File "/usr/lib/python3/dist-packages/pkg_resources/__init__.py", line 1478, in _fn
[2.500s]     self._validate_resource_path(resource_name)
[2.500s]   File "/usr/lib/python3/dist-packages/pkg_resources/__init__.py", line 1537, in _validate_resource_path
[2.500s]     os.path.pardir in path.split(posixpath.sep) or
[2.500s] KeyboardInterrupt
