running egg_info
creating ../../build/projet_pkg/projet_pkg.egg-info
writing ../../build/projet_pkg/projet_pkg.egg-info/PKG-INFO
writing dependency_links to ../../build/projet_pkg/projet_pkg.egg-info/dependency_links.txt
writing entry points to ../../build/projet_pkg/projet_pkg.egg-info/entry_points.txt
writing requirements to ../../build/projet_pkg/projet_pkg.egg-info/requires.txt
writing top-level names to ../../build/projet_pkg/projet_pkg.egg-info/top_level.txt
writing manifest file '../../build/projet_pkg/projet_pkg.egg-info/SOURCES.txt'
reading manifest file '../../build/projet_pkg/projet_pkg.egg-info/SOURCES.txt'
writing manifest file '../../build/projet_pkg/projet_pkg.egg-info/SOURCES.txt'
running build
running build_py
creating /home/thogms/ros2_ws/build/projet_pkg/build
creating /home/thogms/ros2_ws/build/projet_pkg/build/lib
creating /home/thogms/ros2_ws/build/projet_pkg/build/lib/projet_pkg
copying projet_pkg/web.py -> /home/thogms/ros2_ws/build/projet_pkg/build/lib/projet_pkg
copying projet_pkg/__init__.py -> /home/thogms/ros2_ws/build/projet_pkg/build/lib/projet_pkg
running install
running install_lib
creating /home/thogms/ros2_ws/install/projet_pkg/lib/python3.10/site-packages/projet_pkg
copying /home/thogms/ros2_ws/build/projet_pkg/build/lib/projet_pkg/web.py -> /home/thogms/ros2_ws/install/projet_pkg/lib/python3.10/site-packages/projet_pkg
copying /home/thogms/ros2_ws/build/projet_pkg/build/lib/projet_pkg/__init__.py -> /home/thogms/ros2_ws/install/projet_pkg/lib/python3.10/site-packages/projet_pkg
byte-compiling /home/thogms/ros2_ws/install/projet_pkg/lib/python3.10/site-packages/projet_pkg/web.py to web.cpython-310.pyc
byte-compiling /home/thogms/ros2_ws/install/projet_pkg/lib/python3.10/site-packages/projet_pkg/__init__.py to __init__.cpython-310.pyc
running install_data
creating /home/thogms/ros2_ws/install/projet_pkg/share/ament_index
creating /home/thogms/ros2_ws/install/projet_pkg/share/ament_index/resource_index
creating /home/thogms/ros2_ws/install/projet_pkg/share/ament_index/resource_index/packages
copying resource/projet_pkg -> /home/thogms/ros2_ws/install/projet_pkg/share/ament_index/resource_index/packages
copying package.xml -> /home/thogms/ros2_ws/install/projet_pkg/share/projet_pkg
running install_egg_info
Copying ../../build/projet_pkg/projet_pkg.egg-info to /home/thogms/ros2_ws/install/projet_pkg/lib/python3.10/site-packages/projet_pkg-0.0.0-py3.10.egg-info
running install_scripts
Installing controle_luminosity script to /home/thogms/ros2_ws/install/projet_pkg/lib/projet_pkg
Installing controle_presenceInt script to /home/thogms/ros2_ws/install/projet_pkg/lib/projet_pkg
Installing controle_presenceOut script to /home/thogms/ros2_ws/install/projet_pkg/lib/projet_pkg
Installing controle_temperature script to /home/thogms/ros2_ws/install/projet_pkg/lib/projet_pkg
Installing controle_time script to /home/thogms/ros2_ws/install/projet_pkg/lib/projet_pkg
Installing publisher_bouton script to /home/thogms/ros2_ws/install/projet_pkg/lib/projet_pkg
Installing publisher_luminosity script to /home/thogms/ros2_ws/install/projet_pkg/lib/projet_pkg
Installing publisher_presenceInt script to /home/thogms/ros2_ws/install/projet_pkg/lib/projet_pkg
Installing publisher_presenceOut script to /home/thogms/ros2_ws/install/projet_pkg/lib/projet_pkg
Installing publisher_temperature script to /home/thogms/ros2_ws/install/projet_pkg/lib/projet_pkg
Installing publisher_time script to /home/thogms/ros2_ws/install/projet_pkg/lib/projet_pkg
Installing web script to /home/thogms/ros2_ws/install/projet_pkg/lib/projet_pkg
writing list of installed files to '/home/thogms/ros2_ws/build/projet_pkg/install.log'
