[1.603s] Invoking command in '/home/thogms/ros2_ws/src/projet_pkg': PYTHONPATH=/home/thogms/ros2_ws/build/projet_pkg/prefix_override:/usr/lib/python3/dist-packages/colcon_core/task/python/colcon_distutils_commands:/home/thogms/ros2_ws/install/projet_pkg/lib/python3.10/site-packages:${PYTHONPATH} /usr/bin/python3 -W ignore:setup.py install is deprecated -W ignore:easy_install command is deprecated setup.py egg_info --egg-base ../../build/projet_pkg build --build-base /home/thogms/ros2_ws/build/projet_pkg/build install --record /home/thogms/ros2_ws/build/projet_pkg/install.log --single-version-externally-managed install_data
[1.803s] running egg_info
[1.804s] creating ../../build/projet_pkg/projet_pkg.egg-info
[1.804s] writing ../../build/projet_pkg/projet_pkg.egg-info/PKG-INFO
[1.805s] writing dependency_links to ../../build/projet_pkg/projet_pkg.egg-info/dependency_links.txt
[1.806s] writing entry points to ../../build/projet_pkg/projet_pkg.egg-info/entry_points.txt
[1.806s] writing requirements to ../../build/projet_pkg/projet_pkg.egg-info/requires.txt
[1.806s] writing top-level names to ../../build/projet_pkg/projet_pkg.egg-info/top_level.txt
[1.806s] writing manifest file '../../build/projet_pkg/projet_pkg.egg-info/SOURCES.txt'
[1.809s] reading manifest file '../../build/projet_pkg/projet_pkg.egg-info/SOURCES.txt'
[1.810s] writing manifest file '../../build/projet_pkg/projet_pkg.egg-info/SOURCES.txt'
[1.810s] running build
[1.810s] running build_py
[1.810s] creating /home/thogms/ros2_ws/build/projet_pkg/build
[1.811s] creating /home/thogms/ros2_ws/build/projet_pkg/build/lib
[1.811s] creating /home/thogms/ros2_ws/build/projet_pkg/build/lib/projet_pkg
[1.811s] copying projet_pkg/web.py -> /home/thogms/ros2_ws/build/projet_pkg/build/lib/projet_pkg
[1.811s] copying projet_pkg/__init__.py -> /home/thogms/ros2_ws/build/projet_pkg/build/lib/projet_pkg
[1.812s] running install
[1.812s] running install_lib
[1.813s] creating /home/thogms/ros2_ws/install/projet_pkg/lib/python3.10/site-packages/projet_pkg
[1.814s] copying /home/thogms/ros2_ws/build/projet_pkg/build/lib/projet_pkg/web.py -> /home/thogms/ros2_ws/install/projet_pkg/lib/python3.10/site-packages/projet_pkg
[1.814s] copying /home/thogms/ros2_ws/build/projet_pkg/build/lib/projet_pkg/__init__.py -> /home/thogms/ros2_ws/install/projet_pkg/lib/python3.10/site-packages/projet_pkg
[1.815s] byte-compiling /home/thogms/ros2_ws/install/projet_pkg/lib/python3.10/site-packages/projet_pkg/web.py to web.cpython-310.pyc
[1.816s] byte-compiling /home/thogms/ros2_ws/install/projet_pkg/lib/python3.10/site-packages/projet_pkg/__init__.py to __init__.cpython-310.pyc
[1.816s] running install_data
[1.816s] creating /home/thogms/ros2_ws/install/projet_pkg/share/ament_index
[1.816s] creating /home/thogms/ros2_ws/install/projet_pkg/share/ament_index/resource_index
[1.816s] creating /home/thogms/ros2_ws/install/projet_pkg/share/ament_index/resource_index/packages
[1.817s] copying resource/projet_pkg -> /home/thogms/ros2_ws/install/projet_pkg/share/ament_index/resource_index/packages
[1.817s] copying package.xml -> /home/thogms/ros2_ws/install/projet_pkg/share/projet_pkg
[1.817s] running install_egg_info
[1.819s] Copying ../../build/projet_pkg/projet_pkg.egg-info to /home/thogms/ros2_ws/install/projet_pkg/lib/python3.10/site-packages/projet_pkg-0.0.0-py3.10.egg-info
[1.821s] running install_scripts
[1.843s] Installing controle_luminosity script to /home/thogms/ros2_ws/install/projet_pkg/lib/projet_pkg
[1.844s] Installing controle_presenceInt script to /home/thogms/ros2_ws/install/projet_pkg/lib/projet_pkg
[1.844s] Installing controle_presenceOut script to /home/thogms/ros2_ws/install/projet_pkg/lib/projet_pkg
[1.844s] Installing controle_temperature script to /home/thogms/ros2_ws/install/projet_pkg/lib/projet_pkg
[1.844s] Installing controle_time script to /home/thogms/ros2_ws/install/projet_pkg/lib/projet_pkg
[1.844s] Installing publisher_bouton script to /home/thogms/ros2_ws/install/projet_pkg/lib/projet_pkg
[1.844s] Installing publisher_luminosity script to /home/thogms/ros2_ws/install/projet_pkg/lib/projet_pkg
[1.844s] Installing publisher_presenceInt script to /home/thogms/ros2_ws/install/projet_pkg/lib/projet_pkg
[1.844s] Installing publisher_presenceOut script to /home/thogms/ros2_ws/install/projet_pkg/lib/projet_pkg
[1.845s] Installing publisher_temperature script to /home/thogms/ros2_ws/install/projet_pkg/lib/projet_pkg
[1.845s] Installing publisher_time script to /home/thogms/ros2_ws/install/projet_pkg/lib/projet_pkg
[1.846s] Installing web script to /home/thogms/ros2_ws/install/projet_pkg/lib/projet_pkg
[1.846s] writing list of installed files to '/home/thogms/ros2_ws/build/projet_pkg/install.log'
[1.922s] Invoked command in '/home/thogms/ros2_ws/src/projet_pkg' returned '0': PYTHONPATH=/home/thogms/ros2_ws/build/projet_pkg/prefix_override:/usr/lib/python3/dist-packages/colcon_core/task/python/colcon_distutils_commands:/home/thogms/ros2_ws/install/projet_pkg/lib/python3.10/site-packages:${PYTHONPATH} /usr/bin/python3 -W ignore:setup.py install is deprecated -W ignore:easy_install command is deprecated setup.py egg_info --egg-base ../../build/projet_pkg build --build-base /home/thogms/ros2_ws/build/projet_pkg/build install --record /home/thogms/ros2_ws/build/projet_pkg/install.log --single-version-externally-managed install_data
