[1.239s] Invoking command in '/home/thomas/ros2_ws/src/pkg_projet': PYTHONPATH=/home/thomas/ros2_ws/build/pkg_projet/prefix_override:/usr/lib/python3/dist-packages/colcon_core/task/python/colcon_distutils_commands:/home/thomas/ros2_ws/install/pkg_projet/lib/python3.10/site-packages:${PYTHONPATH} /usr/bin/python3 -W ignore:setup.py install is deprecated setup.py egg_info --egg-base ../../build/pkg_projet build --build-base /home/thomas/ros2_ws/build/pkg_projet/build install --record /home/thomas/ros2_ws/build/pkg_projet/install.log --single-version-externally-managed install_data
[1.579s] running egg_info
[1.579s] writing ../../build/pkg_projet/pkg_projet.egg-info/PKG-INFO
[1.579s] writing dependency_links to ../../build/pkg_projet/pkg_projet.egg-info/dependency_links.txt
[1.581s] writing entry points to ../../build/pkg_projet/pkg_projet.egg-info/entry_points.txt
[1.583s] writing requirements to ../../build/pkg_projet/pkg_projet.egg-info/requires.txt
[1.586s] writing top-level names to ../../build/pkg_projet/pkg_projet.egg-info/top_level.txt
[1.590s] reading manifest file '../../build/pkg_projet/pkg_projet.egg-info/SOURCES.txt'
[1.590s] writing manifest file '../../build/pkg_projet/pkg_projet.egg-info/SOURCES.txt'
[1.591s] running build
[1.591s] running build_py
[1.592s] running install
[1.592s] running install_lib
[1.594s] running install_data
[1.594s] running install_egg_info
[1.597s] removing '/home/thomas/ros2_ws/install/pkg_projet/lib/python3.10/site-packages/pkg_projet-0.0.0-py3.10.egg-info' (and everything under it)
[1.597s] Copying ../../build/pkg_projet/pkg_projet.egg-info to /home/thomas/ros2_ws/install/pkg_projet/lib/python3.10/site-packages/pkg_projet-0.0.0-py3.10.egg-info
[1.598s] running install_scripts
[1.661s] Installing alarm_client script to /home/thomas/ros2_ws/install/pkg_projet/lib/pkg_projet
[1.661s] Installing alarm_service script to /home/thomas/ros2_ws/install/pkg_projet/lib/pkg_projet
[1.663s] writing list of installed files to '/home/thomas/ros2_ws/build/pkg_projet/install.log'
[1.729s] Invoked command in '/home/thomas/ros2_ws/src/pkg_projet' returned '0': PYTHONPATH=/home/thomas/ros2_ws/build/pkg_projet/prefix_override:/usr/lib/python3/dist-packages/colcon_core/task/python/colcon_distutils_commands:/home/thomas/ros2_ws/install/pkg_projet/lib/python3.10/site-packages:${PYTHONPATH} /usr/bin/python3 -W ignore:setup.py install is deprecated setup.py egg_info --egg-base ../../build/pkg_projet build --build-base /home/thomas/ros2_ws/build/pkg_projet/build install --record /home/thomas/ros2_ws/build/pkg_projet/install.log --single-version-externally-managed install_data
