[2.208s] Invoking command in '/home/thogms/ros2_ws/src/package_tp2_b': PYTHONPATH=/home/thogms/ros2_ws/build/package_tp2_b/prefix_override:/usr/lib/python3/dist-packages/colcon_core/task/python/colcon_distutils_commands:/home/thogms/ros2_ws/install/package_tp2_b/lib/python3.10/site-packages:${PYTHONPATH} /usr/bin/python3 -W ignore:setup.py install is deprecated -W ignore:easy_install command is deprecated setup.py egg_info --egg-base ../../build/package_tp2_b build --build-base /home/thogms/ros2_ws/build/package_tp2_b/build install --record /home/thogms/ros2_ws/build/package_tp2_b/install.log --single-version-externally-managed install_data
[2.531s] running egg_info
[2.533s] writing ../../build/package_tp2_b/package_tp2_b.egg-info/PKG-INFO
[2.533s] writing dependency_links to ../../build/package_tp2_b/package_tp2_b.egg-info/dependency_links.txt
[2.533s] writing entry points to ../../build/package_tp2_b/package_tp2_b.egg-info/entry_points.txt
[2.534s] writing requirements to ../../build/package_tp2_b/package_tp2_b.egg-info/requires.txt
[2.534s] writing top-level names to ../../build/package_tp2_b/package_tp2_b.egg-info/top_level.txt
[2.540s] reading manifest file '../../build/package_tp2_b/package_tp2_b.egg-info/SOURCES.txt'
[2.541s] writing manifest file '../../build/package_tp2_b/package_tp2_b.egg-info/SOURCES.txt'
[2.541s] running build
[2.541s] running build_py
[2.541s] running install
[2.541s] running install_lib
[2.541s] running install_data
[2.541s] running install_egg_info
[2.544s] removing '/home/thogms/ros2_ws/install/package_tp2_b/lib/python3.10/site-packages/package_tp2_b-0.0.0-py3.10.egg-info' (and everything under it)
[2.545s] Copying ../../build/package_tp2_b/package_tp2_b.egg-info to /home/thogms/ros2_ws/install/package_tp2_b/lib/python3.10/site-packages/package_tp2_b-0.0.0-py3.10.egg-info
[2.547s] running install_scripts
[2.581s] Installing capteur1 script to /home/thogms/ros2_ws/install/package_tp2_b/lib/package_tp2_b
[2.582s] Installing capteur2 script to /home/thogms/ros2_ws/install/package_tp2_b/lib/package_tp2_b
[2.583s] Installing fusion script to /home/thogms/ros2_ws/install/package_tp2_b/lib/package_tp2_b
[2.583s] writing list of installed files to '/home/thogms/ros2_ws/build/package_tp2_b/install.log'
[2.654s] Invoked command in '/home/thogms/ros2_ws/src/package_tp2_b' returned '0': PYTHONPATH=/home/thogms/ros2_ws/build/package_tp2_b/prefix_override:/usr/lib/python3/dist-packages/colcon_core/task/python/colcon_distutils_commands:/home/thogms/ros2_ws/install/package_tp2_b/lib/python3.10/site-packages:${PYTHONPATH} /usr/bin/python3 -W ignore:setup.py install is deprecated -W ignore:easy_install command is deprecated setup.py egg_info --egg-base ../../build/package_tp2_b build --build-base /home/thogms/ros2_ws/build/package_tp2_b/build install --record /home/thogms/ros2_ws/build/package_tp2_b/install.log --single-version-externally-managed install_data
