[2.753s] Invoking command in '/home/thogms/ros2_ws/src/package_tp2': PYTHONPATH=/home/thogms/ros2_ws/build/package_tp2/prefix_override:/usr/lib/python3/dist-packages/colcon_core/task/python/colcon_distutils_commands:/home/thogms/ros2_ws/install/package_tp2/lib/python3.10/site-packages:${PYTHONPATH} /usr/bin/python3 -W ignore:setup.py install is deprecated -W ignore:easy_install command is deprecated setup.py egg_info --egg-base ../../build/package_tp2 build --build-base /home/thogms/ros2_ws/build/package_tp2/build install --record /home/thogms/ros2_ws/build/package_tp2/install.log --single-version-externally-managed install_data
[3.156s] running egg_info
[3.158s] writing ../../build/package_tp2/package_tp2.egg-info/PKG-INFO
[3.159s] writing dependency_links to ../../build/package_tp2/package_tp2.egg-info/dependency_links.txt
[3.160s] writing entry points to ../../build/package_tp2/package_tp2.egg-info/entry_points.txt
[3.160s] writing requirements to ../../build/package_tp2/package_tp2.egg-info/requires.txt
[3.161s] writing top-level names to ../../build/package_tp2/package_tp2.egg-info/top_level.txt
[3.166s] reading manifest file '../../build/package_tp2/package_tp2.egg-info/SOURCES.txt'
[3.168s] writing manifest file '../../build/package_tp2/package_tp2.egg-info/SOURCES.txt'
[3.168s] running build
[3.168s] running build_py
[3.169s] running install
[3.170s] running install_lib
[3.173s] running install_data
[3.175s] running install_egg_info
[3.178s] removing '/home/thogms/ros2_ws/install/package_tp2/lib/python3.10/site-packages/package_tp2-0.0.0-py3.10.egg-info' (and everything under it)
[3.179s] Copying ../../build/package_tp2/package_tp2.egg-info to /home/thogms/ros2_ws/install/package_tp2/lib/python3.10/site-packages/package_tp2-0.0.0-py3.10.egg-info
[3.187s] running install_scripts
[3.225s] Installing capteur1 script to /home/thogms/ros2_ws/install/package_tp2/lib/package_tp2
[3.226s] Installing capteur2 script to /home/thogms/ros2_ws/install/package_tp2/lib/package_tp2
[3.226s] Installing fusion script to /home/thogms/ros2_ws/install/package_tp2/lib/package_tp2
[3.227s] writing list of installed files to '/home/thogms/ros2_ws/build/package_tp2/install.log'
[3.347s] Invoked command in '/home/thogms/ros2_ws/src/package_tp2' returned '0': PYTHONPATH=/home/thogms/ros2_ws/build/package_tp2/prefix_override:/usr/lib/python3/dist-packages/colcon_core/task/python/colcon_distutils_commands:/home/thogms/ros2_ws/install/package_tp2/lib/python3.10/site-packages:${PYTHONPATH} /usr/bin/python3 -W ignore:setup.py install is deprecated -W ignore:easy_install command is deprecated setup.py egg_info --egg-base ../../build/package_tp2 build --build-base /home/thogms/ros2_ws/build/package_tp2/build install --record /home/thogms/ros2_ws/build/package_tp2/install.log --single-version-externally-managed install_data
