[3.513s] Invoking command in '/home/thomas/ros2_ws/src/my_python_pkg': PYTHONPATH=/home/thomas/ros2_ws/build/my_python_pkg/prefix_override:/usr/lib/python3/dist-packages/colcon_core/task/python/colcon_distutils_commands:/home/thomas/ros2_ws/install/my_python_pkg/lib/python3.10/site-packages:${PYTHONPATH} /usr/bin/python3 -W ignore:setup.py install is deprecated setup.py egg_info --egg-base ../../build/my_python_pkg build --build-base /home/thomas/ros2_ws/build/my_python_pkg/build install --record /home/thomas/ros2_ws/build/my_python_pkg/install.log --single-version-externally-managed install_data
[4.176s] running egg_info
[4.176s] creating ../../build/my_python_pkg/my_python_pkg.egg-info
[4.176s] writing ../../build/my_python_pkg/my_python_pkg.egg-info/PKG-INFO
[4.177s] writing dependency_links to ../../build/my_python_pkg/my_python_pkg.egg-info/dependency_links.txt
[4.177s] writing entry points to ../../build/my_python_pkg/my_python_pkg.egg-info/entry_points.txt
[4.177s] writing requirements to ../../build/my_python_pkg/my_python_pkg.egg-info/requires.txt
[4.177s] writing top-level names to ../../build/my_python_pkg/my_python_pkg.egg-info/top_level.txt
[4.178s] writing manifest file '../../build/my_python_pkg/my_python_pkg.egg-info/SOURCES.txt'
[4.181s] reading manifest file '../../build/my_python_pkg/my_python_pkg.egg-info/SOURCES.txt'
[4.182s] writing manifest file '../../build/my_python_pkg/my_python_pkg.egg-info/SOURCES.txt'
[4.196s] running build
[4.196s] running build_py
[4.240s] creating /home/thomas/ros2_ws/build/my_python_pkg/build
[4.240s] creating /home/thomas/ros2_ws/build/my_python_pkg/build/lib
[4.240s] creating /home/thomas/ros2_ws/build/my_python_pkg/build/lib/my_python_pkg
[4.240s] copying my_python_pkg/__init__.py -> /home/thomas/ros2_ws/build/my_python_pkg/build/lib/my_python_pkg
[4.240s] copying my_python_pkg/my_node.py -> /home/thomas/ros2_ws/build/my_python_pkg/build/lib/my_python_pkg
[4.240s] running install
[4.240s] running install_lib
[4.240s] creating /home/thomas/ros2_ws/install/my_python_pkg/lib/python3.10/site-packages/my_python_pkg
[4.240s] copying /home/thomas/ros2_ws/build/my_python_pkg/build/lib/my_python_pkg/__init__.py -> /home/thomas/ros2_ws/install/my_python_pkg/lib/python3.10/site-packages/my_python_pkg
[4.240s] copying /home/thomas/ros2_ws/build/my_python_pkg/build/lib/my_python_pkg/my_node.py -> /home/thomas/ros2_ws/install/my_python_pkg/lib/python3.10/site-packages/my_python_pkg
[4.240s] byte-compiling /home/thomas/ros2_ws/install/my_python_pkg/lib/python3.10/site-packages/my_python_pkg/__init__.py to __init__.cpython-310.pyc
[4.240s] byte-compiling /home/thomas/ros2_ws/install/my_python_pkg/lib/python3.10/site-packages/my_python_pkg/my_node.py to my_node.cpython-310.pyc
[4.240s] running install_data
[4.240s] creating /home/thomas/ros2_ws/install/my_python_pkg/share/ament_index
[4.240s] creating /home/thomas/ros2_ws/install/my_python_pkg/share/ament_index/resource_index
[4.241s] creating /home/thomas/ros2_ws/install/my_python_pkg/share/ament_index/resource_index/packages
[4.241s] copying resource/my_python_pkg -> /home/thomas/ros2_ws/install/my_python_pkg/share/ament_index/resource_index/packages
[4.241s] copying package.xml -> /home/thomas/ros2_ws/install/my_python_pkg/share/my_python_pkg
[4.241s] running install_egg_info
[4.241s] Copying ../../build/my_python_pkg/my_python_pkg.egg-info to /home/thomas/ros2_ws/install/my_python_pkg/lib/python3.10/site-packages/my_python_pkg-0.0.0-py3.10.egg-info
[4.241s] running install_scripts
[4.342s] Installing my_node script to /home/thomas/ros2_ws/install/my_python_pkg/lib/my_python_pkg
[4.342s] writing list of installed files to '/home/thomas/ros2_ws/build/my_python_pkg/install.log'
[4.399s] Invoked command in '/home/thomas/ros2_ws/src/my_python_pkg' returned '0': PYTHONPATH=/home/thomas/ros2_ws/build/my_python_pkg/prefix_override:/usr/lib/python3/dist-packages/colcon_core/task/python/colcon_distutils_commands:/home/thomas/ros2_ws/install/my_python_pkg/lib/python3.10/site-packages:${PYTHONPATH} /usr/bin/python3 -W ignore:setup.py install is deprecated setup.py egg_info --egg-base ../../build/my_python_pkg build --build-base /home/thomas/ros2_ws/build/my_python_pkg/build install --record /home/thomas/ros2_ws/build/my_python_pkg/install.log --single-version-externally-managed install_data
