running egg_info
creating ../../build/pkg_projet/pkg_projet.egg-info
writing ../../build/pkg_projet/pkg_projet.egg-info/PKG-INFO
writing dependency_links to ../../build/pkg_projet/pkg_projet.egg-info/dependency_links.txt
writing entry points to ../../build/pkg_projet/pkg_projet.egg-info/entry_points.txt
writing requirements to ../../build/pkg_projet/pkg_projet.egg-info/requires.txt
writing top-level names to ../../build/pkg_projet/pkg_projet.egg-info/top_level.txt
writing manifest file '../../build/pkg_projet/pkg_projet.egg-info/SOURCES.txt'
reading manifest file '../../build/pkg_projet/pkg_projet.egg-info/SOURCES.txt'
writing manifest file '../../build/pkg_projet/pkg_projet.egg-info/SOURCES.txt'
running build
running build_py
creating /home/thomas/ros2_ws/build/pkg_projet/build
creating /home/thomas/ros2_ws/build/pkg_projet/build/lib
creating /home/thomas/ros2_ws/build/pkg_projet/build/lib/pkg_projet
copying pkg_projet/__init__.py -> /home/thomas/ros2_ws/build/pkg_projet/build/lib/pkg_projet
copying pkg_projet/alarm_service.py -> /home/thomas/ros2_ws/build/pkg_projet/build/lib/pkg_projet
copying pkg_projet/alarm_client.py -> /home/thomas/ros2_ws/build/pkg_projet/build/lib/pkg_projet
running install
running install_lib
creating /home/thomas/ros2_ws/install/pkg_projet/lib/python3.10/site-packages/pkg_projet
copying /home/thomas/ros2_ws/build/pkg_projet/build/lib/pkg_projet/__init__.py -> /home/thomas/ros2_ws/install/pkg_projet/lib/python3.10/site-packages/pkg_projet
copying /home/thomas/ros2_ws/build/pkg_projet/build/lib/pkg_projet/alarm_service.py -> /home/thomas/ros2_ws/install/pkg_projet/lib/python3.10/site-packages/pkg_projet
copying /home/thomas/ros2_ws/build/pkg_projet/build/lib/pkg_projet/alarm_client.py -> /home/thomas/ros2_ws/install/pkg_projet/lib/python3.10/site-packages/pkg_projet
byte-compiling /home/thomas/ros2_ws/install/pkg_projet/lib/python3.10/site-packages/pkg_projet/__init__.py to __init__.cpython-310.pyc
byte-compiling /home/thomas/ros2_ws/install/pkg_projet/lib/python3.10/site-packages/pkg_projet/alarm_service.py to alarm_service.cpython-310.pyc
byte-compiling /home/thomas/ros2_ws/install/pkg_projet/lib/python3.10/site-packages/pkg_projet/alarm_client.py to alarm_client.cpython-310.pyc
running install_data
creating /home/thomas/ros2_ws/install/pkg_projet/share/ament_index
creating /home/thomas/ros2_ws/install/pkg_projet/share/ament_index/resource_index
creating /home/thomas/ros2_ws/install/pkg_projet/share/ament_index/resource_index/packages
copying resource/pkg_projet -> /home/thomas/ros2_ws/install/pkg_projet/share/ament_index/resource_index/packages
copying package.xml -> /home/thomas/ros2_ws/install/pkg_projet/share/pkg_projet
running install_egg_info
Copying ../../build/pkg_projet/pkg_projet.egg-info to /home/thomas/ros2_ws/install/pkg_projet/lib/python3.10/site-packages/pkg_projet-0.0.0-py3.10.egg-info
running install_scripts
Installing alarm_client script to /home/thomas/ros2_ws/install/pkg_projet/lib/pkg_projet
Installing alarm_service script to /home/thomas/ros2_ws/install/pkg_projet/lib/pkg_projet
writing list of installed files to '/home/thomas/ros2_ws/build/pkg_projet/install.log'
