[1.771s] Invoking command in '/home/thomas/ros2_ws/src/package_tp2': PYTHONPATH=/home/thomas/ros2_ws/build/package_tp2/prefix_override:/usr/lib/python3/dist-packages/colcon_core/task/python/colcon_distutils_commands:/home/thomas/ros2_ws/install/package_tp2/lib/python3.10/site-packages:${PYTHONPATH} /usr/bin/python3 -W ignore:setup.py install is deprecated setup.py egg_info --egg-base ../../build/package_tp2 build --build-base /home/thomas/ros2_ws/build/package_tp2/build install --record /home/thomas/ros2_ws/build/package_tp2/install.log --single-version-externally-managed install_data
[2.309s] running egg_info
[2.315s] writing ../../build/package_tp2/package_tp2.egg-info/PKG-INFO
[2.316s] writing dependency_links to ../../build/package_tp2/package_tp2.egg-info/dependency_links.txt
[2.318s] writing entry points to ../../build/package_tp2/package_tp2.egg-info/entry_points.txt
[2.320s] writing requirements to ../../build/package_tp2/package_tp2.egg-info/requires.txt
[2.322s] writing top-level names to ../../build/package_tp2/package_tp2.egg-info/top_level.txt
[2.325s] reading manifest file '../../build/package_tp2/package_tp2.egg-info/SOURCES.txt'
[2.325s] writing manifest file '../../build/package_tp2/package_tp2.egg-info/SOURCES.txt'
[2.328s] running build
[2.329s] running build_py
[2.329s] running install
[2.329s] running install_lib
[2.331s] running install_data
[2.334s] running install_egg_info
[2.334s] removing '/home/thomas/ros2_ws/install/package_tp2/lib/python3.10/site-packages/package_tp2-0.0.0-py3.10.egg-info' (and everything under it)
[2.335s] Copying ../../build/package_tp2/package_tp2.egg-info to /home/thomas/ros2_ws/install/package_tp2/lib/python3.10/site-packages/package_tp2-0.0.0-py3.10.egg-info
[2.336s] running install_scripts
[2.396s] Installing capteur1 script to /home/thomas/ros2_ws/install/package_tp2/lib/package_tp2
[2.399s] Installing capteur2 script to /home/thomas/ros2_ws/install/package_tp2/lib/package_tp2
[2.401s] Installing fusion script to /home/thomas/ros2_ws/install/package_tp2/lib/package_tp2
[2.402s] writing list of installed files to '/home/thomas/ros2_ws/build/package_tp2/install.log'
[2.459s] Invoked command in '/home/thomas/ros2_ws/src/package_tp2' returned '0': PYTHONPATH=/home/thomas/ros2_ws/build/package_tp2/prefix_override:/usr/lib/python3/dist-packages/colcon_core/task/python/colcon_distutils_commands:/home/thomas/ros2_ws/install/package_tp2/lib/python3.10/site-packages:${PYTHONPATH} /usr/bin/python3 -W ignore:setup.py install is deprecated setup.py egg_info --egg-base ../../build/package_tp2 build --build-base /home/thomas/ros2_ws/build/package_tp2/build install --record /home/thomas/ros2_ws/build/package_tp2/install.log --single-version-externally-managed install_data
