[1.310s] Invoking command in '/home/thomas/ros2_ws/src/my_python_pkg': PYTHONPATH=/home/thomas/ros2_ws/build/my_python_pkg/prefix_override:/usr/lib/python3/dist-packages/colcon_core/task/python/colcon_distutils_commands:/home/thomas/ros2_ws/install/my_python_pkg/lib/python3.10/site-packages:${PYTHONPATH} /usr/bin/python3 -W ignore:setup.py install is deprecated setup.py egg_info --egg-base ../../build/my_python_pkg build --build-base /home/thomas/ros2_ws/build/my_python_pkg/build install --record /home/thomas/ros2_ws/build/my_python_pkg/install.log --single-version-externally-managed install_data
[1.672s] running egg_info
[1.672s] writing ../../build/my_python_pkg/my_python_pkg.egg-info/PKG-INFO
[1.673s] writing dependency_links to ../../build/my_python_pkg/my_python_pkg.egg-info/dependency_links.txt
[1.689s] writing entry points to ../../build/my_python_pkg/my_python_pkg.egg-info/entry_points.txt
[1.697s] writing requirements to ../../build/my_python_pkg/my_python_pkg.egg-info/requires.txt
[1.697s] writing top-level names to ../../build/my_python_pkg/my_python_pkg.egg-info/top_level.txt
[1.697s] reading manifest file '../../build/my_python_pkg/my_python_pkg.egg-info/SOURCES.txt'
[1.697s] writing manifest file '../../build/my_python_pkg/my_python_pkg.egg-info/SOURCES.txt'
[1.723s] running build
[1.723s] running build_py
[1.723s] running install
[1.723s] running install_lib
[1.723s] running install_data
[1.723s] running install_egg_info
[1.723s] removing '/home/thomas/ros2_ws/install/my_python_pkg/lib/python3.10/site-packages/my_python_pkg-0.0.0-py3.10.egg-info' (and everything under it)
[1.723s] Copying ../../build/my_python_pkg/my_python_pkg.egg-info to /home/thomas/ros2_ws/install/my_python_pkg/lib/python3.10/site-packages/my_python_pkg-0.0.0-py3.10.egg-info
[1.723s] running install_scripts
[1.762s] Installing my_node script to /home/thomas/ros2_ws/install/my_python_pkg/lib/my_python_pkg
[1.764s] writing list of installed files to '/home/thomas/ros2_ws/build/my_python_pkg/install.log'
[1.823s] Invoked command in '/home/thomas/ros2_ws/src/my_python_pkg' returned '0': PYTHONPATH=/home/thomas/ros2_ws/build/my_python_pkg/prefix_override:/usr/lib/python3/dist-packages/colcon_core/task/python/colcon_distutils_commands:/home/thomas/ros2_ws/install/my_python_pkg/lib/python3.10/site-packages:${PYTHONPATH} /usr/bin/python3 -W ignore:setup.py install is deprecated setup.py egg_info --egg-base ../../build/my_python_pkg build --build-base /home/thomas/ros2_ws/build/my_python_pkg/build install --record /home/thomas/ros2_ws/build/my_python_pkg/install.log --single-version-externally-managed install_data
