running egg_info
writing ../../build/package_tp2/package_tp2.egg-info/PKG-INFO
writing dependency_links to ../../build/package_tp2/package_tp2.egg-info/dependency_links.txt
writing entry points to ../../build/package_tp2/package_tp2.egg-info/entry_points.txt
writing requirements to ../../build/package_tp2/package_tp2.egg-info/requires.txt
writing top-level names to ../../build/package_tp2/package_tp2.egg-info/top_level.txt
reading manifest file '../../build/package_tp2/package_tp2.egg-info/SOURCES.txt'
writing manifest file '../../build/package_tp2/package_tp2.egg-info/SOURCES.txt'
running build
running build_py
running install
running install_lib
copying /home/thogms/ros2_ws/build/package_tp2/build/lib/package_tp2/__init__.py:Zone.Identifier:Zone.Identifier -> /home/thogms/ros2_ws/install/package_tp2/lib/python3.10/site-packages/package_tp2
copying /home/thogms/ros2_ws/build/package_tp2/build/lib/package_tp2/fusion.py:Zone.Identifier:Zone.Identifier -> /home/thogms/ros2_ws/install/package_tp2/lib/python3.10/site-packages/package_tp2
copying /home/thogms/ros2_ws/build/package_tp2/build/lib/package_tp2/capteur2.py:Zone.Identifier:Zone.Identifier -> /home/thogms/ros2_ws/install/package_tp2/lib/python3.10/site-packages/package_tp2
copying /home/thogms/ros2_ws/build/package_tp2/build/lib/package_tp2/capteur1.py:Zone.Identifier:Zone.Identifier -> /home/thogms/ros2_ws/install/package_tp2/lib/python3.10/site-packages/package_tp2
running install_data
running install_egg_info
removing '/home/thogms/ros2_ws/install/package_tp2/lib/python3.10/site-packages/package_tp2-0.0.0-py3.10.egg-info' (and everything under it)
Copying ../../build/package_tp2/package_tp2.egg-info to /home/thogms/ros2_ws/install/package_tp2/lib/python3.10/site-packages/package_tp2-0.0.0-py3.10.egg-info
running install_scripts
Installing capteur1 script to /home/thogms/ros2_ws/install/package_tp2/lib/package_tp2
Installing capteur2 script to /home/thogms/ros2_ws/install/package_tp2/lib/package_tp2
Installing fusion script to /home/thogms/ros2_ws/install/package_tp2/lib/package_tp2
writing list of installed files to '/home/thogms/ros2_ws/build/package_tp2/install.log'
