[1.663s] Invoking command in '/home/thogms/ros2_ws/src/package_tp2': PYTHONPATH=/home/thogms/ros2_ws/build/package_tp2/prefix_override:/usr/lib/python3/dist-packages/colcon_core/task/python/colcon_distutils_commands:/home/thogms/ros2_ws/install/package_tp2/lib/python3.10/site-packages:${PYTHONPATH} /usr/bin/python3 -W ignore:setup.py install is deprecated -W ignore:easy_install command is deprecated setup.py egg_info --egg-base ../../build/package_tp2 build --build-base /home/thogms/ros2_ws/build/package_tp2/build install --record /home/thogms/ros2_ws/build/package_tp2/install.log --single-version-externally-managed install_data
[1.902s] running egg_info
[1.903s] writing ../../build/package_tp2/package_tp2.egg-info/PKG-INFO
[1.903s] writing dependency_links to ../../build/package_tp2/package_tp2.egg-info/dependency_links.txt
[1.904s] writing entry points to ../../build/package_tp2/package_tp2.egg-info/entry_points.txt
[1.904s] writing requirements to ../../build/package_tp2/package_tp2.egg-info/requires.txt
[1.904s] writing top-level names to ../../build/package_tp2/package_tp2.egg-info/top_level.txt
[1.906s] reading manifest file '../../build/package_tp2/package_tp2.egg-info/SOURCES.txt'
[1.908s] writing manifest file '../../build/package_tp2/package_tp2.egg-info/SOURCES.txt'
[1.908s] running build
[1.908s] running build_py
[1.908s] running install
[1.909s] running install_lib
[1.910s] copying /home/thogms/ros2_ws/build/package_tp2/build/lib/package_tp2/__init__.py:Zone.Identifier:Zone.Identifier -> /home/thogms/ros2_ws/install/package_tp2/lib/python3.10/site-packages/package_tp2
[1.911s] copying /home/thogms/ros2_ws/build/package_tp2/build/lib/package_tp2/fusion.py:Zone.Identifier:Zone.Identifier -> /home/thogms/ros2_ws/install/package_tp2/lib/python3.10/site-packages/package_tp2
[1.911s] copying /home/thogms/ros2_ws/build/package_tp2/build/lib/package_tp2/capteur2.py:Zone.Identifier:Zone.Identifier -> /home/thogms/ros2_ws/install/package_tp2/lib/python3.10/site-packages/package_tp2
[1.911s] copying /home/thogms/ros2_ws/build/package_tp2/build/lib/package_tp2/capteur1.py:Zone.Identifier:Zone.Identifier -> /home/thogms/ros2_ws/install/package_tp2/lib/python3.10/site-packages/package_tp2
[1.912s] running install_data
[1.912s] running install_egg_info
[1.915s] removing '/home/thogms/ros2_ws/install/package_tp2/lib/python3.10/site-packages/package_tp2-0.0.0-py3.10.egg-info' (and everything under it)
[1.916s] Copying ../../build/package_tp2/package_tp2.egg-info to /home/thogms/ros2_ws/install/package_tp2/lib/python3.10/site-packages/package_tp2-0.0.0-py3.10.egg-info
[1.923s] running install_scripts
[1.951s] Installing capteur1 script to /home/thogms/ros2_ws/install/package_tp2/lib/package_tp2
[1.951s] Installing capteur2 script to /home/thogms/ros2_ws/install/package_tp2/lib/package_tp2
[1.951s] Installing fusion script to /home/thogms/ros2_ws/install/package_tp2/lib/package_tp2
[1.952s] writing list of installed files to '/home/thogms/ros2_ws/build/package_tp2/install.log'
[2.037s] Invoked command in '/home/thogms/ros2_ws/src/package_tp2' returned '0': PYTHONPATH=/home/thogms/ros2_ws/build/package_tp2/prefix_override:/usr/lib/python3/dist-packages/colcon_core/task/python/colcon_distutils_commands:/home/thogms/ros2_ws/install/package_tp2/lib/python3.10/site-packages:${PYTHONPATH} /usr/bin/python3 -W ignore:setup.py install is deprecated -W ignore:easy_install command is deprecated setup.py egg_info --egg-base ../../build/package_tp2 build --build-base /home/thogms/ros2_ws/build/package_tp2/build install --record /home/thogms/ros2_ws/build/package_tp2/install.log --single-version-externally-managed install_data
