[2.190s] Invoking command in '/home/thogms/ros2_ws/src/package_tp2': PYTHONPATH=/home/thogms/ros2_ws/build/package_tp2/prefix_override:/usr/lib/python3/dist-packages/colcon_core/task/python/colcon_distutils_commands:/home/thogms/ros2_ws/install/package_tp2/lib/python3.10/site-packages:${PYTHONPATH} /usr/bin/python3 -W ignore:setup.py install is deprecated -W ignore:easy_install command is deprecated setup.py egg_info --egg-base ../../build/package_tp2 build --build-base /home/thogms/ros2_ws/build/package_tp2/build install --record /home/thogms/ros2_ws/build/package_tp2/install.log --single-version-externally-managed install_data
[2.504s] running egg_info
[2.505s] writing ../../build/package_tp2/package_tp2.egg-info/PKG-INFO
[2.507s] writing dependency_links to ../../build/package_tp2/package_tp2.egg-info/dependency_links.txt
[2.508s] writing entry points to ../../build/package_tp2/package_tp2.egg-info/entry_points.txt
[2.508s] writing requirements to ../../build/package_tp2/package_tp2.egg-info/requires.txt
[2.509s] writing top-level names to ../../build/package_tp2/package_tp2.egg-info/top_level.txt
[2.511s] reading manifest file '../../build/package_tp2/package_tp2.egg-info/SOURCES.txt'
[2.513s] writing manifest file '../../build/package_tp2/package_tp2.egg-info/SOURCES.txt'
[2.513s] running build
[2.514s] running build_py
[2.515s] running install
[2.515s] running install_lib
[2.517s] running install_data
[2.517s] running install_egg_info
[2.520s] removing '/home/thogms/ros2_ws/install/package_tp2/lib/python3.10/site-packages/package_tp2-0.0.0-py3.10.egg-info' (and everything under it)
[2.520s] Copying ../../build/package_tp2/package_tp2.egg-info to /home/thogms/ros2_ws/install/package_tp2/lib/python3.10/site-packages/package_tp2-0.0.0-py3.10.egg-info
[2.522s] running install_scripts
[2.555s] Installing capteur1 script to /home/thogms/ros2_ws/install/package_tp2/lib/package_tp2
[2.556s] Installing capteur2 script to /home/thogms/ros2_ws/install/package_tp2/lib/package_tp2
[2.557s] Installing fusion script to /home/thogms/ros2_ws/install/package_tp2/lib/package_tp2
[2.557s] writing list of installed files to '/home/thogms/ros2_ws/build/package_tp2/install.log'
[2.617s] Invoked command in '/home/thogms/ros2_ws/src/package_tp2' returned '0': PYTHONPATH=/home/thogms/ros2_ws/build/package_tp2/prefix_override:/usr/lib/python3/dist-packages/colcon_core/task/python/colcon_distutils_commands:/home/thogms/ros2_ws/install/package_tp2/lib/python3.10/site-packages:${PYTHONPATH} /usr/bin/python3 -W ignore:setup.py install is deprecated -W ignore:easy_install command is deprecated setup.py egg_info --egg-base ../../build/package_tp2 build --build-base /home/thogms/ros2_ws/build/package_tp2/build install --record /home/thogms/ros2_ws/build/package_tp2/install.log --single-version-externally-managed install_data
