[2.169s] Invoking command in '/home/thogms/ros2_ws/src/projet_pkg': PYTHONPATH=/home/thogms/ros2_ws/build/projet_pkg/prefix_override:/usr/lib/python3/dist-packages/colcon_core/task/python/colcon_distutils_commands:/home/thogms/ros2_ws/install/projet_pkg/lib/python3.10/site-packages:${PYTHONPATH} /usr/bin/python3 -W ignore:setup.py install is deprecated -W ignore:easy_install command is deprecated setup.py egg_info --egg-base ../../build/projet_pkg build --build-base /home/thogms/ros2_ws/build/projet_pkg/build install --record /home/thogms/ros2_ws/build/projet_pkg/install.log --single-version-externally-managed install_data
[2.524s] running egg_info
[2.525s] writing ../../build/projet_pkg/projet_pkg.egg-info/PKG-INFO
[2.527s] writing dependency_links to ../../build/projet_pkg/projet_pkg.egg-info/dependency_links.txt
[2.528s] writing entry points to ../../build/projet_pkg/projet_pkg.egg-info/entry_points.txt
[2.528s] writing requirements to ../../build/projet_pkg/projet_pkg.egg-info/requires.txt
[2.528s] writing top-level names to ../../build/projet_pkg/projet_pkg.egg-info/top_level.txt
[2.530s] reading manifest file '../../build/projet_pkg/projet_pkg.egg-info/SOURCES.txt'
[2.531s] writing manifest file '../../build/projet_pkg/projet_pkg.egg-info/SOURCES.txt'
[2.531s] running build
[2.531s] running build_py
[2.532s] copying projet_pkg/publisher_presenceout.py -> /home/thogms/ros2_ws/build/projet_pkg/build/lib/projet_pkg
[2.533s] copying projet_pkg/controle_temperature.py -> /home/thogms/ros2_ws/build/projet_pkg/build/lib/projet_pkg
[2.533s] copying projet_pkg/publisher_temperature.py -> /home/thogms/ros2_ws/build/projet_pkg/build/lib/projet_pkg
[2.534s] copying projet_pkg/publisher_time.py -> /home/thogms/ros2_ws/build/projet_pkg/build/lib/projet_pkg
[2.535s] copying projet_pkg/controle_luminosity.py -> /home/thogms/ros2_ws/build/projet_pkg/build/lib/projet_pkg
[2.535s] copying projet_pkg/publisher_luminosity.py -> /home/thogms/ros2_ws/build/projet_pkg/build/lib/projet_pkg
[2.536s] copying projet_pkg/controle_alarme.py -> /home/thogms/ros2_ws/build/projet_pkg/build/lib/projet_pkg
[2.536s] copying projet_pkg/controle_volet.py -> /home/thogms/ros2_ws/build/projet_pkg/build/lib/projet_pkg
[2.537s] copying projet_pkg/publisher_bouton.py -> /home/thogms/ros2_ws/build/projet_pkg/build/lib/projet_pkg
[2.538s] copying projet_pkg/controle_buzzer.py -> /home/thogms/ros2_ws/build/projet_pkg/build/lib/projet_pkg
[2.539s] copying projet_pkg/publisher_presenceInt.py -> /home/thogms/ros2_ws/build/projet_pkg/build/lib/projet_pkg
[2.541s] running install
[2.542s] running install_lib
[2.547s] copying /home/thogms/ros2_ws/build/projet_pkg/build/lib/projet_pkg/publisher_presenceout.py -> /home/thogms/ros2_ws/install/projet_pkg/lib/python3.10/site-packages/projet_pkg
[2.547s] copying /home/thogms/ros2_ws/build/projet_pkg/build/lib/projet_pkg/controle_temperature.py -> /home/thogms/ros2_ws/install/projet_pkg/lib/python3.10/site-packages/projet_pkg
[2.547s] copying /home/thogms/ros2_ws/build/projet_pkg/build/lib/projet_pkg/publisher_temperature.py -> /home/thogms/ros2_ws/install/projet_pkg/lib/python3.10/site-packages/projet_pkg
[2.547s] copying /home/thogms/ros2_ws/build/projet_pkg/build/lib/projet_pkg/publisher_time.py -> /home/thogms/ros2_ws/install/projet_pkg/lib/python3.10/site-packages/projet_pkg
[2.547s] copying /home/thogms/ros2_ws/build/projet_pkg/build/lib/projet_pkg/controle_luminosity.py -> /home/thogms/ros2_ws/install/projet_pkg/lib/python3.10/site-packages/projet_pkg
[2.547s] copying /home/thogms/ros2_ws/build/projet_pkg/build/lib/projet_pkg/publisher_luminosity.py -> /home/thogms/ros2_ws/install/projet_pkg/lib/python3.10/site-packages/projet_pkg
[2.547s] copying /home/thogms/ros2_ws/build/projet_pkg/build/lib/projet_pkg/controle_alarme.py -> /home/thogms/ros2_ws/install/projet_pkg/lib/python3.10/site-packages/projet_pkg
[2.548s] copying /home/thogms/ros2_ws/build/projet_pkg/build/lib/projet_pkg/controle_volet.py -> /home/thogms/ros2_ws/install/projet_pkg/lib/python3.10/site-packages/projet_pkg
[2.548s] copying /home/thogms/ros2_ws/build/projet_pkg/build/lib/projet_pkg/publisher_bouton.py -> /home/thogms/ros2_ws/install/projet_pkg/lib/python3.10/site-packages/projet_pkg
[2.548s] copying /home/thogms/ros2_ws/build/projet_pkg/build/lib/projet_pkg/controle_buzzer.py -> /home/thogms/ros2_ws/install/projet_pkg/lib/python3.10/site-packages/projet_pkg
[2.548s] copying /home/thogms/ros2_ws/build/projet_pkg/build/lib/projet_pkg/publisher_presenceInt.py -> /home/thogms/ros2_ws/install/projet_pkg/lib/python3.10/site-packages/projet_pkg
[2.552s] byte-compiling /home/thogms/ros2_ws/install/projet_pkg/lib/python3.10/site-packages/projet_pkg/publisher_presenceout.py to publisher_presenceout.cpython-310.pyc
[2.553s] byte-compiling /home/thogms/ros2_ws/install/projet_pkg/lib/python3.10/site-packages/projet_pkg/controle_temperature.py to controle_temperature.cpython-310.pyc
[2.553s] byte-compiling /home/thogms/ros2_ws/install/projet_pkg/lib/python3.10/site-packages/projet_pkg/publisher_temperature.py to publisher_temperature.cpython-310.pyc
[2.553s] byte-compiling /home/thogms/ros2_ws/install/projet_pkg/lib/python3.10/site-packages/projet_pkg/publisher_time.py to publisher_time.cpython-310.pyc
[2.553s] byte-compiling /home/thogms/ros2_ws/install/projet_pkg/lib/python3.10/site-packages/projet_pkg/controle_luminosity.py to controle_luminosity.cpython-310.pyc
[2.553s] byte-compiling /home/thogms/ros2_ws/install/projet_pkg/lib/python3.10/site-packages/projet_pkg/publisher_luminosity.py to publisher_luminosity.cpython-310.pyc
[2.553s] byte-compiling /home/thogms/ros2_ws/install/projet_pkg/lib/python3.10/site-packages/projet_pkg/controle_alarme.py to controle_alarme.cpython-310.pyc
[2.554s] byte-compiling /home/thogms/ros2_ws/install/projet_pkg/lib/python3.10/site-packages/projet_pkg/controle_volet.py to controle_volet.cpython-310.pyc
[2.555s] byte-compiling /home/thogms/ros2_ws/install/projet_pkg/lib/python3.10/site-packages/projet_pkg/publisher_bouton.py to publisher_bouton.cpython-310.pyc
[2.555s] byte-compiling /home/thogms/ros2_ws/install/projet_pkg/lib/python3.10/site-packages/projet_pkg/controle_buzzer.py to controle_buzzer.cpython-310.pyc
[2.556s] byte-compiling /home/thogms/ros2_ws/install/projet_pkg/lib/python3.10/site-packages/projet_pkg/publisher_presenceInt.py to publisher_presenceInt.cpython-310.pyc
[2.557s] running install_data
[2.557s] running install_egg_info
[2.560s] removing '/home/thogms/ros2_ws/install/projet_pkg/lib/python3.10/site-packages/projet_pkg-0.0.0-py3.10.egg-info' (and everything under it)
[2.561s] Copying ../../build/projet_pkg/projet_pkg.egg-info to /home/thogms/ros2_ws/install/projet_pkg/lib/python3.10/site-packages/projet_pkg-0.0.0-py3.10.egg-info
[2.562s] running install_scripts
[2.596s] Installing controle_luminosity script to /home/thogms/ros2_ws/install/projet_pkg/lib/projet_pkg
[2.596s] Installing controle_presenceInt script to /home/thogms/ros2_ws/install/projet_pkg/lib/projet_pkg
[2.596s] Installing controle_presenceOut script to /home/thogms/ros2_ws/install/projet_pkg/lib/projet_pkg
[2.596s] Installing controle_temperature script to /home/thogms/ros2_ws/install/projet_pkg/lib/projet_pkg
[2.597s] Installing controle_time script to /home/thogms/ros2_ws/install/projet_pkg/lib/projet_pkg
[2.598s] Installing publisher_bouton script to /home/thogms/ros2_ws/install/projet_pkg/lib/projet_pkg
[2.598s] Installing publisher_luminosity script to /home/thogms/ros2_ws/install/projet_pkg/lib/projet_pkg
[2.598s] Installing publisher_presenceInt script to /home/thogms/ros2_ws/install/projet_pkg/lib/projet_pkg
[2.598s] Installing publisher_presenceOut script to /home/thogms/ros2_ws/install/projet_pkg/lib/projet_pkg
[2.598s] Installing publisher_temperature script to /home/thogms/ros2_ws/install/projet_pkg/lib/projet_pkg
[2.598s] Installing publisher_time script to /home/thogms/ros2_ws/install/projet_pkg/lib/projet_pkg
[2.599s] Installing web script to /home/thogms/ros2_ws/install/projet_pkg/lib/projet_pkg
[2.599s] writing list of installed files to '/home/thogms/ros2_ws/build/projet_pkg/install.log'
[2.675s] Invoked command in '/home/thogms/ros2_ws/src/projet_pkg' returned '0': PYTHONPATH=/home/thogms/ros2_ws/build/projet_pkg/prefix_override:/usr/lib/python3/dist-packages/colcon_core/task/python/colcon_distutils_commands:/home/thogms/ros2_ws/install/projet_pkg/lib/python3.10/site-packages:${PYTHONPATH} /usr/bin/python3 -W ignore:setup.py install is deprecated -W ignore:easy_install command is deprecated setup.py egg_info --egg-base ../../build/projet_pkg build --build-base /home/thogms/ros2_ws/build/projet_pkg/build install --record /home/thogms/ros2_ws/build/projet_pkg/install.log --single-version-externally-managed install_data
