[1.452s] Invoking command in '/home/thomas/ros2_ws/src/package_tp2_b': PYTHONPATH=/home/thomas/ros2_ws/build/package_tp2_b/prefix_override:/usr/lib/python3/dist-packages/colcon_core/task/python/colcon_distutils_commands:/home/thomas/ros2_ws/install/package_tp2_b/lib/python3.10/site-packages:${PYTHONPATH} /usr/bin/python3 -W ignore:setup.py install is deprecated setup.py egg_info --egg-base ../../build/package_tp2_b build --build-base /home/thomas/ros2_ws/build/package_tp2_b/build install --record /home/thomas/ros2_ws/build/package_tp2_b/install.log --single-version-externally-managed install_data
[1.974s] running egg_info
[1.974s] writing ../../build/package_tp2_b/package_tp2_b.egg-info/PKG-INFO
[1.983s] writing dependency_links to ../../build/package_tp2_b/package_tp2_b.egg-info/dependency_links.txt
[1.983s] writing entry points to ../../build/package_tp2_b/package_tp2_b.egg-info/entry_points.txt
[1.988s] writing requirements to ../../build/package_tp2_b/package_tp2_b.egg-info/requires.txt
[1.990s] writing top-level names to ../../build/package_tp2_b/package_tp2_b.egg-info/top_level.txt
[1.994s] reading manifest file '../../build/package_tp2_b/package_tp2_b.egg-info/SOURCES.txt'
[1.994s] writing manifest file '../../build/package_tp2_b/package_tp2_b.egg-info/SOURCES.txt'
[1.996s] running build
[1.997s] running build_py
[1.998s] copying package_tp2_b/fusion.py -> /home/thomas/ros2_ws/build/package_tp2_b/build/lib/package_tp2_b
[1.998s] running install
[1.998s] running install_lib
[2.001s] copying /home/thomas/ros2_ws/build/package_tp2_b/build/lib/package_tp2_b/fusion.py -> /home/thomas/ros2_ws/install/package_tp2_b/lib/python3.10/site-packages/package_tp2_b
[2.001s] byte-compiling /home/thomas/ros2_ws/install/package_tp2_b/lib/python3.10/site-packages/package_tp2_b/fusion.py to fusion.cpython-310.pyc
[2.038s] running install_data
[2.039s] running install_egg_info
[2.039s] removing '/home/thomas/ros2_ws/install/package_tp2_b/lib/python3.10/site-packages/package_tp2_b-0.0.0-py3.10.egg-info' (and everything under it)
[2.039s] Copying ../../build/package_tp2_b/package_tp2_b.egg-info to /home/thomas/ros2_ws/install/package_tp2_b/lib/python3.10/site-packages/package_tp2_b-0.0.0-py3.10.egg-info
[2.039s] running install_scripts
[2.075s] Installing capteur1 script to /home/thomas/ros2_ws/install/package_tp2_b/lib/package_tp2_b
[2.075s] Installing capteur2 script to /home/thomas/ros2_ws/install/package_tp2_b/lib/package_tp2_b
[2.078s] Installing fusion script to /home/thomas/ros2_ws/install/package_tp2_b/lib/package_tp2_b
[2.079s] writing list of installed files to '/home/thomas/ros2_ws/build/package_tp2_b/install.log'
[2.148s] Invoked command in '/home/thomas/ros2_ws/src/package_tp2_b' returned '0': PYTHONPATH=/home/thomas/ros2_ws/build/package_tp2_b/prefix_override:/usr/lib/python3/dist-packages/colcon_core/task/python/colcon_distutils_commands:/home/thomas/ros2_ws/install/package_tp2_b/lib/python3.10/site-packages:${PYTHONPATH} /usr/bin/python3 -W ignore:setup.py install is deprecated setup.py egg_info --egg-base ../../build/package_tp2_b build --build-base /home/thomas/ros2_ws/build/package_tp2_b/build install --record /home/thomas/ros2_ws/build/package_tp2_b/install.log --single-version-externally-managed install_data
