[1.669s] Invoking command in '/home/thogms/ros2_ws/src/my_python_pkg': PYTHONPATH=/home/thogms/ros2_ws/build/my_python_pkg/prefix_override:/usr/lib/python3/dist-packages/colcon_core/task/python/colcon_distutils_commands:/home/thogms/ros2_ws/install/my_python_pkg/lib/python3.10/site-packages:${PYTHONPATH} /usr/bin/python3 -W ignore:setup.py install is deprecated -W ignore:easy_install command is deprecated setup.py egg_info --egg-base ../../build/my_python_pkg build --build-base /home/thogms/ros2_ws/build/my_python_pkg/build install --record /home/thogms/ros2_ws/build/my_python_pkg/install.log --single-version-externally-managed install_data
[1.892s] running egg_info
[1.893s] writing ../../build/my_python_pkg/my_python_pkg.egg-info/PKG-INFO
[1.894s] writing dependency_links to ../../build/my_python_pkg/my_python_pkg.egg-info/dependency_links.txt
[1.895s] writing entry points to ../../build/my_python_pkg/my_python_pkg.egg-info/entry_points.txt
[1.895s] writing requirements to ../../build/my_python_pkg/my_python_pkg.egg-info/requires.txt
[1.895s] writing top-level names to ../../build/my_python_pkg/my_python_pkg.egg-info/top_level.txt
[1.899s] reading manifest file '../../build/my_python_pkg/my_python_pkg.egg-info/SOURCES.txt'
[1.900s] writing manifest file '../../build/my_python_pkg/my_python_pkg.egg-info/SOURCES.txt'
[1.901s] running build
[1.901s] running build_py
[1.901s] running install
[1.901s] running install_lib
[1.903s] copying /home/thogms/ros2_ws/build/my_python_pkg/build/lib/my_python_pkg/my_node.py:Zone.Identifier:Zone.Identifier -> /home/thogms/ros2_ws/install/my_python_pkg/lib/python3.10/site-packages/my_python_pkg
[1.904s] copying /home/thogms/ros2_ws/build/my_python_pkg/build/lib/my_python_pkg/__init__.py:Zone.Identifier:Zone.Identifier -> /home/thogms/ros2_ws/install/my_python_pkg/lib/python3.10/site-packages/my_python_pkg
[1.904s] running install_data
[1.904s] running install_egg_info
[1.907s] removing '/home/thogms/ros2_ws/install/my_python_pkg/lib/python3.10/site-packages/my_python_pkg-0.0.0-py3.10.egg-info' (and everything under it)
[1.909s] Copying ../../build/my_python_pkg/my_python_pkg.egg-info to /home/thogms/ros2_ws/install/my_python_pkg/lib/python3.10/site-packages/my_python_pkg-0.0.0-py3.10.egg-info
[1.916s] running install_scripts
[1.944s] Installing my_node script to /home/thogms/ros2_ws/install/my_python_pkg/lib/my_python_pkg
[1.944s] writing list of installed files to '/home/thogms/ros2_ws/build/my_python_pkg/install.log'
[2.000s] Invoked command in '/home/thogms/ros2_ws/src/my_python_pkg' returned '0': PYTHONPATH=/home/thogms/ros2_ws/build/my_python_pkg/prefix_override:/usr/lib/python3/dist-packages/colcon_core/task/python/colcon_distutils_commands:/home/thogms/ros2_ws/install/my_python_pkg/lib/python3.10/site-packages:${PYTHONPATH} /usr/bin/python3 -W ignore:setup.py install is deprecated -W ignore:easy_install command is deprecated setup.py egg_info --egg-base ../../build/my_python_pkg build --build-base /home/thogms/ros2_ws/build/my_python_pkg/build install --record /home/thogms/ros2_ws/build/my_python_pkg/install.log --single-version-externally-managed install_data
