[0.130s] DEBUG:colcon:Command line arguments: ['/usr/bin/colcon', 'build']
[0.130s] DEBUG:colcon:Parsed command line arguments: Namespace(log_base=None, log_level=None, verb_name='build', build_base='build', install_base='install', merge_install=False, symlink_install=False, test_result_base=None, continue_on_error=False, executor='parallel', parallel_workers=1, event_handlers=None, ignore_user_meta=False, metas=['./colcon.meta'], base_paths=['.'], packages_ignore=None, packages_ignore_regex=None, paths=None, packages_up_to=None, packages_up_to_regex=None, packages_above=None, packages_above_and_dependencies=None, packages_above_depth=None, packages_select_by_dep=None, packages_skip_by_dep=None, packages_skip_up_to=None, packages_select_build_failed=False, packages_skip_build_finished=False, packages_select_test_failures=False, packages_skip_test_passed=False, packages_select=None, packages_skip=None, packages_select_regex=None, packages_skip_regex=None, packages_start=None, packages_end=None, allow_overriding=[], cmake_args=None, cmake_target=None, cmake_target_skip_unavailable=False, cmake_clean_cache=False, cmake_clean_first=False, cmake_force_configure=False, ament_cmake_args=None, catkin_cmake_args=None, catkin_skip_building_tests=False, verb_parser=<colcon_defaults.argument_parser.defaults.DefaultArgumentsDecorator object at 0x77ec71d8b970>, verb_extension=<colcon_core.verb.build.BuildVerb object at 0x77ec71f445b0>, main=<bound method BuildVerb.main of <colcon_core.verb.build.BuildVerb object at 0x77ec71f445b0>>)
[0.327s] Level 1:colcon.colcon_core.package_discovery:discover_packages(colcon_meta) check parameters
[0.327s] Level 1:colcon.colcon_core.package_discovery:discover_packages(recursive) check parameters
[0.327s] Level 1:colcon.colcon_core.package_discovery:discover_packages(ignore) check parameters
[0.327s] Level 1:colcon.colcon_core.package_discovery:discover_packages(path) check parameters
[0.327s] Level 1:colcon.colcon_core.package_discovery:discover_packages(colcon_meta) discover
[0.327s] Level 1:colcon.colcon_core.package_discovery:discover_packages(recursive) discover
[0.328s] INFO:colcon.colcon_core.package_discovery:Crawling recursively for packages in '/home/thomas/ros2_ws'
[0.328s] Level 1:colcon.colcon_core.package_identification:_identify(.) by extensions ['ignore', 'ignore_ament_install']
[0.328s] Level 1:colcon.colcon_core.package_identification:_identify(.) by extension 'ignore'
[0.328s] Level 1:colcon.colcon_core.package_identification:_identify(.) by extension 'ignore_ament_install'
[0.328s] Level 1:colcon.colcon_core.package_identification:_identify(.) by extensions ['colcon_pkg']
[0.328s] Level 1:colcon.colcon_core.package_identification:_identify(.) by extension 'colcon_pkg'
[0.328s] Level 1:colcon.colcon_core.package_identification:_identify(.) by extensions ['colcon_meta']
[0.328s] Level 1:colcon.colcon_core.package_identification:_identify(.) by extension 'colcon_meta'
[0.328s] Level 1:colcon.colcon_core.package_identification:_identify(.) by extensions ['ros']
[0.328s] Level 1:colcon.colcon_core.package_identification:_identify(.) by extension 'ros'
[0.347s] Level 1:colcon.colcon_core.package_identification:_identify(.) by extensions ['cmake', 'python']
[0.347s] Level 1:colcon.colcon_core.package_identification:_identify(.) by extension 'cmake'
[0.347s] Level 1:colcon.colcon_core.package_identification:_identify(.) by extension 'python'
[0.347s] Level 1:colcon.colcon_core.package_identification:_identify(.) by extensions ['python_setup_py']
[0.347s] Level 1:colcon.colcon_core.package_identification:_identify(.) by extension 'python_setup_py'
[0.347s] Level 1:colcon.colcon_core.package_identification:_identify(build) by extensions ['ignore', 'ignore_ament_install']
[0.347s] Level 1:colcon.colcon_core.package_identification:_identify(build) by extension 'ignore'
[0.347s] Level 1:colcon.colcon_core.package_identification:_identify(build) ignored
[0.347s] Level 1:colcon.colcon_core.package_identification:_identify(install) by extensions ['ignore', 'ignore_ament_install']
[0.347s] Level 1:colcon.colcon_core.package_identification:_identify(install) by extension 'ignore'
[0.347s] Level 1:colcon.colcon_core.package_identification:_identify(install) ignored
[0.347s] Level 1:colcon.colcon_core.package_identification:_identify(log) by extensions ['ignore', 'ignore_ament_install']
[0.348s] Level 1:colcon.colcon_core.package_identification:_identify(log) by extension 'ignore'
[0.348s] Level 1:colcon.colcon_core.package_identification:_identify(log) ignored
[0.348s] Level 1:colcon.colcon_core.package_identification:_identify(src) by extensions ['ignore', 'ignore_ament_install']
[0.348s] Level 1:colcon.colcon_core.package_identification:_identify(src) by extension 'ignore'
[0.348s] Level 1:colcon.colcon_core.package_identification:_identify(src) by extension 'ignore_ament_install'
[0.348s] Level 1:colcon.colcon_core.package_identification:_identify(src) by extensions ['colcon_pkg']
[0.348s] Level 1:colcon.colcon_core.package_identification:_identify(src) by extension 'colcon_pkg'
[0.348s] Level 1:colcon.colcon_core.package_identification:_identify(src) by extensions ['colcon_meta']
[0.348s] Level 1:colcon.colcon_core.package_identification:_identify(src) by extension 'colcon_meta'
[0.348s] Level 1:colcon.colcon_core.package_identification:_identify(src) by extensions ['ros']
[0.348s] Level 1:colcon.colcon_core.package_identification:_identify(src) by extension 'ros'
[0.348s] Level 1:colcon.colcon_core.package_identification:_identify(src) by extensions ['cmake', 'python']
[0.348s] Level 1:colcon.colcon_core.package_identification:_identify(src) by extension 'cmake'
[0.348s] Level 1:colcon.colcon_core.package_identification:_identify(src) by extension 'python'
[0.348s] Level 1:colcon.colcon_core.package_identification:_identify(src) by extensions ['python_setup_py']
[0.348s] Level 1:colcon.colcon_core.package_identification:_identify(src) by extension 'python_setup_py'
[0.348s] Level 1:colcon.colcon_core.package_identification:_identify(src/my_python_pkg) by extensions ['ignore', 'ignore_ament_install']
[0.348s] Level 1:colcon.colcon_core.package_identification:_identify(src/my_python_pkg) by extension 'ignore'
[0.348s] Level 1:colcon.colcon_core.package_identification:_identify(src/my_python_pkg) by extension 'ignore_ament_install'
[0.348s] Level 1:colcon.colcon_core.package_identification:_identify(src/my_python_pkg) by extensions ['colcon_pkg']
[0.348s] Level 1:colcon.colcon_core.package_identification:_identify(src/my_python_pkg) by extension 'colcon_pkg'
[0.349s] Level 1:colcon.colcon_core.package_identification:_identify(src/my_python_pkg) by extensions ['colcon_meta']
[0.349s] Level 1:colcon.colcon_core.package_identification:_identify(src/my_python_pkg) by extension 'colcon_meta'
[0.349s] Level 1:colcon.colcon_core.package_identification:_identify(src/my_python_pkg) by extensions ['ros']
[0.349s] Level 1:colcon.colcon_core.package_identification:_identify(src/my_python_pkg) by extension 'ros'
[0.353s] DEBUG:colcon.colcon_core.package_identification:Package 'src/my_python_pkg' with type 'ros.ament_python' and name 'my_python_pkg'
[0.354s] Level 1:colcon.colcon_core.package_identification:_identify(src/package_tp2) by extensions ['ignore', 'ignore_ament_install']
[0.354s] Level 1:colcon.colcon_core.package_identification:_identify(src/package_tp2) by extension 'ignore'
[0.354s] Level 1:colcon.colcon_core.package_identification:_identify(src/package_tp2) by extension 'ignore_ament_install'
[0.354s] Level 1:colcon.colcon_core.package_identification:_identify(src/package_tp2) by extensions ['colcon_pkg']
[0.354s] Level 1:colcon.colcon_core.package_identification:_identify(src/package_tp2) by extension 'colcon_pkg'
[0.354s] Level 1:colcon.colcon_core.package_identification:_identify(src/package_tp2) by extensions ['colcon_meta']
[0.354s] Level 1:colcon.colcon_core.package_identification:_identify(src/package_tp2) by extension 'colcon_meta'
[0.354s] Level 1:colcon.colcon_core.package_identification:_identify(src/package_tp2) by extensions ['ros']
[0.354s] Level 1:colcon.colcon_core.package_identification:_identify(src/package_tp2) by extension 'ros'
[0.355s] DEBUG:colcon.colcon_core.package_identification:Package 'src/package_tp2' with type 'ros.ament_python' and name 'package_tp2'
[0.355s] Level 1:colcon.colcon_core.package_identification:_identify(src/package_tp2_b) by extensions ['ignore', 'ignore_ament_install']
[0.355s] Level 1:colcon.colcon_core.package_identification:_identify(src/package_tp2_b) by extension 'ignore'
[0.355s] Level 1:colcon.colcon_core.package_identification:_identify(src/package_tp2_b) by extension 'ignore_ament_install'
[0.355s] Level 1:colcon.colcon_core.package_identification:_identify(src/package_tp2_b) by extensions ['colcon_pkg']
[0.355s] Level 1:colcon.colcon_core.package_identification:_identify(src/package_tp2_b) by extension 'colcon_pkg'
[0.355s] Level 1:colcon.colcon_core.package_identification:_identify(src/package_tp2_b) by extensions ['colcon_meta']
[0.355s] Level 1:colcon.colcon_core.package_identification:_identify(src/package_tp2_b) by extension 'colcon_meta'
[0.355s] Level 1:colcon.colcon_core.package_identification:_identify(src/package_tp2_b) by extensions ['ros']
[0.355s] Level 1:colcon.colcon_core.package_identification:_identify(src/package_tp2_b) by extension 'ros'
[0.356s] DEBUG:colcon.colcon_core.package_identification:Package 'src/package_tp2_b' with type 'ros.ament_python' and name 'package_tp2_b'
[0.356s] Level 1:colcon.colcon_core.package_identification:_identify(src/tp2) by extensions ['ignore', 'ignore_ament_install']
[0.356s] Level 1:colcon.colcon_core.package_identification:_identify(src/tp2) by extension 'ignore'
[0.356s] Level 1:colcon.colcon_core.package_identification:_identify(src/tp2) by extension 'ignore_ament_install'
[0.356s] Level 1:colcon.colcon_core.package_identification:_identify(src/tp2) by extensions ['colcon_pkg']
[0.356s] Level 1:colcon.colcon_core.package_identification:_identify(src/tp2) by extension 'colcon_pkg'
[0.356s] Level 1:colcon.colcon_core.package_identification:_identify(src/tp2) by extensions ['colcon_meta']
[0.356s] Level 1:colcon.colcon_core.package_identification:_identify(src/tp2) by extension 'colcon_meta'
[0.356s] Level 1:colcon.colcon_core.package_identification:_identify(src/tp2) by extensions ['ros']
[0.356s] Level 1:colcon.colcon_core.package_identification:_identify(src/tp2) by extension 'ros'
[0.356s] Level 1:colcon.colcon_core.package_identification:_identify(src/tp2) by extensions ['cmake', 'python']
[0.356s] Level 1:colcon.colcon_core.package_identification:_identify(src/tp2) by extension 'cmake'
[0.356s] Level 1:colcon.colcon_core.package_identification:_identify(src/tp2) by extension 'python'
[0.356s] Level 1:colcon.colcon_core.package_identification:_identify(src/tp2) by extensions ['python_setup_py']
[0.356s] Level 1:colcon.colcon_core.package_identification:_identify(src/tp2) by extension 'python_setup_py'
[0.357s] Level 1:colcon.colcon_core.package_discovery:discover_packages(recursive) using defaults
[0.357s] Level 1:colcon.colcon_core.package_discovery:discover_packages(ignore) discover
[0.357s] Level 1:colcon.colcon_core.package_discovery:discover_packages(ignore) using defaults
[0.357s] Level 1:colcon.colcon_core.package_discovery:discover_packages(path) discover
[0.357s] Level 1:colcon.colcon_core.package_discovery:discover_packages(path) using defaults
[0.380s] Level 1:colcon.colcon_core.package_discovery:discover_packages(prefix_path) check parameters
[0.380s] Level 1:colcon.colcon_core.package_discovery:discover_packages(prefix_path) discover
[0.385s] DEBUG:colcon.colcon_installed_package_information.package_discovery:Found 270 installed packages in /opt/ros/humble
[0.387s] Level 1:colcon.colcon_core.package_discovery:discover_packages(prefix_path) using defaults
[0.450s] Level 5:colcon.colcon_core.verb:set package 'my_python_pkg' build argument 'cmake_args' from command line to 'None'
[0.451s] Level 5:colcon.colcon_core.verb:set package 'my_python_pkg' build argument 'cmake_target' from command line to 'None'
[0.451s] Level 5:colcon.colcon_core.verb:set package 'my_python_pkg' build argument 'cmake_target_skip_unavailable' from command line to 'False'
[0.451s] Level 5:colcon.colcon_core.verb:set package 'my_python_pkg' build argument 'cmake_clean_cache' from command line to 'False'
[0.451s] Level 5:colcon.colcon_core.verb:set package 'my_python_pkg' build argument 'cmake_clean_first' from command line to 'False'
[0.451s] Level 5:colcon.colcon_core.verb:set package 'my_python_pkg' build argument 'cmake_force_configure' from command line to 'False'
[0.451s] Level 5:colcon.colcon_core.verb:set package 'my_python_pkg' build argument 'ament_cmake_args' from command line to 'None'
[0.451s] Level 5:colcon.colcon_core.verb:set package 'my_python_pkg' build argument 'catkin_cmake_args' from command line to 'None'
[0.451s] Level 5:colcon.colcon_core.verb:set package 'my_python_pkg' build argument 'catkin_skip_building_tests' from command line to 'False'
[0.451s] DEBUG:colcon.colcon_core.verb:Building package 'my_python_pkg' with the following arguments: {'ament_cmake_args': None, 'build_base': '/home/thomas/ros2_ws/build/my_python_pkg', 'catkin_cmake_args': None, 'catkin_skip_building_tests': False, 'cmake_args': None, 'cmake_clean_cache': False, 'cmake_clean_first': False, 'cmake_force_configure': False, 'cmake_target': None, 'cmake_target_skip_unavailable': False, 'install_base': '/home/thomas/ros2_ws/install/my_python_pkg', 'merge_install': False, 'path': '/home/thomas/ros2_ws/src/my_python_pkg', 'symlink_install': False, 'test_result_base': None}
[0.451s] Level 5:colcon.colcon_core.verb:set package 'package_tp2' build argument 'cmake_args' from command line to 'None'
[0.451s] Level 5:colcon.colcon_core.verb:set package 'package_tp2' build argument 'cmake_target' from command line to 'None'
[0.451s] Level 5:colcon.colcon_core.verb:set package 'package_tp2' build argument 'cmake_target_skip_unavailable' from command line to 'False'
[0.451s] Level 5:colcon.colcon_core.verb:set package 'package_tp2' build argument 'cmake_clean_cache' from command line to 'False'
[0.451s] Level 5:colcon.colcon_core.verb:set package 'package_tp2' build argument 'cmake_clean_first' from command line to 'False'
[0.451s] Level 5:colcon.colcon_core.verb:set package 'package_tp2' build argument 'cmake_force_configure' from command line to 'False'
[0.451s] Level 5:colcon.colcon_core.verb:set package 'package_tp2' build argument 'ament_cmake_args' from command line to 'None'
[0.451s] Level 5:colcon.colcon_core.verb:set package 'package_tp2' build argument 'catkin_cmake_args' from command line to 'None'
[0.451s] Level 5:colcon.colcon_core.verb:set package 'package_tp2' build argument 'catkin_skip_building_tests' from command line to 'False'
[0.451s] DEBUG:colcon.colcon_core.verb:Building package 'package_tp2' with the following arguments: {'ament_cmake_args': None, 'build_base': '/home/thomas/ros2_ws/build/package_tp2', 'catkin_cmake_args': None, 'catkin_skip_building_tests': False, 'cmake_args': None, 'cmake_clean_cache': False, 'cmake_clean_first': False, 'cmake_force_configure': False, 'cmake_target': None, 'cmake_target_skip_unavailable': False, 'install_base': '/home/thomas/ros2_ws/install/package_tp2', 'merge_install': False, 'path': '/home/thomas/ros2_ws/src/package_tp2', 'symlink_install': False, 'test_result_base': None}
[0.452s] Level 5:colcon.colcon_core.verb:set package 'package_tp2_b' build argument 'cmake_args' from command line to 'None'
[0.452s] Level 5:colcon.colcon_core.verb:set package 'package_tp2_b' build argument 'cmake_target' from command line to 'None'
[0.452s] Level 5:colcon.colcon_core.verb:set package 'package_tp2_b' build argument 'cmake_target_skip_unavailable' from command line to 'False'
[0.452s] Level 5:colcon.colcon_core.verb:set package 'package_tp2_b' build argument 'cmake_clean_cache' from command line to 'False'
[0.452s] Level 5:colcon.colcon_core.verb:set package 'package_tp2_b' build argument 'cmake_clean_first' from command line to 'False'
[0.452s] Level 5:colcon.colcon_core.verb:set package 'package_tp2_b' build argument 'cmake_force_configure' from command line to 'False'
[0.452s] Level 5:colcon.colcon_core.verb:set package 'package_tp2_b' build argument 'ament_cmake_args' from command line to 'None'
[0.452s] Level 5:colcon.colcon_core.verb:set package 'package_tp2_b' build argument 'catkin_cmake_args' from command line to 'None'
[0.452s] Level 5:colcon.colcon_core.verb:set package 'package_tp2_b' build argument 'catkin_skip_building_tests' from command line to 'False'
[0.452s] DEBUG:colcon.colcon_core.verb:Building package 'package_tp2_b' with the following arguments: {'ament_cmake_args': None, 'build_base': '/home/thomas/ros2_ws/build/package_tp2_b', 'catkin_cmake_args': None, 'catkin_skip_building_tests': False, 'cmake_args': None, 'cmake_clean_cache': False, 'cmake_clean_first': False, 'cmake_force_configure': False, 'cmake_target': None, 'cmake_target_skip_unavailable': False, 'install_base': '/home/thomas/ros2_ws/install/package_tp2_b', 'merge_install': False, 'path': '/home/thomas/ros2_ws/src/package_tp2_b', 'symlink_install': False, 'test_result_base': None}
[0.452s] INFO:colcon.colcon_core.executor:Executing jobs using 'parallel' executor
[0.453s] DEBUG:colcon.colcon_parallel_executor.executor.parallel:run_until_complete
[0.453s] INFO:colcon.colcon_ros.task.ament_python.build:Building ROS package in '/home/thomas/ros2_ws/src/my_python_pkg' with build type 'ament_python'
[0.453s] Level 1:colcon.colcon_core.shell:create_environment_hook('my_python_pkg', 'ament_prefix_path')
[0.458s] INFO:colcon.colcon_core.plugin_system:Skipping extension 'colcon_core.shell.bat': Not used on non-Windows systems
[0.458s] INFO:colcon.colcon_core.shell:Creating environment hook '/home/thomas/ros2_ws/install/my_python_pkg/share/my_python_pkg/hook/ament_prefix_path.ps1'
[0.461s] INFO:colcon.colcon_core.shell:Creating environment descriptor '/home/thomas/ros2_ws/install/my_python_pkg/share/my_python_pkg/hook/ament_prefix_path.dsv'
[0.462s] INFO:colcon.colcon_core.shell:Creating environment hook '/home/thomas/ros2_ws/install/my_python_pkg/share/my_python_pkg/hook/ament_prefix_path.sh'
[0.464s] INFO:colcon.colcon_core.shell:Skip shell extension 'powershell' for command environment: Not usable outside of PowerShell
[0.464s] DEBUG:colcon.colcon_core.shell:Skip shell extension 'dsv' for command environment
[1.089s] INFO:colcon.colcon_core.task.python.build:Building Python package in '/home/thomas/ros2_ws/src/my_python_pkg'
[1.113s] INFO:colcon.colcon_core.shell:Skip shell extension 'powershell' for command environment: Not usable outside of PowerShell
[1.114s] DEBUG:colcon.colcon_core.shell:Skip shell extension 'dsv' for command environment
[1.785s] DEBUG:colcon.colcon_core.event_handler.log_command:Invoking command in '/home/thomas/ros2_ws/src/my_python_pkg': PYTHONPATH=/home/thomas/ros2_ws/build/my_python_pkg/prefix_override:/usr/lib/python3/dist-packages/colcon_core/task/python/colcon_distutils_commands:/home/thomas/ros2_ws/install/my_python_pkg/lib/python3.10/site-packages:${PYTHONPATH} /usr/bin/python3 -W ignore:setup.py install is deprecated setup.py egg_info --egg-base ../../build/my_python_pkg build --build-base /home/thomas/ros2_ws/build/my_python_pkg/build install --record /home/thomas/ros2_ws/build/my_python_pkg/install.log --single-version-externally-managed install_data
[2.467s] DEBUG:colcon.colcon_core.event_handler.log_command:Invoked command in '/home/thomas/ros2_ws/src/my_python_pkg' returned '0': PYTHONPATH=/home/thomas/ros2_ws/build/my_python_pkg/prefix_override:/usr/lib/python3/dist-packages/colcon_core/task/python/colcon_distutils_commands:/home/thomas/ros2_ws/install/my_python_pkg/lib/python3.10/site-packages:${PYTHONPATH} /usr/bin/python3 -W ignore:setup.py install is deprecated setup.py egg_info --egg-base ../../build/my_python_pkg build --build-base /home/thomas/ros2_ws/build/my_python_pkg/build install --record /home/thomas/ros2_ws/build/my_python_pkg/install.log --single-version-externally-managed install_data
[2.469s] Level 1:colcon.colcon_core.environment:checking '/home/thomas/ros2_ws/install/my_python_pkg' for CMake module files
[2.469s] Level 1:colcon.colcon_core.environment:checking '/home/thomas/ros2_ws/install/my_python_pkg' for CMake config files
[2.470s] Level 1:colcon.colcon_core.environment:checking '/home/thomas/ros2_ws/install/my_python_pkg/lib'
[2.470s] Level 1:colcon.colcon_core.environment:checking '/home/thomas/ros2_ws/install/my_python_pkg/bin'
[2.470s] Level 1:colcon.colcon_core.environment:checking '/home/thomas/ros2_ws/install/my_python_pkg/lib/pkgconfig/my_python_pkg.pc'
[2.471s] Level 1:colcon.colcon_core.environment:checking '/home/thomas/ros2_ws/install/my_python_pkg/lib/python3.10/site-packages'
[2.471s] Level 1:colcon.colcon_core.shell:create_environment_hook('my_python_pkg', 'pythonpath')
[2.471s] INFO:colcon.colcon_core.shell:Creating environment hook '/home/thomas/ros2_ws/install/my_python_pkg/share/my_python_pkg/hook/pythonpath.ps1'
[2.475s] INFO:colcon.colcon_core.shell:Creating environment descriptor '/home/thomas/ros2_ws/install/my_python_pkg/share/my_python_pkg/hook/pythonpath.dsv'
[2.477s] INFO:colcon.colcon_core.shell:Creating environment hook '/home/thomas/ros2_ws/install/my_python_pkg/share/my_python_pkg/hook/pythonpath.sh'
[2.478s] Level 1:colcon.colcon_core.environment:checking '/home/thomas/ros2_ws/install/my_python_pkg/bin'
[2.479s] Level 1:colcon.colcon_core.environment:create_environment_scripts_only(my_python_pkg)
[2.479s] INFO:colcon.colcon_core.shell:Creating package script '/home/thomas/ros2_ws/install/my_python_pkg/share/my_python_pkg/package.ps1'
[2.481s] INFO:colcon.colcon_core.shell:Creating package descriptor '/home/thomas/ros2_ws/install/my_python_pkg/share/my_python_pkg/package.dsv'
[2.482s] INFO:colcon.colcon_core.shell:Creating package script '/home/thomas/ros2_ws/install/my_python_pkg/share/my_python_pkg/package.sh'
[2.484s] INFO:colcon.colcon_core.shell:Creating package script '/home/thomas/ros2_ws/install/my_python_pkg/share/my_python_pkg/package.bash'
[2.486s] INFO:colcon.colcon_core.shell:Creating package script '/home/thomas/ros2_ws/install/my_python_pkg/share/my_python_pkg/package.zsh'
[2.488s] Level 1:colcon.colcon_core.environment:create_file_with_runtime_dependencies(/home/thomas/ros2_ws/install/my_python_pkg/share/colcon-core/packages/my_python_pkg)
[2.491s] INFO:colcon.colcon_ros.task.ament_python.build:Building ROS package in '/home/thomas/ros2_ws/src/package_tp2' with build type 'ament_python'
[2.492s] Level 1:colcon.colcon_core.shell:create_environment_hook('package_tp2', 'ament_prefix_path')
[2.492s] INFO:colcon.colcon_core.shell:Creating environment hook '/home/thomas/ros2_ws/install/package_tp2/share/package_tp2/hook/ament_prefix_path.ps1'
[2.495s] INFO:colcon.colcon_core.shell:Creating environment descriptor '/home/thomas/ros2_ws/install/package_tp2/share/package_tp2/hook/ament_prefix_path.dsv'
[2.496s] INFO:colcon.colcon_core.shell:Creating environment hook '/home/thomas/ros2_ws/install/package_tp2/share/package_tp2/hook/ament_prefix_path.sh'
[2.507s] INFO:colcon.colcon_core.shell:Skip shell extension 'powershell' for command environment: Not usable outside of PowerShell
[2.507s] DEBUG:colcon.colcon_core.shell:Skip shell extension 'dsv' for command environment
[3.212s] INFO:colcon.colcon_core.task.python.build:Building Python package in '/home/thomas/ros2_ws/src/package_tp2'
[3.212s] INFO:colcon.colcon_core.shell:Skip shell extension 'powershell' for command environment: Not usable outside of PowerShell
[3.212s] DEBUG:colcon.colcon_core.shell:Skip shell extension 'dsv' for command environment
[3.878s] DEBUG:colcon.colcon_core.event_handler.log_command:Invoking command in '/home/thomas/ros2_ws/src/package_tp2': PYTHONPATH=/home/thomas/ros2_ws/build/package_tp2/prefix_override:/usr/lib/python3/dist-packages/colcon_core/task/python/colcon_distutils_commands:/home/thomas/ros2_ws/install/package_tp2/lib/python3.10/site-packages:${PYTHONPATH} /usr/bin/python3 -W ignore:setup.py install is deprecated setup.py egg_info --egg-base ../../build/package_tp2 build --build-base /home/thomas/ros2_ws/build/package_tp2/build install --record /home/thomas/ros2_ws/build/package_tp2/install.log --single-version-externally-managed install_data
[4.449s] Level 1:colcon.colcon_core.environment:checking '/home/thomas/ros2_ws/install/package_tp2' for CMake module files
[4.449s] DEBUG:colcon.colcon_core.event_handler.log_command:Invoked command in '/home/thomas/ros2_ws/src/package_tp2' returned '0': PYTHONPATH=/home/thomas/ros2_ws/build/package_tp2/prefix_override:/usr/lib/python3/dist-packages/colcon_core/task/python/colcon_distutils_commands:/home/thomas/ros2_ws/install/package_tp2/lib/python3.10/site-packages:${PYTHONPATH} /usr/bin/python3 -W ignore:setup.py install is deprecated setup.py egg_info --egg-base ../../build/package_tp2 build --build-base /home/thomas/ros2_ws/build/package_tp2/build install --record /home/thomas/ros2_ws/build/package_tp2/install.log --single-version-externally-managed install_data
[4.449s] Level 1:colcon.colcon_core.environment:checking '/home/thomas/ros2_ws/install/package_tp2' for CMake config files
[4.450s] Level 1:colcon.colcon_core.environment:checking '/home/thomas/ros2_ws/install/package_tp2/lib'
[4.450s] Level 1:colcon.colcon_core.environment:checking '/home/thomas/ros2_ws/install/package_tp2/bin'
[4.450s] Level 1:colcon.colcon_core.environment:checking '/home/thomas/ros2_ws/install/package_tp2/lib/pkgconfig/package_tp2.pc'
[4.450s] Level 1:colcon.colcon_core.environment:checking '/home/thomas/ros2_ws/install/package_tp2/lib/python3.10/site-packages'
[4.450s] Level 1:colcon.colcon_core.shell:create_environment_hook('package_tp2', 'pythonpath')
[4.451s] INFO:colcon.colcon_core.shell:Creating environment hook '/home/thomas/ros2_ws/install/package_tp2/share/package_tp2/hook/pythonpath.ps1'
[4.468s] INFO:colcon.colcon_core.shell:Creating environment descriptor '/home/thomas/ros2_ws/install/package_tp2/share/package_tp2/hook/pythonpath.dsv'
[4.472s] INFO:colcon.colcon_core.shell:Creating environment hook '/home/thomas/ros2_ws/install/package_tp2/share/package_tp2/hook/pythonpath.sh'
[4.475s] Level 1:colcon.colcon_core.environment:checking '/home/thomas/ros2_ws/install/package_tp2/bin'
[4.476s] Level 1:colcon.colcon_core.environment:create_environment_scripts_only(package_tp2)
[4.476s] INFO:colcon.colcon_core.shell:Creating package script '/home/thomas/ros2_ws/install/package_tp2/share/package_tp2/package.ps1'
[4.479s] INFO:colcon.colcon_core.shell:Creating package descriptor '/home/thomas/ros2_ws/install/package_tp2/share/package_tp2/package.dsv'
[4.480s] INFO:colcon.colcon_core.shell:Creating package script '/home/thomas/ros2_ws/install/package_tp2/share/package_tp2/package.sh'
[4.482s] INFO:colcon.colcon_core.shell:Creating package script '/home/thomas/ros2_ws/install/package_tp2/share/package_tp2/package.bash'
[4.483s] INFO:colcon.colcon_core.shell:Creating package script '/home/thomas/ros2_ws/install/package_tp2/share/package_tp2/package.zsh'
[4.485s] Level 1:colcon.colcon_core.environment:create_file_with_runtime_dependencies(/home/thomas/ros2_ws/install/package_tp2/share/colcon-core/packages/package_tp2)
[4.488s] INFO:colcon.colcon_ros.task.ament_python.build:Building ROS package in '/home/thomas/ros2_ws/src/package_tp2_b' with build type 'ament_python'
[4.488s] Level 1:colcon.colcon_core.shell:create_environment_hook('package_tp2_b', 'ament_prefix_path')
[4.489s] INFO:colcon.colcon_core.shell:Creating environment hook '/home/thomas/ros2_ws/install/package_tp2_b/share/package_tp2_b/hook/ament_prefix_path.ps1'
[4.490s] INFO:colcon.colcon_core.shell:Creating environment descriptor '/home/thomas/ros2_ws/install/package_tp2_b/share/package_tp2_b/hook/ament_prefix_path.dsv'
[4.491s] INFO:colcon.colcon_core.shell:Creating environment hook '/home/thomas/ros2_ws/install/package_tp2_b/share/package_tp2_b/hook/ament_prefix_path.sh'
[4.493s] INFO:colcon.colcon_core.shell:Skip shell extension 'powershell' for command environment: Not usable outside of PowerShell
[4.493s] DEBUG:colcon.colcon_core.shell:Skip shell extension 'dsv' for command environment
[5.186s] INFO:colcon.colcon_core.task.python.build:Building Python package in '/home/thomas/ros2_ws/src/package_tp2_b'
[5.186s] INFO:colcon.colcon_core.shell:Skip shell extension 'powershell' for command environment: Not usable outside of PowerShell
[5.186s] DEBUG:colcon.colcon_core.shell:Skip shell extension 'dsv' for command environment
[5.855s] DEBUG:colcon.colcon_core.event_handler.log_command:Invoking command in '/home/thomas/ros2_ws/src/package_tp2_b': PYTHONPATH=/home/thomas/ros2_ws/build/package_tp2_b/prefix_override:/usr/lib/python3/dist-packages/colcon_core/task/python/colcon_distutils_commands:/home/thomas/ros2_ws/install/package_tp2_b/lib/python3.10/site-packages:${PYTHONPATH} /usr/bin/python3 -W ignore:setup.py install is deprecated setup.py egg_info --egg-base ../../build/package_tp2_b build --build-base /home/thomas/ros2_ws/build/package_tp2_b/build install --record /home/thomas/ros2_ws/build/package_tp2_b/install.log --single-version-externally-managed install_data
[6.439s] Level 1:colcon.colcon_core.environment:checking '/home/thomas/ros2_ws/install/package_tp2_b' for CMake module files
[6.440s] DEBUG:colcon.colcon_core.event_handler.log_command:Invoked command in '/home/thomas/ros2_ws/src/package_tp2_b' returned '0': PYTHONPATH=/home/thomas/ros2_ws/build/package_tp2_b/prefix_override:/usr/lib/python3/dist-packages/colcon_core/task/python/colcon_distutils_commands:/home/thomas/ros2_ws/install/package_tp2_b/lib/python3.10/site-packages:${PYTHONPATH} /usr/bin/python3 -W ignore:setup.py install is deprecated setup.py egg_info --egg-base ../../build/package_tp2_b build --build-base /home/thomas/ros2_ws/build/package_tp2_b/build install --record /home/thomas/ros2_ws/build/package_tp2_b/install.log --single-version-externally-managed install_data
[6.440s] Level 1:colcon.colcon_core.environment:checking '/home/thomas/ros2_ws/install/package_tp2_b' for CMake config files
[6.441s] Level 1:colcon.colcon_core.environment:checking '/home/thomas/ros2_ws/install/package_tp2_b/lib'
[6.441s] Level 1:colcon.colcon_core.environment:checking '/home/thomas/ros2_ws/install/package_tp2_b/bin'
[6.441s] Level 1:colcon.colcon_core.environment:checking '/home/thomas/ros2_ws/install/package_tp2_b/lib/pkgconfig/package_tp2_b.pc'
[6.441s] Level 1:colcon.colcon_core.environment:checking '/home/thomas/ros2_ws/install/package_tp2_b/lib/python3.10/site-packages'
[6.441s] Level 1:colcon.colcon_core.shell:create_environment_hook('package_tp2_b', 'pythonpath')
[6.441s] INFO:colcon.colcon_core.shell:Creating environment hook '/home/thomas/ros2_ws/install/package_tp2_b/share/package_tp2_b/hook/pythonpath.ps1'
[6.445s] INFO:colcon.colcon_core.shell:Creating environment descriptor '/home/thomas/ros2_ws/install/package_tp2_b/share/package_tp2_b/hook/pythonpath.dsv'
[6.447s] INFO:colcon.colcon_core.shell:Creating environment hook '/home/thomas/ros2_ws/install/package_tp2_b/share/package_tp2_b/hook/pythonpath.sh'
[6.448s] Level 1:colcon.colcon_core.environment:checking '/home/thomas/ros2_ws/install/package_tp2_b/bin'
[6.448s] Level 1:colcon.colcon_core.environment:create_environment_scripts_only(package_tp2_b)
[6.449s] INFO:colcon.colcon_core.shell:Creating package script '/home/thomas/ros2_ws/install/package_tp2_b/share/package_tp2_b/package.ps1'
[6.452s] INFO:colcon.colcon_core.shell:Creating package descriptor '/home/thomas/ros2_ws/install/package_tp2_b/share/package_tp2_b/package.dsv'
[6.453s] INFO:colcon.colcon_core.shell:Creating package script '/home/thomas/ros2_ws/install/package_tp2_b/share/package_tp2_b/package.sh'
[6.456s] INFO:colcon.colcon_core.shell:Creating package script '/home/thomas/ros2_ws/install/package_tp2_b/share/package_tp2_b/package.bash'
[6.457s] INFO:colcon.colcon_core.shell:Creating package script '/home/thomas/ros2_ws/install/package_tp2_b/share/package_tp2_b/package.zsh'
[6.459s] Level 1:colcon.colcon_core.environment:create_file_with_runtime_dependencies(/home/thomas/ros2_ws/install/package_tp2_b/share/colcon-core/packages/package_tp2_b)
[6.461s] DEBUG:colcon.colcon_parallel_executor.executor.parallel:closing loop
[6.462s] DEBUG:colcon.colcon_parallel_executor.executor.parallel:loop closed
[6.462s] DEBUG:colcon.colcon_parallel_executor.executor.parallel:run_until_complete finished with '0'
[6.462s] DEBUG:colcon.colcon_core.event_reactor:joining thread
[6.469s] INFO:colcon.colcon_core.plugin_system:Skipping extension 'colcon_notification.desktop_notification.terminal_notifier': Not used on non-Darwin systems
[6.469s] INFO:colcon.colcon_core.plugin_system:Skipping extension 'colcon_notification.desktop_notification.win32': Not used on non-Windows systems
[6.469s] INFO:colcon.colcon_notification.desktop_notification:Sending desktop notification using 'notify2'
[6.493s] DEBUG:colcon.colcon_core.event_reactor:joined thread
[6.494s] INFO:colcon.colcon_core.shell:Creating prefix script '/home/thomas/ros2_ws/install/local_setup.ps1'
[6.510s] INFO:colcon.colcon_core.shell:Creating prefix util module '/home/thomas/ros2_ws/install/_local_setup_util_ps1.py'
[6.513s] INFO:colcon.colcon_core.shell:Creating prefix chain script '/home/thomas/ros2_ws/install/setup.ps1'
[6.515s] INFO:colcon.colcon_core.shell:Creating prefix script '/home/thomas/ros2_ws/install/local_setup.sh'
[6.517s] INFO:colcon.colcon_core.shell:Creating prefix util module '/home/thomas/ros2_ws/install/_local_setup_util_sh.py'
[6.519s] INFO:colcon.colcon_core.shell:Creating prefix chain script '/home/thomas/ros2_ws/install/setup.sh'
[6.530s] INFO:colcon.colcon_core.shell:Creating prefix script '/home/thomas/ros2_ws/install/local_setup.bash'
[6.532s] INFO:colcon.colcon_core.shell:Creating prefix chain script '/home/thomas/ros2_ws/install/setup.bash'
[6.534s] INFO:colcon.colcon_core.shell:Creating prefix script '/home/thomas/ros2_ws/install/local_setup.zsh'
[6.536s] INFO:colcon.colcon_core.shell:Creating prefix chain script '/home/thomas/ros2_ws/install/setup.zsh'
