[2.216s] Invoking command in '/home/thogms/ros2_ws/src/package_tp2': PYTHONPATH=/home/thogms/ros2_ws/build/package_tp2/prefix_override:/usr/lib/python3/dist-packages/colcon_core/task/python/colcon_distutils_commands:/home/thogms/ros2_ws/install/package_tp2/lib/python3.10/site-packages:${PYTHONPATH} /usr/bin/python3 -W ignore:setup.py install is deprecated -W ignore:easy_install command is deprecated setup.py egg_info --egg-base ../../build/package_tp2 build --build-base /home/thogms/ros2_ws/build/package_tp2/build install --record /home/thogms/ros2_ws/build/package_tp2/install.log --single-version-externally-managed install_data
[2.535s] running egg_info
[2.536s] writing ../../build/package_tp2/package_tp2.egg-info/PKG-INFO
[2.537s] writing dependency_links to ../../build/package_tp2/package_tp2.egg-info/dependency_links.txt
[2.537s] writing entry points to ../../build/package_tp2/package_tp2.egg-info/entry_points.txt
[2.538s] writing requirements to ../../build/package_tp2/package_tp2.egg-info/requires.txt
[2.538s] writing top-level names to ../../build/package_tp2/package_tp2.egg-info/top_level.txt
[2.541s] reading manifest file '../../build/package_tp2/package_tp2.egg-info/SOURCES.txt'
[2.542s] writing manifest file '../../build/package_tp2/package_tp2.egg-info/SOURCES.txt'
[2.542s] running build
[2.542s] running build_py
[2.543s] running install
[2.544s] running install_lib
[2.546s] running install_data
[2.546s] running install_egg_info
[2.549s] removing '/home/thogms/ros2_ws/install/package_tp2/lib/python3.10/site-packages/package_tp2-0.0.0-py3.10.egg-info' (and everything under it)
[2.550s] Copying ../../build/package_tp2/package_tp2.egg-info to /home/thogms/ros2_ws/install/package_tp2/lib/python3.10/site-packages/package_tp2-0.0.0-py3.10.egg-info
[2.552s] running install_scripts
[2.585s] Installing capteur1 script to /home/thogms/ros2_ws/install/package_tp2/lib/package_tp2
[2.585s] Installing capteur2 script to /home/thogms/ros2_ws/install/package_tp2/lib/package_tp2
[2.586s] Installing fusion script to /home/thogms/ros2_ws/install/package_tp2/lib/package_tp2
[2.587s] writing list of installed files to '/home/thogms/ros2_ws/build/package_tp2/install.log'
[2.673s] Invoked command in '/home/thogms/ros2_ws/src/package_tp2' returned '0': PYTHONPATH=/home/thogms/ros2_ws/build/package_tp2/prefix_override:/usr/lib/python3/dist-packages/colcon_core/task/python/colcon_distutils_commands:/home/thogms/ros2_ws/install/package_tp2/lib/python3.10/site-packages:${PYTHONPATH} /usr/bin/python3 -W ignore:setup.py install is deprecated -W ignore:easy_install command is deprecated setup.py egg_info --egg-base ../../build/package_tp2 build --build-base /home/thogms/ros2_ws/build/package_tp2/build install --record /home/thogms/ros2_ws/build/package_tp2/install.log --single-version-externally-managed install_data
