[0.271s] DEBUG:colcon:Command line arguments: ['/usr/bin/colcon', 'build']
[0.271s] DEBUG:colcon:Parsed command line arguments: Namespace(log_base=None, log_level=None, verb_name='build', build_base='build', install_base='install', merge_install=False, symlink_install=False, test_result_base=None, continue_on_error=False, executor='parallel', parallel_workers=6, event_handlers=None, ignore_user_meta=False, metas=['./colcon.meta'], base_paths=['.'], packages_ignore=None, packages_ignore_regex=None, paths=None, packages_up_to=None, packages_up_to_regex=None, packages_above=None, packages_above_and_dependencies=None, packages_above_depth=None, packages_select_by_dep=None, packages_skip_by_dep=None, packages_skip_up_to=None, packages_select_build_failed=False, packages_skip_build_finished=False, packages_select_test_failures=False, packages_skip_test_passed=False, packages_select=None, packages_skip=None, packages_select_regex=None, packages_skip_regex=None, packages_start=None, packages_end=None, allow_overriding=[], cmake_args=None, cmake_target=None, cmake_target_skip_unavailable=False, cmake_clean_cache=False, cmake_clean_first=False, cmake_force_configure=False, ament_cmake_args=None, catkin_cmake_args=None, catkin_skip_building_tests=False, verb_parser=<colcon_defaults.argument_parser.defaults.DefaultArgumentsDecorator object at 0x7ff4167927a0>, verb_extension=<colcon_core.verb.build.BuildVerb object at 0x7ff4168f7df0>, main=<bound method BuildVerb.main of <colcon_core.verb.build.BuildVerb object at 0x7ff4168f7df0>>)
[0.508s] Level 1:colcon.colcon_core.package_discovery:discover_packages(colcon_meta) check parameters
[0.508s] Level 1:colcon.colcon_core.package_discovery:discover_packages(recursive) check parameters
[0.508s] Level 1:colcon.colcon_core.package_discovery:discover_packages(ignore) check parameters
[0.508s] Level 1:colcon.colcon_core.package_discovery:discover_packages(path) check parameters
[0.508s] Level 1:colcon.colcon_core.package_discovery:discover_packages(colcon_meta) discover
[0.509s] Level 1:colcon.colcon_core.package_discovery:discover_packages(recursive) discover
[0.509s] INFO:colcon.colcon_core.package_discovery:Crawling recursively for packages in '/home/thogms/ros2_ws'
[0.509s] Level 1:colcon.colcon_core.package_identification:_identify(.) by extensions ['ignore', 'ignore_ament_install']
[0.509s] Level 1:colcon.colcon_core.package_identification:_identify(.) by extension 'ignore'
[0.509s] Level 1:colcon.colcon_core.package_identification:_identify(.) by extension 'ignore_ament_install'
[0.509s] Level 1:colcon.colcon_core.package_identification:_identify(.) by extensions ['colcon_pkg']
[0.509s] Level 1:colcon.colcon_core.package_identification:_identify(.) by extension 'colcon_pkg'
[0.509s] Level 1:colcon.colcon_core.package_identification:_identify(.) by extensions ['colcon_meta']
[0.509s] Level 1:colcon.colcon_core.package_identification:_identify(.) by extension 'colcon_meta'
[0.509s] Level 1:colcon.colcon_core.package_identification:_identify(.) by extensions ['ros']
[0.509s] Level 1:colcon.colcon_core.package_identification:_identify(.) by extension 'ros'
[0.529s] Level 1:colcon.colcon_core.package_identification:_identify(.) by extensions ['cmake', 'python']
[0.529s] Level 1:colcon.colcon_core.package_identification:_identify(.) by extension 'cmake'
[0.529s] Level 1:colcon.colcon_core.package_identification:_identify(.) by extension 'python'
[0.529s] Level 1:colcon.colcon_core.package_identification:_identify(.) by extensions ['python_setup_py']
[0.529s] Level 1:colcon.colcon_core.package_identification:_identify(.) by extension 'python_setup_py'
[0.529s] Level 1:colcon.colcon_core.package_identification:_identify(build) by extensions ['ignore', 'ignore_ament_install']
[0.529s] Level 1:colcon.colcon_core.package_identification:_identify(build) by extension 'ignore'
[0.529s] Level 1:colcon.colcon_core.package_identification:_identify(build) ignored
[0.530s] Level 1:colcon.colcon_core.package_identification:_identify(install) by extensions ['ignore', 'ignore_ament_install']
[0.530s] Level 1:colcon.colcon_core.package_identification:_identify(install) by extension 'ignore'
[0.530s] Level 1:colcon.colcon_core.package_identification:_identify(install) ignored
[0.530s] Level 1:colcon.colcon_core.package_identification:_identify(log) by extensions ['ignore', 'ignore_ament_install']
[0.530s] Level 1:colcon.colcon_core.package_identification:_identify(log) by extension 'ignore'
[0.530s] Level 1:colcon.colcon_core.package_identification:_identify(log) ignored
[0.530s] Level 1:colcon.colcon_core.package_identification:_identify(rosbag2_2024_12_03-11_08_20) by extensions ['ignore', 'ignore_ament_install']
[0.530s] Level 1:colcon.colcon_core.package_identification:_identify(rosbag2_2024_12_03-11_08_20) by extension 'ignore'
[0.531s] Level 1:colcon.colcon_core.package_identification:_identify(rosbag2_2024_12_03-11_08_20) by extension 'ignore_ament_install'
[0.531s] Level 1:colcon.colcon_core.package_identification:_identify(rosbag2_2024_12_03-11_08_20) by extensions ['colcon_pkg']
[0.531s] Level 1:colcon.colcon_core.package_identification:_identify(rosbag2_2024_12_03-11_08_20) by extension 'colcon_pkg'
[0.531s] Level 1:colcon.colcon_core.package_identification:_identify(rosbag2_2024_12_03-11_08_20) by extensions ['colcon_meta']
[0.531s] Level 1:colcon.colcon_core.package_identification:_identify(rosbag2_2024_12_03-11_08_20) by extension 'colcon_meta'
[0.531s] Level 1:colcon.colcon_core.package_identification:_identify(rosbag2_2024_12_03-11_08_20) by extensions ['ros']
[0.531s] Level 1:colcon.colcon_core.package_identification:_identify(rosbag2_2024_12_03-11_08_20) by extension 'ros'
[0.531s] Level 1:colcon.colcon_core.package_identification:_identify(rosbag2_2024_12_03-11_08_20) by extensions ['cmake', 'python']
[0.531s] Level 1:colcon.colcon_core.package_identification:_identify(rosbag2_2024_12_03-11_08_20) by extension 'cmake'
[0.531s] Level 1:colcon.colcon_core.package_identification:_identify(rosbag2_2024_12_03-11_08_20) by extension 'python'
[0.531s] Level 1:colcon.colcon_core.package_identification:_identify(rosbag2_2024_12_03-11_08_20) by extensions ['python_setup_py']
[0.531s] Level 1:colcon.colcon_core.package_identification:_identify(rosbag2_2024_12_03-11_08_20) by extension 'python_setup_py'
[0.531s] Level 1:colcon.colcon_core.package_identification:_identify(src) by extensions ['ignore', 'ignore_ament_install']
[0.531s] Level 1:colcon.colcon_core.package_identification:_identify(src) by extension 'ignore'
[0.531s] Level 1:colcon.colcon_core.package_identification:_identify(src) by extension 'ignore_ament_install'
[0.531s] Level 1:colcon.colcon_core.package_identification:_identify(src) by extensions ['colcon_pkg']
[0.531s] Level 1:colcon.colcon_core.package_identification:_identify(src) by extension 'colcon_pkg'
[0.532s] Level 1:colcon.colcon_core.package_identification:_identify(src) by extensions ['colcon_meta']
[0.532s] Level 1:colcon.colcon_core.package_identification:_identify(src) by extension 'colcon_meta'
[0.532s] Level 1:colcon.colcon_core.package_identification:_identify(src) by extensions ['ros']
[0.532s] Level 1:colcon.colcon_core.package_identification:_identify(src) by extension 'ros'
[0.532s] Level 1:colcon.colcon_core.package_identification:_identify(src) by extensions ['cmake', 'python']
[0.532s] Level 1:colcon.colcon_core.package_identification:_identify(src) by extension 'cmake'
[0.532s] Level 1:colcon.colcon_core.package_identification:_identify(src) by extension 'python'
[0.532s] Level 1:colcon.colcon_core.package_identification:_identify(src) by extensions ['python_setup_py']
[0.532s] Level 1:colcon.colcon_core.package_identification:_identify(src) by extension 'python_setup_py'
[0.532s] Level 1:colcon.colcon_core.package_identification:_identify(src/Projet_maison) by extensions ['ignore', 'ignore_ament_install']
[0.532s] Level 1:colcon.colcon_core.package_identification:_identify(src/Projet_maison) by extension 'ignore'
[0.532s] Level 1:colcon.colcon_core.package_identification:_identify(src/Projet_maison) by extension 'ignore_ament_install'
[0.533s] Level 1:colcon.colcon_core.package_identification:_identify(src/Projet_maison) by extensions ['colcon_pkg']
[0.533s] Level 1:colcon.colcon_core.package_identification:_identify(src/Projet_maison) by extension 'colcon_pkg'
[0.533s] Level 1:colcon.colcon_core.package_identification:_identify(src/Projet_maison) by extensions ['colcon_meta']
[0.533s] Level 1:colcon.colcon_core.package_identification:_identify(src/Projet_maison) by extension 'colcon_meta'
[0.533s] Level 1:colcon.colcon_core.package_identification:_identify(src/Projet_maison) by extensions ['ros']
[0.533s] Level 1:colcon.colcon_core.package_identification:_identify(src/Projet_maison) by extension 'ros'
[0.533s] Level 1:colcon.colcon_core.package_identification:_identify(src/Projet_maison) by extensions ['cmake', 'python']
[0.533s] Level 1:colcon.colcon_core.package_identification:_identify(src/Projet_maison) by extension 'cmake'
[0.533s] Level 1:colcon.colcon_core.package_identification:_identify(src/Projet_maison) by extension 'python'
[0.533s] Level 1:colcon.colcon_core.package_identification:_identify(src/Projet_maison) by extensions ['python_setup_py']
[0.533s] Level 1:colcon.colcon_core.package_identification:_identify(src/Projet_maison) by extension 'python_setup_py'
[0.533s] Level 1:colcon.colcon_core.package_identification:_identify(src/Projet_maison/controle) by extensions ['ignore', 'ignore_ament_install']
[0.533s] Level 1:colcon.colcon_core.package_identification:_identify(src/Projet_maison/controle) by extension 'ignore'
[0.533s] Level 1:colcon.colcon_core.package_identification:_identify(src/Projet_maison/controle) by extension 'ignore_ament_install'
[0.533s] Level 1:colcon.colcon_core.package_identification:_identify(src/Projet_maison/controle) by extensions ['colcon_pkg']
[0.533s] Level 1:colcon.colcon_core.package_identification:_identify(src/Projet_maison/controle) by extension 'colcon_pkg'
[0.534s] Level 1:colcon.colcon_core.package_identification:_identify(src/Projet_maison/controle) by extensions ['colcon_meta']
[0.534s] Level 1:colcon.colcon_core.package_identification:_identify(src/Projet_maison/controle) by extension 'colcon_meta'
[0.534s] Level 1:colcon.colcon_core.package_identification:_identify(src/Projet_maison/controle) by extensions ['ros']
[0.534s] Level 1:colcon.colcon_core.package_identification:_identify(src/Projet_maison/controle) by extension 'ros'
[0.534s] Level 1:colcon.colcon_core.package_identification:_identify(src/Projet_maison/controle) by extensions ['cmake', 'python']
[0.534s] Level 1:colcon.colcon_core.package_identification:_identify(src/Projet_maison/controle) by extension 'cmake'
[0.534s] Level 1:colcon.colcon_core.package_identification:_identify(src/Projet_maison/controle) by extension 'python'
[0.534s] Level 1:colcon.colcon_core.package_identification:_identify(src/Projet_maison/controle) by extensions ['python_setup_py']
[0.534s] Level 1:colcon.colcon_core.package_identification:_identify(src/Projet_maison/controle) by extension 'python_setup_py'
[0.534s] Level 1:colcon.colcon_core.package_identification:_identify(src/Projet_maison/known_faces) by extensions ['ignore', 'ignore_ament_install']
[0.534s] Level 1:colcon.colcon_core.package_identification:_identify(src/Projet_maison/known_faces) by extension 'ignore'
[0.534s] Level 1:colcon.colcon_core.package_identification:_identify(src/Projet_maison/known_faces) by extension 'ignore_ament_install'
[0.535s] Level 1:colcon.colcon_core.package_identification:_identify(src/Projet_maison/known_faces) by extensions ['colcon_pkg']
[0.535s] Level 1:colcon.colcon_core.package_identification:_identify(src/Projet_maison/known_faces) by extension 'colcon_pkg'
[0.535s] Level 1:colcon.colcon_core.package_identification:_identify(src/Projet_maison/known_faces) by extensions ['colcon_meta']
[0.535s] Level 1:colcon.colcon_core.package_identification:_identify(src/Projet_maison/known_faces) by extension 'colcon_meta'
[0.535s] Level 1:colcon.colcon_core.package_identification:_identify(src/Projet_maison/known_faces) by extensions ['ros']
[0.535s] Level 1:colcon.colcon_core.package_identification:_identify(src/Projet_maison/known_faces) by extension 'ros'
[0.536s] Level 1:colcon.colcon_core.package_identification:_identify(src/Projet_maison/known_faces) by extensions ['cmake', 'python']
[0.536s] Level 1:colcon.colcon_core.package_identification:_identify(src/Projet_maison/known_faces) by extension 'cmake'
[0.536s] Level 1:colcon.colcon_core.package_identification:_identify(src/Projet_maison/known_faces) by extension 'python'
[0.536s] Level 1:colcon.colcon_core.package_identification:_identify(src/Projet_maison/known_faces) by extensions ['python_setup_py']
[0.536s] Level 1:colcon.colcon_core.package_identification:_identify(src/Projet_maison/known_faces) by extension 'python_setup_py'
[0.537s] Level 1:colcon.colcon_core.package_identification:_identify(src/Projet_maison/publisher) by extensions ['ignore', 'ignore_ament_install']
[0.537s] Level 1:colcon.colcon_core.package_identification:_identify(src/Projet_maison/publisher) by extension 'ignore'
[0.537s] Level 1:colcon.colcon_core.package_identification:_identify(src/Projet_maison/publisher) by extension 'ignore_ament_install'
[0.537s] Level 1:colcon.colcon_core.package_identification:_identify(src/Projet_maison/publisher) by extensions ['colcon_pkg']
[0.537s] Level 1:colcon.colcon_core.package_identification:_identify(src/Projet_maison/publisher) by extension 'colcon_pkg'
[0.537s] Level 1:colcon.colcon_core.package_identification:_identify(src/Projet_maison/publisher) by extensions ['colcon_meta']
[0.537s] Level 1:colcon.colcon_core.package_identification:_identify(src/Projet_maison/publisher) by extension 'colcon_meta'
[0.537s] Level 1:colcon.colcon_core.package_identification:_identify(src/Projet_maison/publisher) by extensions ['ros']
[0.537s] Level 1:colcon.colcon_core.package_identification:_identify(src/Projet_maison/publisher) by extension 'ros'
[0.538s] Level 1:colcon.colcon_core.package_identification:_identify(src/Projet_maison/publisher) by extensions ['cmake', 'python']
[0.538s] Level 1:colcon.colcon_core.package_identification:_identify(src/Projet_maison/publisher) by extension 'cmake'
[0.538s] Level 1:colcon.colcon_core.package_identification:_identify(src/Projet_maison/publisher) by extension 'python'
[0.538s] Level 1:colcon.colcon_core.package_identification:_identify(src/Projet_maison/publisher) by extensions ['python_setup_py']
[0.538s] Level 1:colcon.colcon_core.package_identification:_identify(src/Projet_maison/publisher) by extension 'python_setup_py'
[0.539s] Level 1:colcon.colcon_core.package_identification:_identify(src/Projet_maison/templates) by extensions ['ignore', 'ignore_ament_install']
[0.539s] Level 1:colcon.colcon_core.package_identification:_identify(src/Projet_maison/templates) by extension 'ignore'
[0.539s] Level 1:colcon.colcon_core.package_identification:_identify(src/Projet_maison/templates) by extension 'ignore_ament_install'
[0.539s] Level 1:colcon.colcon_core.package_identification:_identify(src/Projet_maison/templates) by extensions ['colcon_pkg']
[0.539s] Level 1:colcon.colcon_core.package_identification:_identify(src/Projet_maison/templates) by extension 'colcon_pkg'
[0.539s] Level 1:colcon.colcon_core.package_identification:_identify(src/Projet_maison/templates) by extensions ['colcon_meta']
[0.539s] Level 1:colcon.colcon_core.package_identification:_identify(src/Projet_maison/templates) by extension 'colcon_meta'
[0.540s] Level 1:colcon.colcon_core.package_identification:_identify(src/Projet_maison/templates) by extensions ['ros']
[0.540s] Level 1:colcon.colcon_core.package_identification:_identify(src/Projet_maison/templates) by extension 'ros'
[0.540s] Level 1:colcon.colcon_core.package_identification:_identify(src/Projet_maison/templates) by extensions ['cmake', 'python']
[0.540s] Level 1:colcon.colcon_core.package_identification:_identify(src/Projet_maison/templates) by extension 'cmake'
[0.540s] Level 1:colcon.colcon_core.package_identification:_identify(src/Projet_maison/templates) by extension 'python'
[0.540s] Level 1:colcon.colcon_core.package_identification:_identify(src/Projet_maison/templates) by extensions ['python_setup_py']
[0.540s] Level 1:colcon.colcon_core.package_identification:_identify(src/Projet_maison/templates) by extension 'python_setup_py'
[0.540s] Level 1:colcon.colcon_core.package_identification:_identify(src/my_python_pkg) by extensions ['ignore', 'ignore_ament_install']
[0.540s] Level 1:colcon.colcon_core.package_identification:_identify(src/my_python_pkg) by extension 'ignore'
[0.540s] Level 1:colcon.colcon_core.package_identification:_identify(src/my_python_pkg) by extension 'ignore_ament_install'
[0.541s] Level 1:colcon.colcon_core.package_identification:_identify(src/my_python_pkg) by extensions ['colcon_pkg']
[0.541s] Level 1:colcon.colcon_core.package_identification:_identify(src/my_python_pkg) by extension 'colcon_pkg'
[0.541s] Level 1:colcon.colcon_core.package_identification:_identify(src/my_python_pkg) by extensions ['colcon_meta']
[0.541s] Level 1:colcon.colcon_core.package_identification:_identify(src/my_python_pkg) by extension 'colcon_meta'
[0.541s] Level 1:colcon.colcon_core.package_identification:_identify(src/my_python_pkg) by extensions ['ros']
[0.541s] Level 1:colcon.colcon_core.package_identification:_identify(src/my_python_pkg) by extension 'ros'
[0.545s] DEBUG:colcon.colcon_core.package_identification:Package 'src/my_python_pkg' with type 'ros.ament_python' and name 'my_python_pkg'
[0.546s] Level 1:colcon.colcon_core.package_identification:_identify(src/package_tp2) by extensions ['ignore', 'ignore_ament_install']
[0.546s] Level 1:colcon.colcon_core.package_identification:_identify(src/package_tp2) by extension 'ignore'
[0.546s] Level 1:colcon.colcon_core.package_identification:_identify(src/package_tp2) by extension 'ignore_ament_install'
[0.546s] Level 1:colcon.colcon_core.package_identification:_identify(src/package_tp2) by extensions ['colcon_pkg']
[0.546s] Level 1:colcon.colcon_core.package_identification:_identify(src/package_tp2) by extension 'colcon_pkg'
[0.546s] Level 1:colcon.colcon_core.package_identification:_identify(src/package_tp2) by extensions ['colcon_meta']
[0.547s] Level 1:colcon.colcon_core.package_identification:_identify(src/package_tp2) by extension 'colcon_meta'
[0.547s] Level 1:colcon.colcon_core.package_identification:_identify(src/package_tp2) by extensions ['ros']
[0.547s] Level 1:colcon.colcon_core.package_identification:_identify(src/package_tp2) by extension 'ros'
[0.547s] DEBUG:colcon.colcon_core.package_identification:Package 'src/package_tp2' with type 'ros.ament_python' and name 'package_tp2'
[0.548s] Level 1:colcon.colcon_core.package_identification:_identify(src/package_tp2_b) by extensions ['ignore', 'ignore_ament_install']
[0.548s] Level 1:colcon.colcon_core.package_identification:_identify(src/package_tp2_b) by extension 'ignore'
[0.548s] Level 1:colcon.colcon_core.package_identification:_identify(src/package_tp2_b) by extension 'ignore_ament_install'
[0.548s] Level 1:colcon.colcon_core.package_identification:_identify(src/package_tp2_b) by extensions ['colcon_pkg']
[0.548s] Level 1:colcon.colcon_core.package_identification:_identify(src/package_tp2_b) by extension 'colcon_pkg'
[0.548s] Level 1:colcon.colcon_core.package_identification:_identify(src/package_tp2_b) by extensions ['colcon_meta']
[0.548s] Level 1:colcon.colcon_core.package_identification:_identify(src/package_tp2_b) by extension 'colcon_meta'
[0.548s] Level 1:colcon.colcon_core.package_identification:_identify(src/package_tp2_b) by extensions ['ros']
[0.548s] Level 1:colcon.colcon_core.package_identification:_identify(src/package_tp2_b) by extension 'ros'
[0.549s] DEBUG:colcon.colcon_core.package_identification:Package 'src/package_tp2_b' with type 'ros.ament_python' and name 'package_tp2_b'
[0.549s] Level 1:colcon.colcon_core.package_identification:_identify(src/projet_pkg) by extensions ['ignore', 'ignore_ament_install']
[0.549s] Level 1:colcon.colcon_core.package_identification:_identify(src/projet_pkg) by extension 'ignore'
[0.549s] Level 1:colcon.colcon_core.package_identification:_identify(src/projet_pkg) by extension 'ignore_ament_install'
[0.549s] Level 1:colcon.colcon_core.package_identification:_identify(src/projet_pkg) by extensions ['colcon_pkg']
[0.549s] Level 1:colcon.colcon_core.package_identification:_identify(src/projet_pkg) by extension 'colcon_pkg'
[0.549s] Level 1:colcon.colcon_core.package_identification:_identify(src/projet_pkg) by extensions ['colcon_meta']
[0.549s] Level 1:colcon.colcon_core.package_identification:_identify(src/projet_pkg) by extension 'colcon_meta'
[0.549s] Level 1:colcon.colcon_core.package_identification:_identify(src/projet_pkg) by extensions ['ros']
[0.549s] Level 1:colcon.colcon_core.package_identification:_identify(src/projet_pkg) by extension 'ros'
[0.550s] DEBUG:colcon.colcon_core.package_identification:Package 'src/projet_pkg' with type 'ros.ament_python' and name 'projet_pkg'
[0.550s] Level 1:colcon.colcon_core.package_identification:_identify(src/tp2) by extensions ['ignore', 'ignore_ament_install']
[0.550s] Level 1:colcon.colcon_core.package_identification:_identify(src/tp2) by extension 'ignore'
[0.550s] Level 1:colcon.colcon_core.package_identification:_identify(src/tp2) by extension 'ignore_ament_install'
[0.550s] Level 1:colcon.colcon_core.package_identification:_identify(src/tp2) by extensions ['colcon_pkg']
[0.550s] Level 1:colcon.colcon_core.package_identification:_identify(src/tp2) by extension 'colcon_pkg'
[0.550s] Level 1:colcon.colcon_core.package_identification:_identify(src/tp2) by extensions ['colcon_meta']
[0.550s] Level 1:colcon.colcon_core.package_identification:_identify(src/tp2) by extension 'colcon_meta'
[0.550s] Level 1:colcon.colcon_core.package_identification:_identify(src/tp2) by extensions ['ros']
[0.551s] Level 1:colcon.colcon_core.package_identification:_identify(src/tp2) by extension 'ros'
[0.551s] Level 1:colcon.colcon_core.package_identification:_identify(src/tp2) by extensions ['cmake', 'python']
[0.551s] Level 1:colcon.colcon_core.package_identification:_identify(src/tp2) by extension 'cmake'
[0.551s] Level 1:colcon.colcon_core.package_identification:_identify(src/tp2) by extension 'python'
[0.551s] Level 1:colcon.colcon_core.package_identification:_identify(src/tp2) by extensions ['python_setup_py']
[0.551s] Level 1:colcon.colcon_core.package_identification:_identify(src/tp2) by extension 'python_setup_py'
[0.551s] Level 1:colcon.colcon_core.package_identification:_identify(src/tp4) by extensions ['ignore', 'ignore_ament_install']
[0.551s] Level 1:colcon.colcon_core.package_identification:_identify(src/tp4) by extension 'ignore'
[0.551s] Level 1:colcon.colcon_core.package_identification:_identify(src/tp4) by extension 'ignore_ament_install'
[0.551s] Level 1:colcon.colcon_core.package_identification:_identify(src/tp4) by extensions ['colcon_pkg']
[0.551s] Level 1:colcon.colcon_core.package_identification:_identify(src/tp4) by extension 'colcon_pkg'
[0.551s] Level 1:colcon.colcon_core.package_identification:_identify(src/tp4) by extensions ['colcon_meta']
[0.552s] Level 1:colcon.colcon_core.package_identification:_identify(src/tp4) by extension 'colcon_meta'
[0.552s] Level 1:colcon.colcon_core.package_identification:_identify(src/tp4) by extensions ['ros']
[0.552s] Level 1:colcon.colcon_core.package_identification:_identify(src/tp4) by extension 'ros'
[0.552s] Level 1:colcon.colcon_core.package_identification:_identify(src/tp4) by extensions ['cmake', 'python']
[0.552s] Level 1:colcon.colcon_core.package_identification:_identify(src/tp4) by extension 'cmake'
[0.552s] Level 1:colcon.colcon_core.package_identification:_identify(src/tp4) by extension 'python'
[0.552s] Level 1:colcon.colcon_core.package_identification:_identify(src/tp4) by extensions ['python_setup_py']
[0.552s] Level 1:colcon.colcon_core.package_identification:_identify(src/tp4) by extension 'python_setup_py'
[0.552s] Level 1:colcon.colcon_core.package_discovery:discover_packages(recursive) using defaults
[0.552s] Level 1:colcon.colcon_core.package_discovery:discover_packages(ignore) discover
[0.552s] Level 1:colcon.colcon_core.package_discovery:discover_packages(ignore) using defaults
[0.552s] Level 1:colcon.colcon_core.package_discovery:discover_packages(path) discover
[0.552s] Level 1:colcon.colcon_core.package_discovery:discover_packages(path) using defaults
[0.583s] Level 1:colcon.colcon_core.package_discovery:discover_packages(prefix_path) check parameters
[0.583s] Level 1:colcon.colcon_core.package_discovery:discover_packages(prefix_path) discover
[0.587s] DEBUG:colcon.colcon_installed_package_information.package_discovery:Found 271 installed packages in /opt/ros/humble
[0.590s] Level 1:colcon.colcon_core.package_discovery:discover_packages(prefix_path) using defaults
[0.669s] Level 5:colcon.colcon_core.verb:set package 'my_python_pkg' build argument 'cmake_args' from command line to 'None'
[0.670s] Level 5:colcon.colcon_core.verb:set package 'my_python_pkg' build argument 'cmake_target' from command line to 'None'
[0.670s] Level 5:colcon.colcon_core.verb:set package 'my_python_pkg' build argument 'cmake_target_skip_unavailable' from command line to 'False'
[0.670s] Level 5:colcon.colcon_core.verb:set package 'my_python_pkg' build argument 'cmake_clean_cache' from command line to 'False'
[0.670s] Level 5:colcon.colcon_core.verb:set package 'my_python_pkg' build argument 'cmake_clean_first' from command line to 'False'
[0.670s] Level 5:colcon.colcon_core.verb:set package 'my_python_pkg' build argument 'cmake_force_configure' from command line to 'False'
[0.670s] Level 5:colcon.colcon_core.verb:set package 'my_python_pkg' build argument 'ament_cmake_args' from command line to 'None'
[0.670s] Level 5:colcon.colcon_core.verb:set package 'my_python_pkg' build argument 'catkin_cmake_args' from command line to 'None'
[0.670s] Level 5:colcon.colcon_core.verb:set package 'my_python_pkg' build argument 'catkin_skip_building_tests' from command line to 'False'
[0.670s] DEBUG:colcon.colcon_core.verb:Building package 'my_python_pkg' with the following arguments: {'ament_cmake_args': None, 'build_base': '/home/thogms/ros2_ws/build/my_python_pkg', 'catkin_cmake_args': None, 'catkin_skip_building_tests': False, 'cmake_args': None, 'cmake_clean_cache': False, 'cmake_clean_first': False, 'cmake_force_configure': False, 'cmake_target': None, 'cmake_target_skip_unavailable': False, 'install_base': '/home/thogms/ros2_ws/install/my_python_pkg', 'merge_install': False, 'path': '/home/thogms/ros2_ws/src/my_python_pkg', 'symlink_install': False, 'test_result_base': None}
[0.670s] Level 5:colcon.colcon_core.verb:set package 'package_tp2' build argument 'cmake_args' from command line to 'None'
[0.670s] Level 5:colcon.colcon_core.verb:set package 'package_tp2' build argument 'cmake_target' from command line to 'None'
[0.670s] Level 5:colcon.colcon_core.verb:set package 'package_tp2' build argument 'cmake_target_skip_unavailable' from command line to 'False'
[0.671s] Level 5:colcon.colcon_core.verb:set package 'package_tp2' build argument 'cmake_clean_cache' from command line to 'False'
[0.671s] Level 5:colcon.colcon_core.verb:set package 'package_tp2' build argument 'cmake_clean_first' from command line to 'False'
[0.671s] Level 5:colcon.colcon_core.verb:set package 'package_tp2' build argument 'cmake_force_configure' from command line to 'False'
[0.671s] Level 5:colcon.colcon_core.verb:set package 'package_tp2' build argument 'ament_cmake_args' from command line to 'None'
[0.671s] Level 5:colcon.colcon_core.verb:set package 'package_tp2' build argument 'catkin_cmake_args' from command line to 'None'
[0.671s] Level 5:colcon.colcon_core.verb:set package 'package_tp2' build argument 'catkin_skip_building_tests' from command line to 'False'
[0.671s] DEBUG:colcon.colcon_core.verb:Building package 'package_tp2' with the following arguments: {'ament_cmake_args': None, 'build_base': '/home/thogms/ros2_ws/build/package_tp2', 'catkin_cmake_args': None, 'catkin_skip_building_tests': False, 'cmake_args': None, 'cmake_clean_cache': False, 'cmake_clean_first': False, 'cmake_force_configure': False, 'cmake_target': None, 'cmake_target_skip_unavailable': False, 'install_base': '/home/thogms/ros2_ws/install/package_tp2', 'merge_install': False, 'path': '/home/thogms/ros2_ws/src/package_tp2', 'symlink_install': False, 'test_result_base': None}
[0.671s] Level 5:colcon.colcon_core.verb:set package 'package_tp2_b' build argument 'cmake_args' from command line to 'None'
[0.671s] Level 5:colcon.colcon_core.verb:set package 'package_tp2_b' build argument 'cmake_target' from command line to 'None'
[0.671s] Level 5:colcon.colcon_core.verb:set package 'package_tp2_b' build argument 'cmake_target_skip_unavailable' from command line to 'False'
[0.671s] Level 5:colcon.colcon_core.verb:set package 'package_tp2_b' build argument 'cmake_clean_cache' from command line to 'False'
[0.671s] Level 5:colcon.colcon_core.verb:set package 'package_tp2_b' build argument 'cmake_clean_first' from command line to 'False'
[0.671s] Level 5:colcon.colcon_core.verb:set package 'package_tp2_b' build argument 'cmake_force_configure' from command line to 'False'
[0.671s] Level 5:colcon.colcon_core.verb:set package 'package_tp2_b' build argument 'ament_cmake_args' from command line to 'None'
[0.671s] Level 5:colcon.colcon_core.verb:set package 'package_tp2_b' build argument 'catkin_cmake_args' from command line to 'None'
[0.671s] Level 5:colcon.colcon_core.verb:set package 'package_tp2_b' build argument 'catkin_skip_building_tests' from command line to 'False'
[0.672s] DEBUG:colcon.colcon_core.verb:Building package 'package_tp2_b' with the following arguments: {'ament_cmake_args': None, 'build_base': '/home/thogms/ros2_ws/build/package_tp2_b', 'catkin_cmake_args': None, 'catkin_skip_building_tests': False, 'cmake_args': None, 'cmake_clean_cache': False, 'cmake_clean_first': False, 'cmake_force_configure': False, 'cmake_target': None, 'cmake_target_skip_unavailable': False, 'install_base': '/home/thogms/ros2_ws/install/package_tp2_b', 'merge_install': False, 'path': '/home/thogms/ros2_ws/src/package_tp2_b', 'symlink_install': False, 'test_result_base': None}
[0.672s] Level 5:colcon.colcon_core.verb:set package 'projet_pkg' build argument 'cmake_args' from command line to 'None'
[0.672s] Level 5:colcon.colcon_core.verb:set package 'projet_pkg' build argument 'cmake_target' from command line to 'None'
[0.672s] Level 5:colcon.colcon_core.verb:set package 'projet_pkg' build argument 'cmake_target_skip_unavailable' from command line to 'False'
[0.672s] Level 5:colcon.colcon_core.verb:set package 'projet_pkg' build argument 'cmake_clean_cache' from command line to 'False'
[0.672s] Level 5:colcon.colcon_core.verb:set package 'projet_pkg' build argument 'cmake_clean_first' from command line to 'False'
[0.672s] Level 5:colcon.colcon_core.verb:set package 'projet_pkg' build argument 'cmake_force_configure' from command line to 'False'
[0.672s] Level 5:colcon.colcon_core.verb:set package 'projet_pkg' build argument 'ament_cmake_args' from command line to 'None'
[0.672s] Level 5:colcon.colcon_core.verb:set package 'projet_pkg' build argument 'catkin_cmake_args' from command line to 'None'
[0.672s] Level 5:colcon.colcon_core.verb:set package 'projet_pkg' build argument 'catkin_skip_building_tests' from command line to 'False'
[0.672s] DEBUG:colcon.colcon_core.verb:Building package 'projet_pkg' with the following arguments: {'ament_cmake_args': None, 'build_base': '/home/thogms/ros2_ws/build/projet_pkg', 'catkin_cmake_args': None, 'catkin_skip_building_tests': False, 'cmake_args': None, 'cmake_clean_cache': False, 'cmake_clean_first': False, 'cmake_force_configure': False, 'cmake_target': None, 'cmake_target_skip_unavailable': False, 'install_base': '/home/thogms/ros2_ws/install/projet_pkg', 'merge_install': False, 'path': '/home/thogms/ros2_ws/src/projet_pkg', 'symlink_install': False, 'test_result_base': None}
[0.672s] INFO:colcon.colcon_core.executor:Executing jobs using 'parallel' executor
[0.675s] DEBUG:colcon.colcon_parallel_executor.executor.parallel:run_until_complete
[0.676s] INFO:colcon.colcon_ros.task.ament_python.build:Building ROS package in '/home/thogms/ros2_ws/src/my_python_pkg' with build type 'ament_python'
[0.676s] Level 1:colcon.colcon_core.shell:create_environment_hook('my_python_pkg', 'ament_prefix_path')
[0.680s] INFO:colcon.colcon_core.plugin_system:Skipping extension 'colcon_core.shell.bat': Not used on non-Windows systems
[0.681s] INFO:colcon.colcon_core.shell:Creating environment hook '/home/thogms/ros2_ws/install/my_python_pkg/share/my_python_pkg/hook/ament_prefix_path.ps1'
[0.682s] INFO:colcon.colcon_core.shell:Creating environment descriptor '/home/thogms/ros2_ws/install/my_python_pkg/share/my_python_pkg/hook/ament_prefix_path.dsv'
[0.683s] INFO:colcon.colcon_core.shell:Creating environment hook '/home/thogms/ros2_ws/install/my_python_pkg/share/my_python_pkg/hook/ament_prefix_path.sh'
[0.684s] INFO:colcon.colcon_core.shell:Skip shell extension 'powershell' for command environment: Not usable outside of PowerShell
[0.685s] DEBUG:colcon.colcon_core.shell:Skip shell extension 'dsv' for command environment
[0.689s] INFO:colcon.colcon_ros.task.ament_python.build:Building ROS package in '/home/thogms/ros2_ws/src/package_tp2' with build type 'ament_python'
[0.690s] Level 1:colcon.colcon_core.shell:create_environment_hook('package_tp2', 'ament_prefix_path')
[0.691s] INFO:colcon.colcon_core.shell:Creating environment hook '/home/thogms/ros2_ws/install/package_tp2/share/package_tp2/hook/ament_prefix_path.ps1'
[0.692s] INFO:colcon.colcon_core.shell:Creating environment descriptor '/home/thogms/ros2_ws/install/package_tp2/share/package_tp2/hook/ament_prefix_path.dsv'
[0.693s] INFO:colcon.colcon_core.shell:Creating environment hook '/home/thogms/ros2_ws/install/package_tp2/share/package_tp2/hook/ament_prefix_path.sh'
[0.694s] INFO:colcon.colcon_core.shell:Skip shell extension 'powershell' for command environment: Not usable outside of PowerShell
[0.694s] DEBUG:colcon.colcon_core.shell:Skip shell extension 'dsv' for command environment
[0.699s] INFO:colcon.colcon_ros.task.ament_python.build:Building ROS package in '/home/thogms/ros2_ws/src/package_tp2_b' with build type 'ament_python'
[0.699s] Level 1:colcon.colcon_core.shell:create_environment_hook('package_tp2_b', 'ament_prefix_path')
[0.699s] INFO:colcon.colcon_core.shell:Creating environment hook '/home/thogms/ros2_ws/install/package_tp2_b/share/package_tp2_b/hook/ament_prefix_path.ps1'
[0.701s] INFO:colcon.colcon_core.shell:Creating environment descriptor '/home/thogms/ros2_ws/install/package_tp2_b/share/package_tp2_b/hook/ament_prefix_path.dsv'
[0.702s] INFO:colcon.colcon_core.shell:Creating environment hook '/home/thogms/ros2_ws/install/package_tp2_b/share/package_tp2_b/hook/ament_prefix_path.sh'
[0.703s] INFO:colcon.colcon_core.shell:Skip shell extension 'powershell' for command environment: Not usable outside of PowerShell
[0.703s] DEBUG:colcon.colcon_core.shell:Skip shell extension 'dsv' for command environment
[0.709s] INFO:colcon.colcon_ros.task.ament_python.build:Building ROS package in '/home/thogms/ros2_ws/src/projet_pkg' with build type 'ament_python'
[0.709s] Level 1:colcon.colcon_core.shell:create_environment_hook('projet_pkg', 'ament_prefix_path')
[0.710s] INFO:colcon.colcon_core.shell:Creating environment hook '/home/thogms/ros2_ws/install/projet_pkg/share/projet_pkg/hook/ament_prefix_path.ps1'
[0.714s] INFO:colcon.colcon_core.shell:Creating environment descriptor '/home/thogms/ros2_ws/install/projet_pkg/share/projet_pkg/hook/ament_prefix_path.dsv'
[0.715s] INFO:colcon.colcon_core.shell:Creating environment hook '/home/thogms/ros2_ws/install/projet_pkg/share/projet_pkg/hook/ament_prefix_path.sh'
[0.716s] INFO:colcon.colcon_core.shell:Skip shell extension 'powershell' for command environment: Not usable outside of PowerShell
[0.716s] DEBUG:colcon.colcon_core.shell:Skip shell extension 'dsv' for command environment
[1.137s] INFO:colcon.colcon_core.task.python.build:Building Python package in '/home/thogms/ros2_ws/src/my_python_pkg'
[1.138s] INFO:colcon.colcon_core.shell:Skip shell extension 'powershell' for command environment: Not usable outside of PowerShell
[1.138s] DEBUG:colcon.colcon_core.shell:Skip shell extension 'dsv' for command environment
[1.557s] INFO:colcon.colcon_core.task.python.build:Building Python package in '/home/thogms/ros2_ws/src/package_tp2'
[1.558s] INFO:colcon.colcon_core.shell:Skip shell extension 'powershell' for command environment: Not usable outside of PowerShell
[1.558s] DEBUG:colcon.colcon_core.shell:Skip shell extension 'dsv' for command environment
[1.969s] INFO:colcon.colcon_core.task.python.build:Building Python package in '/home/thogms/ros2_ws/src/package_tp2_b'
[1.970s] INFO:colcon.colcon_core.shell:Skip shell extension 'powershell' for command environment: Not usable outside of PowerShell
[1.970s] DEBUG:colcon.colcon_core.shell:Skip shell extension 'dsv' for command environment
[2.334s] INFO:colcon.colcon_core.task.python.build:Building Python package in '/home/thogms/ros2_ws/src/projet_pkg'
[2.334s] INFO:colcon.colcon_core.shell:Skip shell extension 'powershell' for command environment: Not usable outside of PowerShell
[2.334s] DEBUG:colcon.colcon_core.shell:Skip shell extension 'dsv' for command environment
[2.865s] DEBUG:colcon.colcon_core.event_handler.log_command:Invoking command in '/home/thogms/ros2_ws/src/package_tp2': PYTHONPATH=/home/thogms/ros2_ws/build/package_tp2/prefix_override:/usr/lib/python3/dist-packages/colcon_core/task/python/colcon_distutils_commands:/home/thogms/ros2_ws/install/package_tp2/lib/python3.10/site-packages:${PYTHONPATH} /usr/bin/python3 -W ignore:setup.py install is deprecated -W ignore:easy_install command is deprecated setup.py egg_info --egg-base ../../build/package_tp2 build --build-base /home/thogms/ros2_ws/build/package_tp2/build install --record /home/thogms/ros2_ws/build/package_tp2/install.log --single-version-externally-managed install_data
[2.891s] DEBUG:colcon.colcon_core.event_handler.log_command:Invoking command in '/home/thogms/ros2_ws/src/my_python_pkg': PYTHONPATH=/home/thogms/ros2_ws/build/my_python_pkg/prefix_override:/usr/lib/python3/dist-packages/colcon_core/task/python/colcon_distutils_commands:/home/thogms/ros2_ws/install/my_python_pkg/lib/python3.10/site-packages:${PYTHONPATH} /usr/bin/python3 -W ignore:setup.py install is deprecated -W ignore:easy_install command is deprecated setup.py egg_info --egg-base ../../build/my_python_pkg build --build-base /home/thogms/ros2_ws/build/my_python_pkg/build install --record /home/thogms/ros2_ws/build/my_python_pkg/install.log --single-version-externally-managed install_data
[2.893s] DEBUG:colcon.colcon_core.event_handler.log_command:Invoking command in '/home/thogms/ros2_ws/src/package_tp2_b': PYTHONPATH=/home/thogms/ros2_ws/build/package_tp2_b/prefix_override:/usr/lib/python3/dist-packages/colcon_core/task/python/colcon_distutils_commands:/home/thogms/ros2_ws/install/package_tp2_b/lib/python3.10/site-packages:${PYTHONPATH} /usr/bin/python3 -W ignore:setup.py install is deprecated -W ignore:easy_install command is deprecated setup.py egg_info --egg-base ../../build/package_tp2_b build --build-base /home/thogms/ros2_ws/build/package_tp2_b/build install --record /home/thogms/ros2_ws/build/package_tp2_b/install.log --single-version-externally-managed install_data
[2.899s] DEBUG:colcon.colcon_core.event_handler.log_command:Invoking command in '/home/thogms/ros2_ws/src/projet_pkg': PYTHONPATH=/home/thogms/ros2_ws/build/projet_pkg/prefix_override:/usr/lib/python3/dist-packages/colcon_core/task/python/colcon_distutils_commands:/home/thogms/ros2_ws/install/projet_pkg/lib/python3.10/site-packages:${PYTHONPATH} /usr/bin/python3 -W ignore:setup.py install is deprecated -W ignore:easy_install command is deprecated setup.py egg_info --egg-base ../../build/projet_pkg build --build-base /home/thogms/ros2_ws/build/projet_pkg/build install --record /home/thogms/ros2_ws/build/projet_pkg/install.log --single-version-externally-managed install_data
[3.302s] Level 1:colcon.colcon_core.environment:checking '/home/thogms/ros2_ws/install/package_tp2' for CMake module files
[3.303s] Level 1:colcon.colcon_core.environment:checking '/home/thogms/ros2_ws/install/package_tp2' for CMake config files
[3.304s] Level 1:colcon.colcon_core.environment:checking '/home/thogms/ros2_ws/install/package_tp2/lib'
[3.304s] Level 1:colcon.colcon_core.environment:checking '/home/thogms/ros2_ws/install/package_tp2/bin'
[3.304s] Level 1:colcon.colcon_core.environment:checking '/home/thogms/ros2_ws/install/package_tp2/lib/pkgconfig/package_tp2.pc'
[3.304s] Level 1:colcon.colcon_core.environment:checking '/home/thogms/ros2_ws/install/package_tp2/lib/python3.10/site-packages'
[3.305s] Level 1:colcon.colcon_core.shell:create_environment_hook('package_tp2', 'pythonpath')
[3.305s] INFO:colcon.colcon_core.shell:Creating environment hook '/home/thogms/ros2_ws/install/package_tp2/share/package_tp2/hook/pythonpath.ps1'
[3.306s] INFO:colcon.colcon_core.shell:Creating environment descriptor '/home/thogms/ros2_ws/install/package_tp2/share/package_tp2/hook/pythonpath.dsv'
[3.307s] INFO:colcon.colcon_core.shell:Creating environment hook '/home/thogms/ros2_ws/install/package_tp2/share/package_tp2/hook/pythonpath.sh'
[3.308s] Level 1:colcon.colcon_core.environment:checking '/home/thogms/ros2_ws/install/package_tp2/bin'
[3.308s] Level 1:colcon.colcon_core.environment:create_environment_scripts_only(package_tp2)
[3.308s] INFO:colcon.colcon_core.shell:Creating package script '/home/thogms/ros2_ws/install/package_tp2/share/package_tp2/package.ps1'
[3.310s] INFO:colcon.colcon_core.shell:Creating package descriptor '/home/thogms/ros2_ws/install/package_tp2/share/package_tp2/package.dsv'
[3.311s] INFO:colcon.colcon_core.shell:Creating package script '/home/thogms/ros2_ws/install/package_tp2/share/package_tp2/package.sh'
[3.312s] INFO:colcon.colcon_core.shell:Creating package script '/home/thogms/ros2_ws/install/package_tp2/share/package_tp2/package.bash'
[3.314s] DEBUG:colcon.colcon_core.event_handler.log_command:Invoked command in '/home/thogms/ros2_ws/src/package_tp2' returned '0': PYTHONPATH=/home/thogms/ros2_ws/build/package_tp2/prefix_override:/usr/lib/python3/dist-packages/colcon_core/task/python/colcon_distutils_commands:/home/thogms/ros2_ws/install/package_tp2/lib/python3.10/site-packages:${PYTHONPATH} /usr/bin/python3 -W ignore:setup.py install is deprecated -W ignore:easy_install command is deprecated setup.py egg_info --egg-base ../../build/package_tp2 build --build-base /home/thogms/ros2_ws/build/package_tp2/build install --record /home/thogms/ros2_ws/build/package_tp2/install.log --single-version-externally-managed install_data
[3.315s] INFO:colcon.colcon_core.shell:Creating package script '/home/thogms/ros2_ws/install/package_tp2/share/package_tp2/package.zsh'
[3.317s] Level 1:colcon.colcon_core.environment:create_file_with_runtime_dependencies(/home/thogms/ros2_ws/install/package_tp2/share/colcon-core/packages/package_tp2)
[3.321s] Level 1:colcon.colcon_core.environment:checking '/home/thogms/ros2_ws/install/my_python_pkg' for CMake module files
[3.322s] DEBUG:colcon.colcon_core.event_handler.log_command:Invoked command in '/home/thogms/ros2_ws/src/my_python_pkg' returned '0': PYTHONPATH=/home/thogms/ros2_ws/build/my_python_pkg/prefix_override:/usr/lib/python3/dist-packages/colcon_core/task/python/colcon_distutils_commands:/home/thogms/ros2_ws/install/my_python_pkg/lib/python3.10/site-packages:${PYTHONPATH} /usr/bin/python3 -W ignore:setup.py install is deprecated -W ignore:easy_install command is deprecated setup.py egg_info --egg-base ../../build/my_python_pkg build --build-base /home/thogms/ros2_ws/build/my_python_pkg/build install --record /home/thogms/ros2_ws/build/my_python_pkg/install.log --single-version-externally-managed install_data
[3.323s] Level 1:colcon.colcon_core.environment:checking '/home/thogms/ros2_ws/install/my_python_pkg' for CMake config files
[3.324s] Level 1:colcon.colcon_core.environment:checking '/home/thogms/ros2_ws/install/my_python_pkg/lib'
[3.324s] Level 1:colcon.colcon_core.environment:checking '/home/thogms/ros2_ws/install/my_python_pkg/bin'
[3.324s] Level 1:colcon.colcon_core.environment:checking '/home/thogms/ros2_ws/install/my_python_pkg/lib/pkgconfig/my_python_pkg.pc'
[3.324s] Level 1:colcon.colcon_core.environment:checking '/home/thogms/ros2_ws/install/my_python_pkg/lib/python3.10/site-packages'
[3.325s] Level 1:colcon.colcon_core.shell:create_environment_hook('my_python_pkg', 'pythonpath')
[3.325s] INFO:colcon.colcon_core.shell:Creating environment hook '/home/thogms/ros2_ws/install/my_python_pkg/share/my_python_pkg/hook/pythonpath.ps1'
[3.326s] INFO:colcon.colcon_core.shell:Creating environment descriptor '/home/thogms/ros2_ws/install/my_python_pkg/share/my_python_pkg/hook/pythonpath.dsv'
[3.327s] INFO:colcon.colcon_core.shell:Creating environment hook '/home/thogms/ros2_ws/install/my_python_pkg/share/my_python_pkg/hook/pythonpath.sh'
[3.328s] Level 1:colcon.colcon_core.environment:checking '/home/thogms/ros2_ws/install/my_python_pkg/bin'
[3.328s] Level 1:colcon.colcon_core.environment:create_environment_scripts_only(my_python_pkg)
[3.328s] INFO:colcon.colcon_core.shell:Creating package script '/home/thogms/ros2_ws/install/my_python_pkg/share/my_python_pkg/package.ps1'
[3.329s] INFO:colcon.colcon_core.shell:Creating package descriptor '/home/thogms/ros2_ws/install/my_python_pkg/share/my_python_pkg/package.dsv'
[3.330s] INFO:colcon.colcon_core.shell:Creating package script '/home/thogms/ros2_ws/install/my_python_pkg/share/my_python_pkg/package.sh'
[3.331s] INFO:colcon.colcon_core.shell:Creating package script '/home/thogms/ros2_ws/install/my_python_pkg/share/my_python_pkg/package.bash'
[3.331s] INFO:colcon.colcon_core.shell:Creating package script '/home/thogms/ros2_ws/install/my_python_pkg/share/my_python_pkg/package.zsh'
[3.332s] Level 1:colcon.colcon_core.environment:create_file_with_runtime_dependencies(/home/thogms/ros2_ws/install/my_python_pkg/share/colcon-core/packages/my_python_pkg)
[3.336s] Level 1:colcon.colcon_core.environment:checking '/home/thogms/ros2_ws/install/package_tp2_b' for CMake module files
[3.338s] DEBUG:colcon.colcon_core.event_handler.log_command:Invoked command in '/home/thogms/ros2_ws/src/package_tp2_b' returned '0': PYTHONPATH=/home/thogms/ros2_ws/build/package_tp2_b/prefix_override:/usr/lib/python3/dist-packages/colcon_core/task/python/colcon_distutils_commands:/home/thogms/ros2_ws/install/package_tp2_b/lib/python3.10/site-packages:${PYTHONPATH} /usr/bin/python3 -W ignore:setup.py install is deprecated -W ignore:easy_install command is deprecated setup.py egg_info --egg-base ../../build/package_tp2_b build --build-base /home/thogms/ros2_ws/build/package_tp2_b/build install --record /home/thogms/ros2_ws/build/package_tp2_b/install.log --single-version-externally-managed install_data
[3.338s] Level 1:colcon.colcon_core.environment:checking '/home/thogms/ros2_ws/install/package_tp2_b' for CMake config files
[3.339s] Level 1:colcon.colcon_core.environment:checking '/home/thogms/ros2_ws/install/package_tp2_b/lib'
[3.339s] Level 1:colcon.colcon_core.environment:checking '/home/thogms/ros2_ws/install/package_tp2_b/bin'
[3.339s] Level 1:colcon.colcon_core.environment:checking '/home/thogms/ros2_ws/install/package_tp2_b/lib/pkgconfig/package_tp2_b.pc'
[3.340s] Level 1:colcon.colcon_core.environment:checking '/home/thogms/ros2_ws/install/package_tp2_b/lib/python3.10/site-packages'
[3.340s] Level 1:colcon.colcon_core.shell:create_environment_hook('package_tp2_b', 'pythonpath')
[3.340s] INFO:colcon.colcon_core.shell:Creating environment hook '/home/thogms/ros2_ws/install/package_tp2_b/share/package_tp2_b/hook/pythonpath.ps1'
[3.341s] INFO:colcon.colcon_core.shell:Creating environment descriptor '/home/thogms/ros2_ws/install/package_tp2_b/share/package_tp2_b/hook/pythonpath.dsv'
[3.341s] INFO:colcon.colcon_core.shell:Creating environment hook '/home/thogms/ros2_ws/install/package_tp2_b/share/package_tp2_b/hook/pythonpath.sh'
[3.342s] Level 1:colcon.colcon_core.environment:checking '/home/thogms/ros2_ws/install/package_tp2_b/bin'
[3.342s] Level 1:colcon.colcon_core.environment:create_environment_scripts_only(package_tp2_b)
[3.342s] INFO:colcon.colcon_core.shell:Creating package script '/home/thogms/ros2_ws/install/package_tp2_b/share/package_tp2_b/package.ps1'
[3.343s] INFO:colcon.colcon_core.shell:Creating package descriptor '/home/thogms/ros2_ws/install/package_tp2_b/share/package_tp2_b/package.dsv'
[3.343s] INFO:colcon.colcon_core.shell:Creating package script '/home/thogms/ros2_ws/install/package_tp2_b/share/package_tp2_b/package.sh'
[3.344s] INFO:colcon.colcon_core.shell:Creating package script '/home/thogms/ros2_ws/install/package_tp2_b/share/package_tp2_b/package.bash'
[3.345s] INFO:colcon.colcon_core.shell:Creating package script '/home/thogms/ros2_ws/install/package_tp2_b/share/package_tp2_b/package.zsh'
[3.345s] Level 1:colcon.colcon_core.environment:create_file_with_runtime_dependencies(/home/thogms/ros2_ws/install/package_tp2_b/share/colcon-core/packages/package_tp2_b)
[3.346s] Level 1:colcon.colcon_core.environment:checking '/home/thogms/ros2_ws/install/projet_pkg' for CMake module files
[3.349s] Level 1:colcon.colcon_core.environment:checking '/home/thogms/ros2_ws/install/projet_pkg' for CMake config files
[3.350s] DEBUG:colcon.colcon_core.event_handler.log_command:Invoked command in '/home/thogms/ros2_ws/src/projet_pkg' returned '0': PYTHONPATH=/home/thogms/ros2_ws/build/projet_pkg/prefix_override:/usr/lib/python3/dist-packages/colcon_core/task/python/colcon_distutils_commands:/home/thogms/ros2_ws/install/projet_pkg/lib/python3.10/site-packages:${PYTHONPATH} /usr/bin/python3 -W ignore:setup.py install is deprecated -W ignore:easy_install command is deprecated setup.py egg_info --egg-base ../../build/projet_pkg build --build-base /home/thogms/ros2_ws/build/projet_pkg/build install --record /home/thogms/ros2_ws/build/projet_pkg/install.log --single-version-externally-managed install_data
[3.351s] Level 1:colcon.colcon_core.environment:checking '/home/thogms/ros2_ws/install/projet_pkg/lib'
[3.351s] Level 1:colcon.colcon_core.environment:checking '/home/thogms/ros2_ws/install/projet_pkg/bin'
[3.351s] Level 1:colcon.colcon_core.environment:checking '/home/thogms/ros2_ws/install/projet_pkg/lib/pkgconfig/projet_pkg.pc'
[3.351s] Level 1:colcon.colcon_core.environment:checking '/home/thogms/ros2_ws/install/projet_pkg/lib/python3.10/site-packages'
[3.351s] Level 1:colcon.colcon_core.shell:create_environment_hook('projet_pkg', 'pythonpath')
[3.352s] INFO:colcon.colcon_core.shell:Creating environment hook '/home/thogms/ros2_ws/install/projet_pkg/share/projet_pkg/hook/pythonpath.ps1'
[3.352s] INFO:colcon.colcon_core.shell:Creating environment descriptor '/home/thogms/ros2_ws/install/projet_pkg/share/projet_pkg/hook/pythonpath.dsv'
[3.353s] INFO:colcon.colcon_core.shell:Creating environment hook '/home/thogms/ros2_ws/install/projet_pkg/share/projet_pkg/hook/pythonpath.sh'
[3.353s] Level 1:colcon.colcon_core.environment:checking '/home/thogms/ros2_ws/install/projet_pkg/bin'
[3.354s] Level 1:colcon.colcon_core.environment:create_environment_scripts_only(projet_pkg)
[3.354s] INFO:colcon.colcon_core.shell:Creating package script '/home/thogms/ros2_ws/install/projet_pkg/share/projet_pkg/package.ps1'
[3.355s] INFO:colcon.colcon_core.shell:Creating package descriptor '/home/thogms/ros2_ws/install/projet_pkg/share/projet_pkg/package.dsv'
[3.355s] INFO:colcon.colcon_core.shell:Creating package script '/home/thogms/ros2_ws/install/projet_pkg/share/projet_pkg/package.sh'
[3.356s] INFO:colcon.colcon_core.shell:Creating package script '/home/thogms/ros2_ws/install/projet_pkg/share/projet_pkg/package.bash'
[3.357s] INFO:colcon.colcon_core.shell:Creating package script '/home/thogms/ros2_ws/install/projet_pkg/share/projet_pkg/package.zsh'
[3.357s] Level 1:colcon.colcon_core.environment:create_file_with_runtime_dependencies(/home/thogms/ros2_ws/install/projet_pkg/share/colcon-core/packages/projet_pkg)
[3.358s] DEBUG:colcon.colcon_parallel_executor.executor.parallel:closing loop
[3.359s] DEBUG:colcon.colcon_parallel_executor.executor.parallel:loop closed
[3.359s] DEBUG:colcon.colcon_parallel_executor.executor.parallel:run_until_complete finished with '0'
[3.359s] DEBUG:colcon.colcon_core.event_reactor:joining thread
[3.471s] INFO:colcon.colcon_core.plugin_system:Skipping extension 'colcon_notification.desktop_notification.notify_send': Could not find 'notify-send'
[3.471s] INFO:colcon.colcon_core.plugin_system:Skipping extension 'colcon_notification.desktop_notification.terminal_notifier': Not used on non-Darwin systems
[3.471s] INFO:colcon.colcon_core.plugin_system:Skipping extension 'colcon_notification.desktop_notification.win32': Not used on non-Windows systems
[3.472s] INFO:colcon.colcon_notification.desktop_notification:Sending desktop notification using 'notify2'
[3.474s] DEBUG:colcon.colcon_notification.desktop_notification.notify2:Failed to initialize notify2: org.freedesktop.DBus.Error.ServiceUnknown: The name org.freedesktop.Notifications was not provided by any .service files
[3.474s] DEBUG:colcon.colcon_core.event_reactor:joined thread
[3.474s] INFO:colcon.colcon_core.shell:Creating prefix script '/home/thogms/ros2_ws/install/local_setup.ps1'
[3.476s] INFO:colcon.colcon_core.shell:Creating prefix util module '/home/thogms/ros2_ws/install/_local_setup_util_ps1.py'
[3.477s] INFO:colcon.colcon_core.shell:Creating prefix chain script '/home/thogms/ros2_ws/install/setup.ps1'
[3.479s] INFO:colcon.colcon_core.shell:Creating prefix script '/home/thogms/ros2_ws/install/local_setup.sh'
[3.479s] INFO:colcon.colcon_core.shell:Creating prefix util module '/home/thogms/ros2_ws/install/_local_setup_util_sh.py'
[3.480s] INFO:colcon.colcon_core.shell:Creating prefix chain script '/home/thogms/ros2_ws/install/setup.sh'
[3.481s] INFO:colcon.colcon_core.shell:Creating prefix script '/home/thogms/ros2_ws/install/local_setup.bash'
[3.482s] INFO:colcon.colcon_core.shell:Creating prefix chain script '/home/thogms/ros2_ws/install/setup.bash'
[3.483s] INFO:colcon.colcon_core.shell:Creating prefix script '/home/thogms/ros2_ws/install/local_setup.zsh'
[3.484s] INFO:colcon.colcon_core.shell:Creating prefix chain script '/home/thogms/ros2_ws/install/setup.zsh'
