[1.773s] Invoking command in '/home/thomas/ros2_ws/src/package_tp2': PYTHONPATH=/home/thomas/ros2_ws/build/package_tp2/prefix_override:/usr/lib/python3/dist-packages/colcon_core/task/python/colcon_distutils_commands:/home/thomas/ros2_ws/install/package_tp2/lib/python3.10/site-packages:${PYTHONPATH} /usr/bin/python3 -W ignore:setup.py install is deprecated setup.py egg_info --egg-base ../../build/package_tp2 build --build-base /home/thomas/ros2_ws/build/package_tp2/build install --record /home/thomas/ros2_ws/build/package_tp2/install.log --single-version-externally-managed install_data
[2.119s] running egg_info
[2.119s] writing ../../build/package_tp2/package_tp2.egg-info/PKG-INFO
[2.138s] writing dependency_links to ../../build/package_tp2/package_tp2.egg-info/dependency_links.txt
[2.139s] writing entry points to ../../build/package_tp2/package_tp2.egg-info/entry_points.txt
[2.141s] writing requirements to ../../build/package_tp2/package_tp2.egg-info/requires.txt
[2.142s] writing top-level names to ../../build/package_tp2/package_tp2.egg-info/top_level.txt
[2.147s] reading manifest file '../../build/package_tp2/package_tp2.egg-info/SOURCES.txt'
[2.151s] writing manifest file '../../build/package_tp2/package_tp2.egg-info/SOURCES.txt'
[2.152s] running build
[2.152s] running build_py
[2.158s] running install
[2.158s] running install_lib
[2.164s] running install_data
[2.166s] running install_egg_info
[2.169s] removing '/home/thomas/ros2_ws/install/package_tp2/lib/python3.10/site-packages/package_tp2-0.0.0-py3.10.egg-info' (and everything under it)
[2.170s] Copying ../../build/package_tp2/package_tp2.egg-info to /home/thomas/ros2_ws/install/package_tp2/lib/python3.10/site-packages/package_tp2-0.0.0-py3.10.egg-info
[2.175s] running install_scripts
[2.215s] Installing capteur1 script to /home/thomas/ros2_ws/install/package_tp2/lib/package_tp2
[2.223s] Installing capteur2 script to /home/thomas/ros2_ws/install/package_tp2/lib/package_tp2
[2.237s] Installing fusion script to /home/thomas/ros2_ws/install/package_tp2/lib/package_tp2
[2.237s] writing list of installed files to '/home/thomas/ros2_ws/build/package_tp2/install.log'
[2.304s] Invoked command in '/home/thomas/ros2_ws/src/package_tp2' returned '0': PYTHONPATH=/home/thomas/ros2_ws/build/package_tp2/prefix_override:/usr/lib/python3/dist-packages/colcon_core/task/python/colcon_distutils_commands:/home/thomas/ros2_ws/install/package_tp2/lib/python3.10/site-packages:${PYTHONPATH} /usr/bin/python3 -W ignore:setup.py install is deprecated setup.py egg_info --egg-base ../../build/package_tp2 build --build-base /home/thomas/ros2_ws/build/package_tp2/build install --record /home/thomas/ros2_ws/build/package_tp2/install.log --single-version-externally-managed install_data
