Traceback (most recent call last):
  File "/home/thogms/ros2_ws/src/package_tp2_b/setup.py", line 1, in <module>
    from setuptools import find_packages, setup
  File "/usr/lib/python3/dist-packages/setuptools/__init__.py", line 16, in <module>
    import setuptools.version
  File "/usr/lib/python3/dist-packages/setuptools/version.py", line 1, in <module>
    import pkg_resources
  File "/usr/lib/python3/dist-packages/pkg_resources/__init__.py", line 78, in <module>
    __import__('pkg_resources.extern.packaging.requirements')
  File "/usr/lib/python3/dist-packages/pkg_resources/_vendor/packaging/requirements.py", line 10, in <module>
    from pkg_resources.extern.pyparsing import (  # noqa
  File "<frozen importlib._bootstrap>", line 1027, in _find_and_load
  File "<frozen importlib._bootstrap>", line 1006, in _find_and_load_unlocked
  File "<frozen importlib._bootstrap>", line 674, in _load_unlocked
  File "<frozen importlib._bootstrap>", line 571, in module_from_spec
  File "/usr/lib/python3/dist-packages/pkg_resources/extern/__init__.py", line 52, in create_module
    return self.load_module(spec.name)
  File "/usr/lib/python3/dist-packages/pkg_resources/extern/__init__.py", line 37, in load_module
    __import__(extant)
  File "/usr/lib/python3/dist-packages/pkg_resources/_vendor/pyparsing.py", line 5391, in <module>
    _commasepitem = Combine(OneOrMore(Word(printables, excludeChars=',') +
  File "/usr/lib/python3/dist-packages/pkg_resources/_vendor/pyparsing.py", line 2703, in __init__
    self.re = re.compile( self.reString )
  File "/usr/lib/python3.10/re.py", line 251, in compile
    return _compile(pattern, flags)
  File "/usr/lib/python3.10/re.py", line 303, in _compile
    p = sre_compile.compile(pattern, flags)
  File "/usr/lib/python3.10/sre_compile.py", line 792, in compile
    code = _code(p, flags)
  File "/usr/lib/python3.10/sre_compile.py", line 631, in _code
    _compile(code, p.data, flags)
  File "/usr/lib/python3.10/sre_compile.py", line 164, in _compile
    _compile(code, av[2], flags)
  File "/usr/lib/python3.10/sre_compile.py", line 136, in _compile
    charset, hascased = _optimize_charset(av, iscased, tolower, fixes)
  File "/usr/lib/python3.10/sre_compile.py", line 296, in _optimize_charset
    charmap = bytearray(256)
KeyboardInterrupt
