[1.416s] Invoking command in '/home/thogms/ros2_ws/src/projet_pkg': PYTHONPATH=/home/thogms/ros2_ws/build/projet_pkg/prefix_override:/usr/lib/python3/dist-packages/colcon_core/task/python/colcon_distutils_commands:/home/thogms/ros2_ws/install/projet_pkg/lib/python3.10/site-packages:${PYTHONPATH} /usr/bin/python3 -W ignore:setup.py install is deprecated -W ignore:easy_install command is deprecated setup.py egg_info --egg-base ../../build/projet_pkg build --build-base /home/thogms/ros2_ws/build/projet_pkg/build install --record /home/thogms/ros2_ws/build/projet_pkg/install.log --single-version-externally-managed install_data
[1.676s] running egg_info
[1.678s] writing ../../build/projet_pkg/projet_pkg.egg-info/PKG-INFO
[1.679s] writing dependency_links to ../../build/projet_pkg/projet_pkg.egg-info/dependency_links.txt
[1.680s] writing entry points to ../../build/projet_pkg/projet_pkg.egg-info/entry_points.txt
[1.680s] writing requirements to ../../build/projet_pkg/projet_pkg.egg-info/requires.txt
[1.680s] writing top-level names to ../../build/projet_pkg/projet_pkg.egg-info/top_level.txt
[1.681s] reading manifest file '../../build/projet_pkg/projet_pkg.egg-info/SOURCES.txt'
[1.682s] writing manifest file '../../build/projet_pkg/projet_pkg.egg-info/SOURCES.txt'
[1.683s] running build
[1.683s] running build_py
[1.691s] copying projet_pkg/publisher_presenceout.py -> /home/thogms/ros2_ws/build/projet_pkg/build/lib/projet_pkg
[1.691s] copying projet_pkg/publisher_temperature.py -> /home/thogms/ros2_ws/build/projet_pkg/build/lib/projet_pkg
[1.691s] copying projet_pkg/info_web.py -> /home/thogms/ros2_ws/build/projet_pkg/build/lib/projet_pkg
[1.691s] copying projet_pkg/publisher_time.py -> /home/thogms/ros2_ws/build/projet_pkg/build/lib/projet_pkg
[1.691s] copying projet_pkg/publisher_luminosity.py -> /home/thogms/ros2_ws/build/projet_pkg/build/lib/projet_pkg
[1.691s] copying projet_pkg/publisher_presenceInt.py -> /home/thogms/ros2_ws/build/projet_pkg/build/lib/projet_pkg
[1.691s] running install
[1.691s] running install_lib
[1.691s] copying /home/thogms/ros2_ws/build/projet_pkg/build/lib/projet_pkg/publisher_presenceout.py -> /home/thogms/ros2_ws/install/projet_pkg/lib/python3.10/site-packages/projet_pkg
[1.691s] copying /home/thogms/ros2_ws/build/projet_pkg/build/lib/projet_pkg/publisher_temperature.py -> /home/thogms/ros2_ws/install/projet_pkg/lib/python3.10/site-packages/projet_pkg
[1.691s] copying /home/thogms/ros2_ws/build/projet_pkg/build/lib/projet_pkg/info_web.py -> /home/thogms/ros2_ws/install/projet_pkg/lib/python3.10/site-packages/projet_pkg
[1.691s] copying /home/thogms/ros2_ws/build/projet_pkg/build/lib/projet_pkg/publisher_time.py -> /home/thogms/ros2_ws/install/projet_pkg/lib/python3.10/site-packages/projet_pkg
[1.691s] copying /home/thogms/ros2_ws/build/projet_pkg/build/lib/projet_pkg/publisher_luminosity.py -> /home/thogms/ros2_ws/install/projet_pkg/lib/python3.10/site-packages/projet_pkg
[1.691s] copying /home/thogms/ros2_ws/build/projet_pkg/build/lib/projet_pkg/publisher_presenceInt.py -> /home/thogms/ros2_ws/install/projet_pkg/lib/python3.10/site-packages/projet_pkg
[1.691s] byte-compiling /home/thogms/ros2_ws/install/projet_pkg/lib/python3.10/site-packages/projet_pkg/publisher_presenceout.py to publisher_presenceout.cpython-310.pyc
[1.692s] byte-compiling /home/thogms/ros2_ws/install/projet_pkg/lib/python3.10/site-packages/projet_pkg/publisher_temperature.py to publisher_temperature.cpython-310.pyc
[1.692s] byte-compiling /home/thogms/ros2_ws/install/projet_pkg/lib/python3.10/site-packages/projet_pkg/info_web.py to info_web.cpython-310.pyc
[1.696s] byte-compiling /home/thogms/ros2_ws/install/projet_pkg/lib/python3.10/site-packages/projet_pkg/publisher_time.py to publisher_time.cpython-310.pyc
[1.697s] byte-compiling /home/thogms/ros2_ws/install/projet_pkg/lib/python3.10/site-packages/projet_pkg/publisher_luminosity.py to publisher_luminosity.cpython-310.pyc
[1.698s] byte-compiling /home/thogms/ros2_ws/install/projet_pkg/lib/python3.10/site-packages/projet_pkg/publisher_presenceInt.py to publisher_presenceInt.cpython-310.pyc
[1.701s] running install_data
[1.701s] running install_egg_info
[1.706s] removing '/home/thogms/ros2_ws/install/projet_pkg/lib/python3.10/site-packages/projet_pkg-0.0.0-py3.10.egg-info' (and everything under it)
[1.706s] Copying ../../build/projet_pkg/projet_pkg.egg-info to /home/thogms/ros2_ws/install/projet_pkg/lib/python3.10/site-packages/projet_pkg-0.0.0-py3.10.egg-info
[1.706s] running install_scripts
[1.741s] Installing client_bp script to /home/thogms/ros2_ws/install/projet_pkg/lib/projet_pkg
[1.742s] Installing controle_luminosity script to /home/thogms/ros2_ws/install/projet_pkg/lib/projet_pkg
[1.743s] Installing controle_presenceInt script to /home/thogms/ros2_ws/install/projet_pkg/lib/projet_pkg
[1.743s] Installing controle_presenceOut script to /home/thogms/ros2_ws/install/projet_pkg/lib/projet_pkg
[1.744s] Installing controle_temperature script to /home/thogms/ros2_ws/install/projet_pkg/lib/projet_pkg
[1.744s] Installing controle_time script to /home/thogms/ros2_ws/install/projet_pkg/lib/projet_pkg
[1.744s] Installing info_web script to /home/thogms/ros2_ws/install/projet_pkg/lib/projet_pkg
[1.744s] Installing publisher_luminosity script to /home/thogms/ros2_ws/install/projet_pkg/lib/projet_pkg
[1.744s] Installing publisher_presenceInt script to /home/thogms/ros2_ws/install/projet_pkg/lib/projet_pkg
[1.745s] Installing publisher_presenceOut script to /home/thogms/ros2_ws/install/projet_pkg/lib/projet_pkg
[1.745s] Installing publisher_temperature script to /home/thogms/ros2_ws/install/projet_pkg/lib/projet_pkg
[1.746s] Installing publisher_time script to /home/thogms/ros2_ws/install/projet_pkg/lib/projet_pkg
[1.746s] Installing service_bp script to /home/thogms/ros2_ws/install/projet_pkg/lib/projet_pkg
[1.747s] writing list of installed files to '/home/thogms/ros2_ws/build/projet_pkg/install.log'
[1.852s] Invoked command in '/home/thogms/ros2_ws/src/projet_pkg' returned '0': PYTHONPATH=/home/thogms/ros2_ws/build/projet_pkg/prefix_override:/usr/lib/python3/dist-packages/colcon_core/task/python/colcon_distutils_commands:/home/thogms/ros2_ws/install/projet_pkg/lib/python3.10/site-packages:${PYTHONPATH} /usr/bin/python3 -W ignore:setup.py install is deprecated -W ignore:easy_install command is deprecated setup.py egg_info --egg-base ../../build/projet_pkg build --build-base /home/thogms/ros2_ws/build/projet_pkg/build install --record /home/thogms/ros2_ws/build/projet_pkg/install.log --single-version-externally-managed install_data
