[2.589s] Invoking command in '/home/thogms/ros2_ws/src/package_tp2': PYTHONPATH=/home/thogms/ros2_ws/build/package_tp2/prefix_override:/usr/lib/python3/dist-packages/colcon_core/task/python/colcon_distutils_commands:/home/thogms/ros2_ws/install/package_tp2/lib/python3.10/site-packages:${PYTHONPATH} /usr/bin/python3 -W ignore:setup.py install is deprecated -W ignore:easy_install command is deprecated setup.py egg_info --egg-base ../../build/package_tp2 build --build-base /home/thogms/ros2_ws/build/package_tp2/build install --record /home/thogms/ros2_ws/build/package_tp2/install.log --single-version-externally-managed install_data
[2.920s] running egg_info
[2.922s] writing ../../build/package_tp2/package_tp2.egg-info/PKG-INFO
[2.923s] writing dependency_links to ../../build/package_tp2/package_tp2.egg-info/dependency_links.txt
[2.924s] writing entry points to ../../build/package_tp2/package_tp2.egg-info/entry_points.txt
[2.924s] writing requirements to ../../build/package_tp2/package_tp2.egg-info/requires.txt
[2.924s] writing top-level names to ../../build/package_tp2/package_tp2.egg-info/top_level.txt
[2.927s] reading manifest file '../../build/package_tp2/package_tp2.egg-info/SOURCES.txt'
[2.930s] writing manifest file '../../build/package_tp2/package_tp2.egg-info/SOURCES.txt'
[2.930s] running build
[2.931s] running build_py
[2.932s] running install
[2.933s] running install_lib
[2.936s] running install_data
[2.939s] running install_egg_info
[2.941s] removing '/home/thogms/ros2_ws/install/package_tp2/lib/python3.10/site-packages/package_tp2-0.0.0-py3.10.egg-info' (and everything under it)
[2.942s] Copying ../../build/package_tp2/package_tp2.egg-info to /home/thogms/ros2_ws/install/package_tp2/lib/python3.10/site-packages/package_tp2-0.0.0-py3.10.egg-info
[2.948s] running install_scripts
[2.981s] Installing capteur1 script to /home/thogms/ros2_ws/install/package_tp2/lib/package_tp2
[2.982s] Installing capteur2 script to /home/thogms/ros2_ws/install/package_tp2/lib/package_tp2
[2.982s] Installing fusion script to /home/thogms/ros2_ws/install/package_tp2/lib/package_tp2
[2.983s] writing list of installed files to '/home/thogms/ros2_ws/build/package_tp2/install.log'
[3.093s] Invoked command in '/home/thogms/ros2_ws/src/package_tp2' returned '0': PYTHONPATH=/home/thogms/ros2_ws/build/package_tp2/prefix_override:/usr/lib/python3/dist-packages/colcon_core/task/python/colcon_distutils_commands:/home/thogms/ros2_ws/install/package_tp2/lib/python3.10/site-packages:${PYTHONPATH} /usr/bin/python3 -W ignore:setup.py install is deprecated -W ignore:easy_install command is deprecated setup.py egg_info --egg-base ../../build/package_tp2 build --build-base /home/thogms/ros2_ws/build/package_tp2/build install --record /home/thogms/ros2_ws/build/package_tp2/install.log --single-version-externally-managed install_data
