running egg_info
writing ../../build/projet_pkg/projet_pkg.egg-info/PKG-INFO
writing dependency_links to ../../build/projet_pkg/projet_pkg.egg-info/dependency_links.txt
writing entry points to ../../build/projet_pkg/projet_pkg.egg-info/entry_points.txt
writing requirements to ../../build/projet_pkg/projet_pkg.egg-info/requires.txt
writing top-level names to ../../build/projet_pkg/projet_pkg.egg-info/top_level.txt
reading manifest file '../../build/projet_pkg/projet_pkg.egg-info/SOURCES.txt'
writing manifest file '../../build/projet_pkg/projet_pkg.egg-info/SOURCES.txt'
running build
running build_py
copying projet_pkg/service_bp.py -> /home/thogms/ros2_ws/build/projet_pkg/build/lib/projet_pkg
running install
running install_lib
copying /home/thogms/ros2_ws/build/projet_pkg/build/lib/projet_pkg/service_bp.py -> /home/thogms/ros2_ws/install/projet_pkg/lib/python3.10/site-packages/projet_pkg
byte-compiling /home/thogms/ros2_ws/install/projet_pkg/lib/python3.10/site-packages/projet_pkg/service_bp.py to service_bp.cpython-310.pyc
running install_data
copying package.xml -> /home/thogms/ros2_ws/install/projet_pkg/share/projet_pkg
running install_egg_info
removing '/home/thogms/ros2_ws/install/projet_pkg/lib/python3.10/site-packages/projet_pkg-0.0.0-py3.10.egg-info' (and everything under it)
Copying ../../build/projet_pkg/projet_pkg.egg-info to /home/thogms/ros2_ws/install/projet_pkg/lib/python3.10/site-packages/projet_pkg-0.0.0-py3.10.egg-info
running install_scripts
Installing client_bp script to /home/thogms/ros2_ws/install/projet_pkg/lib/projet_pkg
Installing controle_luminosity script to /home/thogms/ros2_ws/install/projet_pkg/lib/projet_pkg
Installing controle_presenceInt script to /home/thogms/ros2_ws/install/projet_pkg/lib/projet_pkg
Installing controle_presenceOut script to /home/thogms/ros2_ws/install/projet_pkg/lib/projet_pkg
Installing controle_temperature script to /home/thogms/ros2_ws/install/projet_pkg/lib/projet_pkg
Installing controle_time script to /home/thogms/ros2_ws/install/projet_pkg/lib/projet_pkg
Installing info_web script to /home/thogms/ros2_ws/install/projet_pkg/lib/projet_pkg
Installing publisher_luminosity script to /home/thogms/ros2_ws/install/projet_pkg/lib/projet_pkg
Installing publisher_presenceInt script to /home/thogms/ros2_ws/install/projet_pkg/lib/projet_pkg
Installing publisher_presenceOut script to /home/thogms/ros2_ws/install/projet_pkg/lib/projet_pkg
Installing publisher_temperature script to /home/thogms/ros2_ws/install/projet_pkg/lib/projet_pkg
Installing publisher_time script to /home/thogms/ros2_ws/install/projet_pkg/lib/projet_pkg
Installing service_bp script to /home/thogms/ros2_ws/install/projet_pkg/lib/projet_pkg
writing list of installed files to '/home/thogms/ros2_ws/build/projet_pkg/install.log'
