[1.363s] Invoking command in '/home/thogms/ros2_ws/src/projet_pkg': PYTHONPATH=/home/thogms/ros2_ws/build/projet_pkg/prefix_override:/usr/lib/python3/dist-packages/colcon_core/task/python/colcon_distutils_commands:/home/thogms/ros2_ws/install/projet_pkg/lib/python3.10/site-packages:${PYTHONPATH} /usr/bin/python3 -W ignore:setup.py install is deprecated -W ignore:easy_install command is deprecated setup.py egg_info --egg-base ../../build/projet_pkg build --build-base /home/thogms/ros2_ws/build/projet_pkg/build install --record /home/thogms/ros2_ws/build/projet_pkg/install.log --single-version-externally-managed install_data
[1.594s] running egg_info
[1.595s] writing ../../build/projet_pkg/projet_pkg.egg-info/PKG-INFO
[1.596s] writing dependency_links to ../../build/projet_pkg/projet_pkg.egg-info/dependency_links.txt
[1.596s] writing entry points to ../../build/projet_pkg/projet_pkg.egg-info/entry_points.txt
[1.597s] writing requirements to ../../build/projet_pkg/projet_pkg.egg-info/requires.txt
[1.597s] writing top-level names to ../../build/projet_pkg/projet_pkg.egg-info/top_level.txt
[1.600s] reading manifest file '../../build/projet_pkg/projet_pkg.egg-info/SOURCES.txt'
[1.601s] writing manifest file '../../build/projet_pkg/projet_pkg.egg-info/SOURCES.txt'
[1.601s] running build
[1.601s] running build_py
[1.602s] copying projet_pkg/service_bp.py -> /home/thogms/ros2_ws/build/projet_pkg/build/lib/projet_pkg
[1.602s] running install
[1.603s] running install_lib
[1.604s] copying /home/thogms/ros2_ws/build/projet_pkg/build/lib/projet_pkg/service_bp.py -> /home/thogms/ros2_ws/install/projet_pkg/lib/python3.10/site-packages/projet_pkg
[1.607s] byte-compiling /home/thogms/ros2_ws/install/projet_pkg/lib/python3.10/site-packages/projet_pkg/service_bp.py to service_bp.cpython-310.pyc
[1.607s] running install_data
[1.607s] copying package.xml -> /home/thogms/ros2_ws/install/projet_pkg/share/projet_pkg
[1.608s] running install_egg_info
[1.609s] removing '/home/thogms/ros2_ws/install/projet_pkg/lib/python3.10/site-packages/projet_pkg-0.0.0-py3.10.egg-info' (and everything under it)
[1.609s] Copying ../../build/projet_pkg/projet_pkg.egg-info to /home/thogms/ros2_ws/install/projet_pkg/lib/python3.10/site-packages/projet_pkg-0.0.0-py3.10.egg-info
[1.610s] running install_scripts
[1.637s] Installing client_bp script to /home/thogms/ros2_ws/install/projet_pkg/lib/projet_pkg
[1.643s] Installing controle_luminosity script to /home/thogms/ros2_ws/install/projet_pkg/lib/projet_pkg
[1.643s] Installing controle_presenceInt script to /home/thogms/ros2_ws/install/projet_pkg/lib/projet_pkg
[1.643s] Installing controle_presenceOut script to /home/thogms/ros2_ws/install/projet_pkg/lib/projet_pkg
[1.643s] Installing controle_temperature script to /home/thogms/ros2_ws/install/projet_pkg/lib/projet_pkg
[1.643s] Installing controle_time script to /home/thogms/ros2_ws/install/projet_pkg/lib/projet_pkg
[1.643s] Installing info_web script to /home/thogms/ros2_ws/install/projet_pkg/lib/projet_pkg
[1.643s] Installing publisher_luminosity script to /home/thogms/ros2_ws/install/projet_pkg/lib/projet_pkg
[1.643s] Installing publisher_presenceInt script to /home/thogms/ros2_ws/install/projet_pkg/lib/projet_pkg
[1.644s] Installing publisher_presenceOut script to /home/thogms/ros2_ws/install/projet_pkg/lib/projet_pkg
[1.644s] Installing publisher_temperature script to /home/thogms/ros2_ws/install/projet_pkg/lib/projet_pkg
[1.644s] Installing publisher_time script to /home/thogms/ros2_ws/install/projet_pkg/lib/projet_pkg
[1.644s] Installing service_bp script to /home/thogms/ros2_ws/install/projet_pkg/lib/projet_pkg
[1.644s] writing list of installed files to '/home/thogms/ros2_ws/build/projet_pkg/install.log'
[1.700s] Invoked command in '/home/thogms/ros2_ws/src/projet_pkg' returned '0': PYTHONPATH=/home/thogms/ros2_ws/build/projet_pkg/prefix_override:/usr/lib/python3/dist-packages/colcon_core/task/python/colcon_distutils_commands:/home/thogms/ros2_ws/install/projet_pkg/lib/python3.10/site-packages:${PYTHONPATH} /usr/bin/python3 -W ignore:setup.py install is deprecated -W ignore:easy_install command is deprecated setup.py egg_info --egg-base ../../build/projet_pkg build --build-base /home/thogms/ros2_ws/build/projet_pkg/build install --record /home/thogms/ros2_ws/build/projet_pkg/install.log --single-version-externally-managed install_data
