[1.344s] Invoking command in '/home/thogms/ros2_ws/src/projet_pkg': PYTHONPATH=/home/thogms/ros2_ws/build/projet_pkg/prefix_override:/usr/lib/python3/dist-packages/colcon_core/task/python/colcon_distutils_commands:/home/thogms/ros2_ws/install/projet_pkg/lib/python3.10/site-packages:${PYTHONPATH} /usr/bin/python3 -W ignore:setup.py install is deprecated -W ignore:easy_install command is deprecated setup.py egg_info --egg-base ../../build/projet_pkg build --build-base /home/thogms/ros2_ws/build/projet_pkg/build install --record /home/thogms/ros2_ws/build/projet_pkg/install.log --single-version-externally-managed install_data
[1.581s] running egg_info
[1.583s] writing ../../build/projet_pkg/projet_pkg.egg-info/PKG-INFO
[1.583s] writing dependency_links to ../../build/projet_pkg/projet_pkg.egg-info/dependency_links.txt
[1.583s] writing entry points to ../../build/projet_pkg/projet_pkg.egg-info/entry_points.txt
[1.584s] writing requirements to ../../build/projet_pkg/projet_pkg.egg-info/requires.txt
[1.584s] writing top-level names to ../../build/projet_pkg/projet_pkg.egg-info/top_level.txt
[1.587s] reading manifest file '../../build/projet_pkg/projet_pkg.egg-info/SOURCES.txt'
[1.587s] writing manifest file '../../build/projet_pkg/projet_pkg.egg-info/SOURCES.txt'
[1.587s] running build
[1.587s] running build_py
[1.587s] copying projet_pkg/info_web.py -> /home/thogms/ros2_ws/build/projet_pkg/build/lib/projet_pkg
[1.588s] copying projet_pkg/client_bp.py -> /home/thogms/ros2_ws/build/projet_pkg/build/lib/projet_pkg
[1.589s] running install
[1.589s] running install_lib
[1.590s] copying /home/thogms/ros2_ws/build/projet_pkg/build/lib/projet_pkg/info_web.py -> /home/thogms/ros2_ws/install/projet_pkg/lib/python3.10/site-packages/projet_pkg
[1.591s] copying /home/thogms/ros2_ws/build/projet_pkg/build/lib/projet_pkg/client_bp.py -> /home/thogms/ros2_ws/install/projet_pkg/lib/python3.10/site-packages/projet_pkg
[1.591s] byte-compiling /home/thogms/ros2_ws/install/projet_pkg/lib/python3.10/site-packages/projet_pkg/info_web.py to info_web.cpython-310.pyc
[1.593s] byte-compiling /home/thogms/ros2_ws/install/projet_pkg/lib/python3.10/site-packages/projet_pkg/client_bp.py to client_bp.cpython-310.pyc
[1.593s] running install_data
[1.593s] running install_egg_info
[1.596s] removing '/home/thogms/ros2_ws/install/projet_pkg/lib/python3.10/site-packages/projet_pkg-0.0.0-py3.10.egg-info' (and everything under it)
[1.596s] Copying ../../build/projet_pkg/projet_pkg.egg-info to /home/thogms/ros2_ws/install/projet_pkg/lib/python3.10/site-packages/projet_pkg-0.0.0-py3.10.egg-info
[1.596s] running install_scripts
[1.618s] Installing client_bp script to /home/thogms/ros2_ws/install/projet_pkg/lib/projet_pkg
[1.619s] Installing controle_luminosity script to /home/thogms/ros2_ws/install/projet_pkg/lib/projet_pkg
[1.619s] Installing controle_presenceInt script to /home/thogms/ros2_ws/install/projet_pkg/lib/projet_pkg
[1.619s] Installing controle_presenceOut script to /home/thogms/ros2_ws/install/projet_pkg/lib/projet_pkg
[1.619s] Installing controle_temperature script to /home/thogms/ros2_ws/install/projet_pkg/lib/projet_pkg
[1.622s] Installing controle_time script to /home/thogms/ros2_ws/install/projet_pkg/lib/projet_pkg
[1.627s] Installing info_web script to /home/thogms/ros2_ws/install/projet_pkg/lib/projet_pkg
[1.628s] Installing publisher_luminosity script to /home/thogms/ros2_ws/install/projet_pkg/lib/projet_pkg
[1.628s] Installing publisher_presenceInt script to /home/thogms/ros2_ws/install/projet_pkg/lib/projet_pkg
[1.628s] Installing publisher_presenceOut script to /home/thogms/ros2_ws/install/projet_pkg/lib/projet_pkg
[1.628s] Installing publisher_temperature script to /home/thogms/ros2_ws/install/projet_pkg/lib/projet_pkg
[1.628s] Installing publisher_time script to /home/thogms/ros2_ws/install/projet_pkg/lib/projet_pkg
[1.628s] Installing service_bp script to /home/thogms/ros2_ws/install/projet_pkg/lib/projet_pkg
[1.628s] Installing web script to /home/thogms/ros2_ws/install/projet_pkg/lib/projet_pkg
[1.628s] writing list of installed files to '/home/thogms/ros2_ws/build/projet_pkg/install.log'
[1.715s] Invoked command in '/home/thogms/ros2_ws/src/projet_pkg' returned '0': PYTHONPATH=/home/thogms/ros2_ws/build/projet_pkg/prefix_override:/usr/lib/python3/dist-packages/colcon_core/task/python/colcon_distutils_commands:/home/thogms/ros2_ws/install/projet_pkg/lib/python3.10/site-packages:${PYTHONPATH} /usr/bin/python3 -W ignore:setup.py install is deprecated -W ignore:easy_install command is deprecated setup.py egg_info --egg-base ../../build/projet_pkg build --build-base /home/thogms/ros2_ws/build/projet_pkg/build install --record /home/thogms/ros2_ws/build/projet_pkg/install.log --single-version-externally-managed install_data
