[0.436s] DEBUG:colcon:Command line arguments: ['/usr/bin/colcon', 'build']
[0.436s] DEBUG:colcon:Parsed command line arguments: Namespace(log_base=None, log_level=None, verb_name='build', build_base='build', install_base='install', merge_install=False, symlink_install=False, test_result_base=None, continue_on_error=False, executor='parallel', parallel_workers=1, event_handlers=None, ignore_user_meta=False, metas=['./colcon.meta'], base_paths=['.'], packages_ignore=None, packages_ignore_regex=None, paths=None, packages_up_to=None, packages_up_to_regex=None, packages_above=None, packages_above_and_dependencies=None, packages_above_depth=None, packages_select_by_dep=None, packages_skip_by_dep=None, packages_skip_up_to=None, packages_select_build_failed=False, packages_skip_build_finished=False, packages_select_test_failures=False, packages_skip_test_passed=False, packages_select=None, packages_skip=None, packages_select_regex=None, packages_skip_regex=None, packages_start=None, packages_end=None, allow_overriding=[], cmake_args=None, cmake_target=None, cmake_target_skip_unavailable=False, cmake_clean_cache=False, cmake_clean_first=False, cmake_force_configure=False, ament_cmake_args=None, catkin_cmake_args=None, catkin_skip_building_tests=False, verb_parser=<colcon_defaults.argument_parser.defaults.DefaultArgumentsDecorator object at 0x7937b43b01c0>, verb_extension=<colcon_core.verb.build.BuildVerb object at 0x7937b452cdc0>, main=<bound method BuildVerb.main of <colcon_core.verb.build.BuildVerb object at 0x7937b452cdc0>>)
[0.899s] Level 1:colcon.colcon_core.package_discovery:discover_packages(colcon_meta) check parameters
[0.899s] Level 1:colcon.colcon_core.package_discovery:discover_packages(recursive) check parameters
[0.899s] Level 1:colcon.colcon_core.package_discovery:discover_packages(ignore) check parameters
[0.899s] Level 1:colcon.colcon_core.package_discovery:discover_packages(path) check parameters
[0.899s] Level 1:colcon.colcon_core.package_discovery:discover_packages(colcon_meta) discover
[0.899s] Level 1:colcon.colcon_core.package_discovery:discover_packages(recursive) discover
[0.899s] INFO:colcon.colcon_core.package_discovery:Crawling recursively for packages in '/home/thomas/ros2_ws'
[0.899s] Level 1:colcon.colcon_core.package_identification:_identify(.) by extensions ['ignore', 'ignore_ament_install']
[0.900s] Level 1:colcon.colcon_core.package_identification:_identify(.) by extension 'ignore'
[0.900s] Level 1:colcon.colcon_core.package_identification:_identify(.) by extension 'ignore_ament_install'
[0.900s] Level 1:colcon.colcon_core.package_identification:_identify(.) by extensions ['colcon_pkg']
[0.900s] Level 1:colcon.colcon_core.package_identification:_identify(.) by extension 'colcon_pkg'
[0.900s] Level 1:colcon.colcon_core.package_identification:_identify(.) by extensions ['colcon_meta']
[0.900s] Level 1:colcon.colcon_core.package_identification:_identify(.) by extension 'colcon_meta'
[0.900s] Level 1:colcon.colcon_core.package_identification:_identify(.) by extensions ['ros']
[0.900s] Level 1:colcon.colcon_core.package_identification:_identify(.) by extension 'ros'
[0.932s] Level 1:colcon.colcon_core.package_identification:_identify(.) by extensions ['cmake', 'python']
[0.932s] Level 1:colcon.colcon_core.package_identification:_identify(.) by extension 'cmake'
[0.932s] Level 1:colcon.colcon_core.package_identification:_identify(.) by extension 'python'
[0.932s] Level 1:colcon.colcon_core.package_identification:_identify(.) by extensions ['python_setup_py']
[0.932s] Level 1:colcon.colcon_core.package_identification:_identify(.) by extension 'python_setup_py'
[0.932s] Level 1:colcon.colcon_core.package_identification:_identify(build) by extensions ['ignore', 'ignore_ament_install']
[0.932s] Level 1:colcon.colcon_core.package_identification:_identify(build) by extension 'ignore'
[0.932s] Level 1:colcon.colcon_core.package_identification:_identify(build) ignored
[0.932s] Level 1:colcon.colcon_core.package_identification:_identify(install) by extensions ['ignore', 'ignore_ament_install']
[0.933s] Level 1:colcon.colcon_core.package_identification:_identify(install) by extension 'ignore'
[0.933s] Level 1:colcon.colcon_core.package_identification:_identify(install) ignored
[0.933s] Level 1:colcon.colcon_core.package_identification:_identify(log) by extensions ['ignore', 'ignore_ament_install']
[0.948s] Level 1:colcon.colcon_core.package_identification:_identify(log) by extension 'ignore'
[0.948s] Level 1:colcon.colcon_core.package_identification:_identify(log) ignored
[0.948s] Level 1:colcon.colcon_core.package_identification:_identify(rosbag2_2024_12_03-11_08_20) by extensions ['ignore', 'ignore_ament_install']
[0.948s] Level 1:colcon.colcon_core.package_identification:_identify(rosbag2_2024_12_03-11_08_20) by extension 'ignore'
[0.948s] Level 1:colcon.colcon_core.package_identification:_identify(rosbag2_2024_12_03-11_08_20) by extension 'ignore_ament_install'
[0.949s] Level 1:colcon.colcon_core.package_identification:_identify(rosbag2_2024_12_03-11_08_20) by extensions ['colcon_pkg']
[0.949s] Level 1:colcon.colcon_core.package_identification:_identify(rosbag2_2024_12_03-11_08_20) by extension 'colcon_pkg'
[0.949s] Level 1:colcon.colcon_core.package_identification:_identify(rosbag2_2024_12_03-11_08_20) by extensions ['colcon_meta']
[0.949s] Level 1:colcon.colcon_core.package_identification:_identify(rosbag2_2024_12_03-11_08_20) by extension 'colcon_meta'
[0.949s] Level 1:colcon.colcon_core.package_identification:_identify(rosbag2_2024_12_03-11_08_20) by extensions ['ros']
[0.949s] Level 1:colcon.colcon_core.package_identification:_identify(rosbag2_2024_12_03-11_08_20) by extension 'ros'
[0.949s] Level 1:colcon.colcon_core.package_identification:_identify(rosbag2_2024_12_03-11_08_20) by extensions ['cmake', 'python']
[0.949s] Level 1:colcon.colcon_core.package_identification:_identify(rosbag2_2024_12_03-11_08_20) by extension 'cmake'
[0.949s] Level 1:colcon.colcon_core.package_identification:_identify(rosbag2_2024_12_03-11_08_20) by extension 'python'
[0.949s] Level 1:colcon.colcon_core.package_identification:_identify(rosbag2_2024_12_03-11_08_20) by extensions ['python_setup_py']
[0.949s] Level 1:colcon.colcon_core.package_identification:_identify(rosbag2_2024_12_03-11_08_20) by extension 'python_setup_py'
[0.949s] Level 1:colcon.colcon_core.package_identification:_identify(src) by extensions ['ignore', 'ignore_ament_install']
[0.950s] Level 1:colcon.colcon_core.package_identification:_identify(src) by extension 'ignore'
[0.950s] Level 1:colcon.colcon_core.package_identification:_identify(src) by extension 'ignore_ament_install'
[0.950s] Level 1:colcon.colcon_core.package_identification:_identify(src) by extensions ['colcon_pkg']
[0.950s] Level 1:colcon.colcon_core.package_identification:_identify(src) by extension 'colcon_pkg'
[0.950s] Level 1:colcon.colcon_core.package_identification:_identify(src) by extensions ['colcon_meta']
[0.950s] Level 1:colcon.colcon_core.package_identification:_identify(src) by extension 'colcon_meta'
[0.950s] Level 1:colcon.colcon_core.package_identification:_identify(src) by extensions ['ros']
[0.950s] Level 1:colcon.colcon_core.package_identification:_identify(src) by extension 'ros'
[0.951s] Level 1:colcon.colcon_core.package_identification:_identify(src) by extensions ['cmake', 'python']
[0.951s] Level 1:colcon.colcon_core.package_identification:_identify(src) by extension 'cmake'
[0.951s] Level 1:colcon.colcon_core.package_identification:_identify(src) by extension 'python'
[0.951s] Level 1:colcon.colcon_core.package_identification:_identify(src) by extensions ['python_setup_py']
[0.951s] Level 1:colcon.colcon_core.package_identification:_identify(src) by extension 'python_setup_py'
[0.951s] Level 1:colcon.colcon_core.package_identification:_identify(src/Projet_maison) by extensions ['ignore', 'ignore_ament_install']
[0.951s] Level 1:colcon.colcon_core.package_identification:_identify(src/Projet_maison) by extension 'ignore'
[0.951s] Level 1:colcon.colcon_core.package_identification:_identify(src/Projet_maison) by extension 'ignore_ament_install'
[0.951s] Level 1:colcon.colcon_core.package_identification:_identify(src/Projet_maison) by extensions ['colcon_pkg']
[0.951s] Level 1:colcon.colcon_core.package_identification:_identify(src/Projet_maison) by extension 'colcon_pkg'
[0.951s] Level 1:colcon.colcon_core.package_identification:_identify(src/Projet_maison) by extensions ['colcon_meta']
[0.951s] Level 1:colcon.colcon_core.package_identification:_identify(src/Projet_maison) by extension 'colcon_meta'
[0.951s] Level 1:colcon.colcon_core.package_identification:_identify(src/Projet_maison) by extensions ['ros']
[0.951s] Level 1:colcon.colcon_core.package_identification:_identify(src/Projet_maison) by extension 'ros'
[0.951s] Level 1:colcon.colcon_core.package_identification:_identify(src/Projet_maison) by extensions ['cmake', 'python']
[0.952s] Level 1:colcon.colcon_core.package_identification:_identify(src/Projet_maison) by extension 'cmake'
[0.952s] Level 1:colcon.colcon_core.package_identification:_identify(src/Projet_maison) by extension 'python'
[0.952s] Level 1:colcon.colcon_core.package_identification:_identify(src/Projet_maison) by extensions ['python_setup_py']
[0.952s] Level 1:colcon.colcon_core.package_identification:_identify(src/Projet_maison) by extension 'python_setup_py'
[0.952s] Level 1:colcon.colcon_core.package_identification:_identify(src/Projet_maison/controle) by extensions ['ignore', 'ignore_ament_install']
[0.952s] Level 1:colcon.colcon_core.package_identification:_identify(src/Projet_maison/controle) by extension 'ignore'
[0.952s] Level 1:colcon.colcon_core.package_identification:_identify(src/Projet_maison/controle) by extension 'ignore_ament_install'
[0.952s] Level 1:colcon.colcon_core.package_identification:_identify(src/Projet_maison/controle) by extensions ['colcon_pkg']
[0.952s] Level 1:colcon.colcon_core.package_identification:_identify(src/Projet_maison/controle) by extension 'colcon_pkg'
[0.952s] Level 1:colcon.colcon_core.package_identification:_identify(src/Projet_maison/controle) by extensions ['colcon_meta']
[0.952s] Level 1:colcon.colcon_core.package_identification:_identify(src/Projet_maison/controle) by extension 'colcon_meta'
[0.952s] Level 1:colcon.colcon_core.package_identification:_identify(src/Projet_maison/controle) by extensions ['ros']
[0.952s] Level 1:colcon.colcon_core.package_identification:_identify(src/Projet_maison/controle) by extension 'ros'
[0.952s] Level 1:colcon.colcon_core.package_identification:_identify(src/Projet_maison/controle) by extensions ['cmake', 'python']
[0.952s] Level 1:colcon.colcon_core.package_identification:_identify(src/Projet_maison/controle) by extension 'cmake'
[0.953s] Level 1:colcon.colcon_core.package_identification:_identify(src/Projet_maison/controle) by extension 'python'
[0.953s] Level 1:colcon.colcon_core.package_identification:_identify(src/Projet_maison/controle) by extensions ['python_setup_py']
[0.953s] Level 1:colcon.colcon_core.package_identification:_identify(src/Projet_maison/controle) by extension 'python_setup_py'
[0.953s] Level 1:colcon.colcon_core.package_identification:_identify(src/Projet_maison/known_faces) by extensions ['ignore', 'ignore_ament_install']
[0.953s] Level 1:colcon.colcon_core.package_identification:_identify(src/Projet_maison/known_faces) by extension 'ignore'
[0.953s] Level 1:colcon.colcon_core.package_identification:_identify(src/Projet_maison/known_faces) by extension 'ignore_ament_install'
[0.953s] Level 1:colcon.colcon_core.package_identification:_identify(src/Projet_maison/known_faces) by extensions ['colcon_pkg']
[0.953s] Level 1:colcon.colcon_core.package_identification:_identify(src/Projet_maison/known_faces) by extension 'colcon_pkg'
[0.953s] Level 1:colcon.colcon_core.package_identification:_identify(src/Projet_maison/known_faces) by extensions ['colcon_meta']
[0.953s] Level 1:colcon.colcon_core.package_identification:_identify(src/Projet_maison/known_faces) by extension 'colcon_meta'
[0.953s] Level 1:colcon.colcon_core.package_identification:_identify(src/Projet_maison/known_faces) by extensions ['ros']
[0.953s] Level 1:colcon.colcon_core.package_identification:_identify(src/Projet_maison/known_faces) by extension 'ros'
[0.953s] Level 1:colcon.colcon_core.package_identification:_identify(src/Projet_maison/known_faces) by extensions ['cmake', 'python']
[0.953s] Level 1:colcon.colcon_core.package_identification:_identify(src/Projet_maison/known_faces) by extension 'cmake'
[0.953s] Level 1:colcon.colcon_core.package_identification:_identify(src/Projet_maison/known_faces) by extension 'python'
[0.954s] Level 1:colcon.colcon_core.package_identification:_identify(src/Projet_maison/known_faces) by extensions ['python_setup_py']
[0.954s] Level 1:colcon.colcon_core.package_identification:_identify(src/Projet_maison/known_faces) by extension 'python_setup_py'
[0.954s] Level 1:colcon.colcon_core.package_identification:_identify(src/Projet_maison/publisher) by extensions ['ignore', 'ignore_ament_install']
[0.957s] Level 1:colcon.colcon_core.package_identification:_identify(src/Projet_maison/publisher) by extension 'ignore'
[0.957s] Level 1:colcon.colcon_core.package_identification:_identify(src/Projet_maison/publisher) by extension 'ignore_ament_install'
[0.958s] Level 1:colcon.colcon_core.package_identification:_identify(src/Projet_maison/publisher) by extensions ['colcon_pkg']
[0.958s] Level 1:colcon.colcon_core.package_identification:_identify(src/Projet_maison/publisher) by extension 'colcon_pkg'
[0.958s] Level 1:colcon.colcon_core.package_identification:_identify(src/Projet_maison/publisher) by extensions ['colcon_meta']
[0.958s] Level 1:colcon.colcon_core.package_identification:_identify(src/Projet_maison/publisher) by extension 'colcon_meta'
[0.958s] Level 1:colcon.colcon_core.package_identification:_identify(src/Projet_maison/publisher) by extensions ['ros']
[0.958s] Level 1:colcon.colcon_core.package_identification:_identify(src/Projet_maison/publisher) by extension 'ros'
[0.958s] Level 1:colcon.colcon_core.package_identification:_identify(src/Projet_maison/publisher) by extensions ['cmake', 'python']
[0.958s] Level 1:colcon.colcon_core.package_identification:_identify(src/Projet_maison/publisher) by extension 'cmake'
[0.958s] Level 1:colcon.colcon_core.package_identification:_identify(src/Projet_maison/publisher) by extension 'python'
[0.958s] Level 1:colcon.colcon_core.package_identification:_identify(src/Projet_maison/publisher) by extensions ['python_setup_py']
[0.958s] Level 1:colcon.colcon_core.package_identification:_identify(src/Projet_maison/publisher) by extension 'python_setup_py'
[0.958s] Level 1:colcon.colcon_core.package_identification:_identify(src/my_python_pkg) by extensions ['ignore', 'ignore_ament_install']
[0.958s] Level 1:colcon.colcon_core.package_identification:_identify(src/my_python_pkg) by extension 'ignore'
[0.959s] Level 1:colcon.colcon_core.package_identification:_identify(src/my_python_pkg) by extension 'ignore_ament_install'
[0.959s] Level 1:colcon.colcon_core.package_identification:_identify(src/my_python_pkg) by extensions ['colcon_pkg']
[0.959s] Level 1:colcon.colcon_core.package_identification:_identify(src/my_python_pkg) by extension 'colcon_pkg'
[0.959s] Level 1:colcon.colcon_core.package_identification:_identify(src/my_python_pkg) by extensions ['colcon_meta']
[0.959s] Level 1:colcon.colcon_core.package_identification:_identify(src/my_python_pkg) by extension 'colcon_meta'
[0.959s] Level 1:colcon.colcon_core.package_identification:_identify(src/my_python_pkg) by extensions ['ros']
[0.959s] Level 1:colcon.colcon_core.package_identification:_identify(src/my_python_pkg) by extension 'ros'
[0.963s] DEBUG:colcon.colcon_core.package_identification:Package 'src/my_python_pkg' with type 'ros.ament_python' and name 'my_python_pkg'
[0.963s] Level 1:colcon.colcon_core.package_identification:_identify(src/package_tp2) by extensions ['ignore', 'ignore_ament_install']
[0.963s] Level 1:colcon.colcon_core.package_identification:_identify(src/package_tp2) by extension 'ignore'
[0.964s] Level 1:colcon.colcon_core.package_identification:_identify(src/package_tp2) by extension 'ignore_ament_install'
[0.964s] Level 1:colcon.colcon_core.package_identification:_identify(src/package_tp2) by extensions ['colcon_pkg']
[0.964s] Level 1:colcon.colcon_core.package_identification:_identify(src/package_tp2) by extension 'colcon_pkg'
[0.964s] Level 1:colcon.colcon_core.package_identification:_identify(src/package_tp2) by extensions ['colcon_meta']
[0.964s] Level 1:colcon.colcon_core.package_identification:_identify(src/package_tp2) by extension 'colcon_meta'
[0.964s] Level 1:colcon.colcon_core.package_identification:_identify(src/package_tp2) by extensions ['ros']
[0.964s] Level 1:colcon.colcon_core.package_identification:_identify(src/package_tp2) by extension 'ros'
[0.990s] DEBUG:colcon.colcon_core.package_identification:Package 'src/package_tp2' with type 'ros.ament_python' and name 'package_tp2'
[0.990s] Level 1:colcon.colcon_core.package_identification:_identify(src/package_tp2_b) by extensions ['ignore', 'ignore_ament_install']
[0.990s] Level 1:colcon.colcon_core.package_identification:_identify(src/package_tp2_b) by extension 'ignore'
[0.990s] Level 1:colcon.colcon_core.package_identification:_identify(src/package_tp2_b) by extension 'ignore_ament_install'
[0.990s] Level 1:colcon.colcon_core.package_identification:_identify(src/package_tp2_b) by extensions ['colcon_pkg']
[0.990s] Level 1:colcon.colcon_core.package_identification:_identify(src/package_tp2_b) by extension 'colcon_pkg'
[0.990s] Level 1:colcon.colcon_core.package_identification:_identify(src/package_tp2_b) by extensions ['colcon_meta']
[0.990s] Level 1:colcon.colcon_core.package_identification:_identify(src/package_tp2_b) by extension 'colcon_meta'
[0.991s] Level 1:colcon.colcon_core.package_identification:_identify(src/package_tp2_b) by extensions ['ros']
[0.991s] Level 1:colcon.colcon_core.package_identification:_identify(src/package_tp2_b) by extension 'ros'
[0.991s] DEBUG:colcon.colcon_core.package_identification:Package 'src/package_tp2_b' with type 'ros.ament_python' and name 'package_tp2_b'
[0.991s] Level 1:colcon.colcon_core.package_identification:_identify(src/pkg_projet) by extensions ['ignore', 'ignore_ament_install']
[0.992s] Level 1:colcon.colcon_core.package_identification:_identify(src/pkg_projet) by extension 'ignore'
[0.992s] Level 1:colcon.colcon_core.package_identification:_identify(src/pkg_projet) by extension 'ignore_ament_install'
[0.992s] Level 1:colcon.colcon_core.package_identification:_identify(src/pkg_projet) by extensions ['colcon_pkg']
[0.992s] Level 1:colcon.colcon_core.package_identification:_identify(src/pkg_projet) by extension 'colcon_pkg'
[0.992s] Level 1:colcon.colcon_core.package_identification:_identify(src/pkg_projet) by extensions ['colcon_meta']
[0.992s] Level 1:colcon.colcon_core.package_identification:_identify(src/pkg_projet) by extension 'colcon_meta'
[0.992s] Level 1:colcon.colcon_core.package_identification:_identify(src/pkg_projet) by extensions ['ros']
[0.993s] Level 1:colcon.colcon_core.package_identification:_identify(src/pkg_projet) by extension 'ros'
[0.994s] DEBUG:colcon.colcon_core.package_identification:Package 'src/pkg_projet' with type 'ros.ament_python' and name 'pkg_projet'
[0.994s] Level 1:colcon.colcon_core.package_identification:_identify(src/tp2) by extensions ['ignore', 'ignore_ament_install']
[0.994s] Level 1:colcon.colcon_core.package_identification:_identify(src/tp2) by extension 'ignore'
[0.994s] Level 1:colcon.colcon_core.package_identification:_identify(src/tp2) by extension 'ignore_ament_install'
[0.994s] Level 1:colcon.colcon_core.package_identification:_identify(src/tp2) by extensions ['colcon_pkg']
[0.994s] Level 1:colcon.colcon_core.package_identification:_identify(src/tp2) by extension 'colcon_pkg'
[0.994s] Level 1:colcon.colcon_core.package_identification:_identify(src/tp2) by extensions ['colcon_meta']
[0.994s] Level 1:colcon.colcon_core.package_identification:_identify(src/tp2) by extension 'colcon_meta'
[0.994s] Level 1:colcon.colcon_core.package_identification:_identify(src/tp2) by extensions ['ros']
[0.994s] Level 1:colcon.colcon_core.package_identification:_identify(src/tp2) by extension 'ros'
[0.994s] Level 1:colcon.colcon_core.package_identification:_identify(src/tp2) by extensions ['cmake', 'python']
[0.994s] Level 1:colcon.colcon_core.package_identification:_identify(src/tp2) by extension 'cmake'
[0.995s] Level 1:colcon.colcon_core.package_identification:_identify(src/tp2) by extension 'python'
[0.995s] Level 1:colcon.colcon_core.package_identification:_identify(src/tp2) by extensions ['python_setup_py']
[0.995s] Level 1:colcon.colcon_core.package_identification:_identify(src/tp2) by extension 'python_setup_py'
[0.995s] Level 1:colcon.colcon_core.package_identification:_identify(src/tp4) by extensions ['ignore', 'ignore_ament_install']
[0.995s] Level 1:colcon.colcon_core.package_identification:_identify(src/tp4) by extension 'ignore'
[0.995s] Level 1:colcon.colcon_core.package_identification:_identify(src/tp4) by extension 'ignore_ament_install'
[0.995s] Level 1:colcon.colcon_core.package_identification:_identify(src/tp4) by extensions ['colcon_pkg']
[0.995s] Level 1:colcon.colcon_core.package_identification:_identify(src/tp4) by extension 'colcon_pkg'
[0.995s] Level 1:colcon.colcon_core.package_identification:_identify(src/tp4) by extensions ['colcon_meta']
[0.995s] Level 1:colcon.colcon_core.package_identification:_identify(src/tp4) by extension 'colcon_meta'
[0.995s] Level 1:colcon.colcon_core.package_identification:_identify(src/tp4) by extensions ['ros']
[0.995s] Level 1:colcon.colcon_core.package_identification:_identify(src/tp4) by extension 'ros'
[0.995s] Level 1:colcon.colcon_core.package_identification:_identify(src/tp4) by extensions ['cmake', 'python']
[0.995s] Level 1:colcon.colcon_core.package_identification:_identify(src/tp4) by extension 'cmake'
[0.996s] Level 1:colcon.colcon_core.package_identification:_identify(src/tp4) by extension 'python'
[0.996s] Level 1:colcon.colcon_core.package_identification:_identify(src/tp4) by extensions ['python_setup_py']
[0.996s] Level 1:colcon.colcon_core.package_identification:_identify(src/tp4) by extension 'python_setup_py'
[0.996s] Level 1:colcon.colcon_core.package_discovery:discover_packages(recursive) using defaults
[0.996s] Level 1:colcon.colcon_core.package_discovery:discover_packages(ignore) discover
[0.999s] Level 1:colcon.colcon_core.package_discovery:discover_packages(ignore) using defaults
[0.999s] Level 1:colcon.colcon_core.package_discovery:discover_packages(path) discover
[0.999s] Level 1:colcon.colcon_core.package_discovery:discover_packages(path) using defaults
[1.087s] Level 1:colcon.colcon_core.package_discovery:discover_packages(prefix_path) check parameters
[1.087s] Level 1:colcon.colcon_core.package_discovery:discover_packages(prefix_path) discover
[1.095s] DEBUG:colcon.colcon_installed_package_information.package_discovery:Found 4 installed packages in /home/thomas/ros2_ws/install
[1.097s] DEBUG:colcon.colcon_installed_package_information.package_discovery:Found 270 installed packages in /opt/ros/humble
[1.104s] Level 1:colcon.colcon_core.package_discovery:discover_packages(prefix_path) using defaults
[1.221s] Level 5:colcon.colcon_core.verb:set package 'my_python_pkg' build argument 'cmake_args' from command line to 'None'
[1.221s] Level 5:colcon.colcon_core.verb:set package 'my_python_pkg' build argument 'cmake_target' from command line to 'None'
[1.221s] Level 5:colcon.colcon_core.verb:set package 'my_python_pkg' build argument 'cmake_target_skip_unavailable' from command line to 'False'
[1.221s] Level 5:colcon.colcon_core.verb:set package 'my_python_pkg' build argument 'cmake_clean_cache' from command line to 'False'
[1.221s] Level 5:colcon.colcon_core.verb:set package 'my_python_pkg' build argument 'cmake_clean_first' from command line to 'False'
[1.221s] Level 5:colcon.colcon_core.verb:set package 'my_python_pkg' build argument 'cmake_force_configure' from command line to 'False'
[1.221s] Level 5:colcon.colcon_core.verb:set package 'my_python_pkg' build argument 'ament_cmake_args' from command line to 'None'
[1.221s] Level 5:colcon.colcon_core.verb:set package 'my_python_pkg' build argument 'catkin_cmake_args' from command line to 'None'
[1.221s] Level 5:colcon.colcon_core.verb:set package 'my_python_pkg' build argument 'catkin_skip_building_tests' from command line to 'False'
[1.221s] DEBUG:colcon.colcon_core.verb:Building package 'my_python_pkg' with the following arguments: {'ament_cmake_args': None, 'build_base': '/home/thomas/ros2_ws/build/my_python_pkg', 'catkin_cmake_args': None, 'catkin_skip_building_tests': False, 'cmake_args': None, 'cmake_clean_cache': False, 'cmake_clean_first': False, 'cmake_force_configure': False, 'cmake_target': None, 'cmake_target_skip_unavailable': False, 'install_base': '/home/thomas/ros2_ws/install/my_python_pkg', 'merge_install': False, 'path': '/home/thomas/ros2_ws/src/my_python_pkg', 'symlink_install': False, 'test_result_base': None}
[1.222s] Level 5:colcon.colcon_core.verb:set package 'package_tp2' build argument 'cmake_args' from command line to 'None'
[1.222s] Level 5:colcon.colcon_core.verb:set package 'package_tp2' build argument 'cmake_target' from command line to 'None'
[1.222s] Level 5:colcon.colcon_core.verb:set package 'package_tp2' build argument 'cmake_target_skip_unavailable' from command line to 'False'
[1.222s] Level 5:colcon.colcon_core.verb:set package 'package_tp2' build argument 'cmake_clean_cache' from command line to 'False'
[1.222s] Level 5:colcon.colcon_core.verb:set package 'package_tp2' build argument 'cmake_clean_first' from command line to 'False'
[1.223s] Level 5:colcon.colcon_core.verb:set package 'package_tp2' build argument 'cmake_force_configure' from command line to 'False'
[1.223s] Level 5:colcon.colcon_core.verb:set package 'package_tp2' build argument 'ament_cmake_args' from command line to 'None'
[1.223s] Level 5:colcon.colcon_core.verb:set package 'package_tp2' build argument 'catkin_cmake_args' from command line to 'None'
[1.223s] Level 5:colcon.colcon_core.verb:set package 'package_tp2' build argument 'catkin_skip_building_tests' from command line to 'False'
[1.223s] DEBUG:colcon.colcon_core.verb:Building package 'package_tp2' with the following arguments: {'ament_cmake_args': None, 'build_base': '/home/thomas/ros2_ws/build/package_tp2', 'catkin_cmake_args': None, 'catkin_skip_building_tests': False, 'cmake_args': None, 'cmake_clean_cache': False, 'cmake_clean_first': False, 'cmake_force_configure': False, 'cmake_target': None, 'cmake_target_skip_unavailable': False, 'install_base': '/home/thomas/ros2_ws/install/package_tp2', 'merge_install': False, 'path': '/home/thomas/ros2_ws/src/package_tp2', 'symlink_install': False, 'test_result_base': None}
[1.224s] Level 5:colcon.colcon_core.verb:set package 'package_tp2_b' build argument 'cmake_args' from command line to 'None'
[1.224s] Level 5:colcon.colcon_core.verb:set package 'package_tp2_b' build argument 'cmake_target' from command line to 'None'
[1.224s] Level 5:colcon.colcon_core.verb:set package 'package_tp2_b' build argument 'cmake_target_skip_unavailable' from command line to 'False'
[1.224s] Level 5:colcon.colcon_core.verb:set package 'package_tp2_b' build argument 'cmake_clean_cache' from command line to 'False'
[1.224s] Level 5:colcon.colcon_core.verb:set package 'package_tp2_b' build argument 'cmake_clean_first' from command line to 'False'
[1.224s] Level 5:colcon.colcon_core.verb:set package 'package_tp2_b' build argument 'cmake_force_configure' from command line to 'False'
[1.224s] Level 5:colcon.colcon_core.verb:set package 'package_tp2_b' build argument 'ament_cmake_args' from command line to 'None'
[1.224s] Level 5:colcon.colcon_core.verb:set package 'package_tp2_b' build argument 'catkin_cmake_args' from command line to 'None'
[1.224s] Level 5:colcon.colcon_core.verb:set package 'package_tp2_b' build argument 'catkin_skip_building_tests' from command line to 'False'
[1.224s] DEBUG:colcon.colcon_core.verb:Building package 'package_tp2_b' with the following arguments: {'ament_cmake_args': None, 'build_base': '/home/thomas/ros2_ws/build/package_tp2_b', 'catkin_cmake_args': None, 'catkin_skip_building_tests': False, 'cmake_args': None, 'cmake_clean_cache': False, 'cmake_clean_first': False, 'cmake_force_configure': False, 'cmake_target': None, 'cmake_target_skip_unavailable': False, 'install_base': '/home/thomas/ros2_ws/install/package_tp2_b', 'merge_install': False, 'path': '/home/thomas/ros2_ws/src/package_tp2_b', 'symlink_install': False, 'test_result_base': None}
[1.225s] Level 5:colcon.colcon_core.verb:set package 'pkg_projet' build argument 'cmake_args' from command line to 'None'
[1.225s] Level 5:colcon.colcon_core.verb:set package 'pkg_projet' build argument 'cmake_target' from command line to 'None'
[1.225s] Level 5:colcon.colcon_core.verb:set package 'pkg_projet' build argument 'cmake_target_skip_unavailable' from command line to 'False'
[1.225s] Level 5:colcon.colcon_core.verb:set package 'pkg_projet' build argument 'cmake_clean_cache' from command line to 'False'
[1.225s] Level 5:colcon.colcon_core.verb:set package 'pkg_projet' build argument 'cmake_clean_first' from command line to 'False'
[1.225s] Level 5:colcon.colcon_core.verb:set package 'pkg_projet' build argument 'cmake_force_configure' from command line to 'False'
[1.225s] Level 5:colcon.colcon_core.verb:set package 'pkg_projet' build argument 'ament_cmake_args' from command line to 'None'
[1.225s] Level 5:colcon.colcon_core.verb:set package 'pkg_projet' build argument 'catkin_cmake_args' from command line to 'None'
[1.225s] Level 5:colcon.colcon_core.verb:set package 'pkg_projet' build argument 'catkin_skip_building_tests' from command line to 'False'
[1.225s] DEBUG:colcon.colcon_core.verb:Building package 'pkg_projet' with the following arguments: {'ament_cmake_args': None, 'build_base': '/home/thomas/ros2_ws/build/pkg_projet', 'catkin_cmake_args': None, 'catkin_skip_building_tests': False, 'cmake_args': None, 'cmake_clean_cache': False, 'cmake_clean_first': False, 'cmake_force_configure': False, 'cmake_target': None, 'cmake_target_skip_unavailable': False, 'install_base': '/home/thomas/ros2_ws/install/pkg_projet', 'merge_install': False, 'path': '/home/thomas/ros2_ws/src/pkg_projet', 'symlink_install': False, 'test_result_base': None}
[1.225s] INFO:colcon.colcon_core.executor:Executing jobs using 'parallel' executor
[1.232s] DEBUG:colcon.colcon_parallel_executor.executor.parallel:run_until_complete
[1.232s] INFO:colcon.colcon_ros.task.ament_python.build:Building ROS package in '/home/thomas/ros2_ws/src/my_python_pkg' with build type 'ament_python'
[1.233s] Level 1:colcon.colcon_core.shell:create_environment_hook('my_python_pkg', 'ament_prefix_path')
[1.235s] INFO:colcon.colcon_core.plugin_system:Skipping extension 'colcon_core.shell.bat': Not used on non-Windows systems
[1.236s] INFO:colcon.colcon_core.shell:Creating environment hook '/home/thomas/ros2_ws/install/my_python_pkg/share/my_python_pkg/hook/ament_prefix_path.ps1'
[1.247s] INFO:colcon.colcon_core.shell:Creating environment descriptor '/home/thomas/ros2_ws/install/my_python_pkg/share/my_python_pkg/hook/ament_prefix_path.dsv'
[1.261s] INFO:colcon.colcon_core.shell:Creating environment hook '/home/thomas/ros2_ws/install/my_python_pkg/share/my_python_pkg/hook/ament_prefix_path.sh'
[1.264s] INFO:colcon.colcon_core.shell:Skip shell extension 'powershell' for command environment: Not usable outside of PowerShell
[1.264s] DEBUG:colcon.colcon_core.shell:Skip shell extension 'dsv' for command environment
[3.129s] INFO:colcon.colcon_core.task.python.build:Building Python package in '/home/thomas/ros2_ws/src/my_python_pkg'
[3.132s] INFO:colcon.colcon_core.shell:Skip shell extension 'powershell' for command environment: Not usable outside of PowerShell
[3.134s] DEBUG:colcon.colcon_core.shell:Skip shell extension 'dsv' for command environment
[4.539s] DEBUG:colcon.colcon_core.event_handler.log_command:Invoking command in '/home/thomas/ros2_ws/src/my_python_pkg': PYTHONPATH=/home/thomas/ros2_ws/build/my_python_pkg/prefix_override:/usr/lib/python3/dist-packages/colcon_core/task/python/colcon_distutils_commands:/home/thomas/ros2_ws/install/my_python_pkg/lib/python3.10/site-packages:${PYTHONPATH} /usr/bin/python3 -W ignore:setup.py install is deprecated setup.py egg_info --egg-base ../../build/my_python_pkg build --build-base /home/thomas/ros2_ws/build/my_python_pkg/build install --record /home/thomas/ros2_ws/build/my_python_pkg/install.log --single-version-externally-managed install_data
[5.503s] DEBUG:colcon.colcon_core.event_handler.log_command:Invoked command in '/home/thomas/ros2_ws/src/my_python_pkg' returned '0': PYTHONPATH=/home/thomas/ros2_ws/build/my_python_pkg/prefix_override:/usr/lib/python3/dist-packages/colcon_core/task/python/colcon_distutils_commands:/home/thomas/ros2_ws/install/my_python_pkg/lib/python3.10/site-packages:${PYTHONPATH} /usr/bin/python3 -W ignore:setup.py install is deprecated setup.py egg_info --egg-base ../../build/my_python_pkg build --build-base /home/thomas/ros2_ws/build/my_python_pkg/build install --record /home/thomas/ros2_ws/build/my_python_pkg/install.log --single-version-externally-managed install_data
[5.514s] Level 1:colcon.colcon_core.environment:checking '/home/thomas/ros2_ws/install/my_python_pkg' for CMake module files
[5.519s] Level 1:colcon.colcon_core.environment:checking '/home/thomas/ros2_ws/install/my_python_pkg' for CMake config files
[5.520s] Level 1:colcon.colcon_core.environment:checking '/home/thomas/ros2_ws/install/my_python_pkg/lib'
[5.520s] Level 1:colcon.colcon_core.environment:checking '/home/thomas/ros2_ws/install/my_python_pkg/bin'
[5.520s] Level 1:colcon.colcon_core.environment:checking '/home/thomas/ros2_ws/install/my_python_pkg/lib/pkgconfig/my_python_pkg.pc'
[5.521s] Level 1:colcon.colcon_core.environment:checking '/home/thomas/ros2_ws/install/my_python_pkg/lib/python3.10/site-packages'
[5.521s] Level 1:colcon.colcon_core.shell:create_environment_hook('my_python_pkg', 'pythonpath')
[5.521s] INFO:colcon.colcon_core.shell:Creating environment hook '/home/thomas/ros2_ws/install/my_python_pkg/share/my_python_pkg/hook/pythonpath.ps1'
[5.525s] INFO:colcon.colcon_core.shell:Creating environment descriptor '/home/thomas/ros2_ws/install/my_python_pkg/share/my_python_pkg/hook/pythonpath.dsv'
[5.527s] INFO:colcon.colcon_core.shell:Creating environment hook '/home/thomas/ros2_ws/install/my_python_pkg/share/my_python_pkg/hook/pythonpath.sh'
[5.540s] Level 1:colcon.colcon_core.environment:checking '/home/thomas/ros2_ws/install/my_python_pkg/bin'
[5.540s] Level 1:colcon.colcon_core.environment:create_environment_scripts_only(my_python_pkg)
[5.541s] INFO:colcon.colcon_core.shell:Creating package script '/home/thomas/ros2_ws/install/my_python_pkg/share/my_python_pkg/package.ps1'
[5.544s] INFO:colcon.colcon_core.shell:Creating package descriptor '/home/thomas/ros2_ws/install/my_python_pkg/share/my_python_pkg/package.dsv'
[5.553s] INFO:colcon.colcon_core.shell:Creating package script '/home/thomas/ros2_ws/install/my_python_pkg/share/my_python_pkg/package.sh'
[5.557s] INFO:colcon.colcon_core.shell:Creating package script '/home/thomas/ros2_ws/install/my_python_pkg/share/my_python_pkg/package.bash'
[5.562s] INFO:colcon.colcon_core.shell:Creating package script '/home/thomas/ros2_ws/install/my_python_pkg/share/my_python_pkg/package.zsh'
[5.565s] Level 1:colcon.colcon_core.environment:create_file_with_runtime_dependencies(/home/thomas/ros2_ws/install/my_python_pkg/share/colcon-core/packages/my_python_pkg)
[5.569s] INFO:colcon.colcon_ros.task.ament_python.build:Building ROS package in '/home/thomas/ros2_ws/src/package_tp2' with build type 'ament_python'
[5.570s] Level 1:colcon.colcon_core.shell:create_environment_hook('package_tp2', 'ament_prefix_path')
[5.570s] INFO:colcon.colcon_core.shell:Creating environment hook '/home/thomas/ros2_ws/install/package_tp2/share/package_tp2/hook/ament_prefix_path.ps1'
[5.573s] INFO:colcon.colcon_core.shell:Creating environment descriptor '/home/thomas/ros2_ws/install/package_tp2/share/package_tp2/hook/ament_prefix_path.dsv'
[5.576s] INFO:colcon.colcon_core.shell:Creating environment hook '/home/thomas/ros2_ws/install/package_tp2/share/package_tp2/hook/ament_prefix_path.sh'
[5.583s] INFO:colcon.colcon_core.shell:Skip shell extension 'powershell' for command environment: Not usable outside of PowerShell
[5.584s] DEBUG:colcon.colcon_core.shell:Skip shell extension 'dsv' for command environment
[6.702s] INFO:colcon.colcon_core.task.python.build:Building Python package in '/home/thomas/ros2_ws/src/package_tp2'
[6.703s] INFO:colcon.colcon_core.shell:Skip shell extension 'powershell' for command environment: Not usable outside of PowerShell
[6.703s] DEBUG:colcon.colcon_core.shell:Skip shell extension 'dsv' for command environment
[7.343s] DEBUG:colcon.colcon_core.event_handler.log_command:Invoking command in '/home/thomas/ros2_ws/src/package_tp2': PYTHONPATH=/home/thomas/ros2_ws/build/package_tp2/prefix_override:/usr/lib/python3/dist-packages/colcon_core/task/python/colcon_distutils_commands:/home/thomas/ros2_ws/install/package_tp2/lib/python3.10/site-packages:${PYTHONPATH} /usr/bin/python3 -W ignore:setup.py install is deprecated setup.py egg_info --egg-base ../../build/package_tp2 build --build-base /home/thomas/ros2_ws/build/package_tp2/build install --record /home/thomas/ros2_ws/build/package_tp2/install.log --single-version-externally-managed install_data
[7.874s] Level 1:colcon.colcon_core.environment:checking '/home/thomas/ros2_ws/install/package_tp2' for CMake module files
[7.874s] DEBUG:colcon.colcon_core.event_handler.log_command:Invoked command in '/home/thomas/ros2_ws/src/package_tp2' returned '0': PYTHONPATH=/home/thomas/ros2_ws/build/package_tp2/prefix_override:/usr/lib/python3/dist-packages/colcon_core/task/python/colcon_distutils_commands:/home/thomas/ros2_ws/install/package_tp2/lib/python3.10/site-packages:${PYTHONPATH} /usr/bin/python3 -W ignore:setup.py install is deprecated setup.py egg_info --egg-base ../../build/package_tp2 build --build-base /home/thomas/ros2_ws/build/package_tp2/build install --record /home/thomas/ros2_ws/build/package_tp2/install.log --single-version-externally-managed install_data
[7.919s] Level 1:colcon.colcon_core.environment:checking '/home/thomas/ros2_ws/install/package_tp2' for CMake config files
[7.920s] Level 1:colcon.colcon_core.environment:checking '/home/thomas/ros2_ws/install/package_tp2/lib'
[7.920s] Level 1:colcon.colcon_core.environment:checking '/home/thomas/ros2_ws/install/package_tp2/bin'
[7.921s] Level 1:colcon.colcon_core.environment:checking '/home/thomas/ros2_ws/install/package_tp2/lib/pkgconfig/package_tp2.pc'
[7.921s] Level 1:colcon.colcon_core.environment:checking '/home/thomas/ros2_ws/install/package_tp2/lib/python3.10/site-packages'
[7.921s] Level 1:colcon.colcon_core.shell:create_environment_hook('package_tp2', 'pythonpath')
[7.921s] INFO:colcon.colcon_core.shell:Creating environment hook '/home/thomas/ros2_ws/install/package_tp2/share/package_tp2/hook/pythonpath.ps1'
[7.927s] INFO:colcon.colcon_core.shell:Creating environment descriptor '/home/thomas/ros2_ws/install/package_tp2/share/package_tp2/hook/pythonpath.dsv'
[7.928s] INFO:colcon.colcon_core.shell:Creating environment hook '/home/thomas/ros2_ws/install/package_tp2/share/package_tp2/hook/pythonpath.sh'
[7.936s] Level 1:colcon.colcon_core.environment:checking '/home/thomas/ros2_ws/install/package_tp2/bin'
[7.936s] Level 1:colcon.colcon_core.environment:create_environment_scripts_only(package_tp2)
[7.940s] INFO:colcon.colcon_core.shell:Creating package script '/home/thomas/ros2_ws/install/package_tp2/share/package_tp2/package.ps1'
[7.944s] INFO:colcon.colcon_core.shell:Creating package descriptor '/home/thomas/ros2_ws/install/package_tp2/share/package_tp2/package.dsv'
[7.947s] INFO:colcon.colcon_core.shell:Creating package script '/home/thomas/ros2_ws/install/package_tp2/share/package_tp2/package.sh'
[7.950s] INFO:colcon.colcon_core.shell:Creating package script '/home/thomas/ros2_ws/install/package_tp2/share/package_tp2/package.bash'
[7.951s] INFO:colcon.colcon_core.shell:Creating package script '/home/thomas/ros2_ws/install/package_tp2/share/package_tp2/package.zsh'
[7.952s] Level 1:colcon.colcon_core.environment:create_file_with_runtime_dependencies(/home/thomas/ros2_ws/install/package_tp2/share/colcon-core/packages/package_tp2)
[7.959s] INFO:colcon.colcon_ros.task.ament_python.build:Building ROS package in '/home/thomas/ros2_ws/src/package_tp2_b' with build type 'ament_python'
[7.959s] Level 1:colcon.colcon_core.shell:create_environment_hook('package_tp2_b', 'ament_prefix_path')
[7.960s] INFO:colcon.colcon_core.shell:Creating environment hook '/home/thomas/ros2_ws/install/package_tp2_b/share/package_tp2_b/hook/ament_prefix_path.ps1'
[7.970s] INFO:colcon.colcon_core.shell:Creating environment descriptor '/home/thomas/ros2_ws/install/package_tp2_b/share/package_tp2_b/hook/ament_prefix_path.dsv'
[7.972s] INFO:colcon.colcon_core.shell:Creating environment hook '/home/thomas/ros2_ws/install/package_tp2_b/share/package_tp2_b/hook/ament_prefix_path.sh'
[7.974s] INFO:colcon.colcon_core.shell:Skip shell extension 'powershell' for command environment: Not usable outside of PowerShell
[7.974s] DEBUG:colcon.colcon_core.shell:Skip shell extension 'dsv' for command environment
[8.681s] INFO:colcon.colcon_core.task.python.build:Building Python package in '/home/thomas/ros2_ws/src/package_tp2_b'
[8.681s] INFO:colcon.colcon_core.shell:Skip shell extension 'powershell' for command environment: Not usable outside of PowerShell
[8.681s] DEBUG:colcon.colcon_core.shell:Skip shell extension 'dsv' for command environment
[9.472s] DEBUG:colcon.colcon_core.event_handler.log_command:Invoking command in '/home/thomas/ros2_ws/src/package_tp2_b': PYTHONPATH=/home/thomas/ros2_ws/build/package_tp2_b/prefix_override:/usr/lib/python3/dist-packages/colcon_core/task/python/colcon_distutils_commands:/home/thomas/ros2_ws/install/package_tp2_b/lib/python3.10/site-packages:${PYTHONPATH} /usr/bin/python3 -W ignore:setup.py install is deprecated setup.py egg_info --egg-base ../../build/package_tp2_b build --build-base /home/thomas/ros2_ws/build/package_tp2_b/build install --record /home/thomas/ros2_ws/build/package_tp2_b/install.log --single-version-externally-managed install_data
[10.104s] Level 1:colcon.colcon_core.environment:checking '/home/thomas/ros2_ws/install/package_tp2_b' for CMake module files
[10.104s] DEBUG:colcon.colcon_core.event_handler.log_command:Invoked command in '/home/thomas/ros2_ws/src/package_tp2_b' returned '0': PYTHONPATH=/home/thomas/ros2_ws/build/package_tp2_b/prefix_override:/usr/lib/python3/dist-packages/colcon_core/task/python/colcon_distutils_commands:/home/thomas/ros2_ws/install/package_tp2_b/lib/python3.10/site-packages:${PYTHONPATH} /usr/bin/python3 -W ignore:setup.py install is deprecated setup.py egg_info --egg-base ../../build/package_tp2_b build --build-base /home/thomas/ros2_ws/build/package_tp2_b/build install --record /home/thomas/ros2_ws/build/package_tp2_b/install.log --single-version-externally-managed install_data
[10.114s] Level 1:colcon.colcon_core.environment:checking '/home/thomas/ros2_ws/install/package_tp2_b' for CMake config files
[10.116s] Level 1:colcon.colcon_core.environment:checking '/home/thomas/ros2_ws/install/package_tp2_b/lib'
[10.116s] Level 1:colcon.colcon_core.environment:checking '/home/thomas/ros2_ws/install/package_tp2_b/bin'
[10.116s] Level 1:colcon.colcon_core.environment:checking '/home/thomas/ros2_ws/install/package_tp2_b/lib/pkgconfig/package_tp2_b.pc'
[10.117s] Level 1:colcon.colcon_core.environment:checking '/home/thomas/ros2_ws/install/package_tp2_b/lib/python3.10/site-packages'
[10.117s] Level 1:colcon.colcon_core.shell:create_environment_hook('package_tp2_b', 'pythonpath')
[10.117s] INFO:colcon.colcon_core.shell:Creating environment hook '/home/thomas/ros2_ws/install/package_tp2_b/share/package_tp2_b/hook/pythonpath.ps1'
[10.120s] INFO:colcon.colcon_core.shell:Creating environment descriptor '/home/thomas/ros2_ws/install/package_tp2_b/share/package_tp2_b/hook/pythonpath.dsv'
[10.128s] INFO:colcon.colcon_core.shell:Creating environment hook '/home/thomas/ros2_ws/install/package_tp2_b/share/package_tp2_b/hook/pythonpath.sh'
[10.133s] Level 1:colcon.colcon_core.environment:checking '/home/thomas/ros2_ws/install/package_tp2_b/bin'
[10.133s] Level 1:colcon.colcon_core.environment:create_environment_scripts_only(package_tp2_b)
[10.134s] INFO:colcon.colcon_core.shell:Creating package script '/home/thomas/ros2_ws/install/package_tp2_b/share/package_tp2_b/package.ps1'
[10.139s] INFO:colcon.colcon_core.shell:Creating package descriptor '/home/thomas/ros2_ws/install/package_tp2_b/share/package_tp2_b/package.dsv'
[10.144s] INFO:colcon.colcon_core.shell:Creating package script '/home/thomas/ros2_ws/install/package_tp2_b/share/package_tp2_b/package.sh'
[10.154s] INFO:colcon.colcon_core.shell:Creating package script '/home/thomas/ros2_ws/install/package_tp2_b/share/package_tp2_b/package.bash'
[10.157s] INFO:colcon.colcon_core.shell:Creating package script '/home/thomas/ros2_ws/install/package_tp2_b/share/package_tp2_b/package.zsh'
[10.159s] Level 1:colcon.colcon_core.environment:create_file_with_runtime_dependencies(/home/thomas/ros2_ws/install/package_tp2_b/share/colcon-core/packages/package_tp2_b)
[10.175s] INFO:colcon.colcon_ros.task.ament_python.build:Building ROS package in '/home/thomas/ros2_ws/src/pkg_projet' with build type 'ament_python'
[10.175s] Level 1:colcon.colcon_core.shell:create_environment_hook('pkg_projet', 'ament_prefix_path')
[10.175s] INFO:colcon.colcon_core.shell:Creating environment hook '/home/thomas/ros2_ws/install/pkg_projet/share/pkg_projet/hook/ament_prefix_path.ps1'
[10.178s] INFO:colcon.colcon_core.shell:Creating environment descriptor '/home/thomas/ros2_ws/install/pkg_projet/share/pkg_projet/hook/ament_prefix_path.dsv'
[10.179s] INFO:colcon.colcon_core.shell:Creating environment hook '/home/thomas/ros2_ws/install/pkg_projet/share/pkg_projet/hook/ament_prefix_path.sh'
[10.185s] INFO:colcon.colcon_core.shell:Skip shell extension 'powershell' for command environment: Not usable outside of PowerShell
[10.185s] DEBUG:colcon.colcon_core.shell:Skip shell extension 'dsv' for command environment
[10.857s] INFO:colcon.colcon_core.task.python.build:Building Python package in '/home/thomas/ros2_ws/src/pkg_projet'
[10.857s] INFO:colcon.colcon_core.shell:Skip shell extension 'powershell' for command environment: Not usable outside of PowerShell
[10.857s] DEBUG:colcon.colcon_core.shell:Skip shell extension 'dsv' for command environment
[11.416s] DEBUG:colcon.colcon_core.event_handler.log_command:Invoking command in '/home/thomas/ros2_ws/src/pkg_projet': PYTHONPATH=/home/thomas/ros2_ws/build/pkg_projet/prefix_override:/usr/lib/python3/dist-packages/colcon_core/task/python/colcon_distutils_commands:/home/thomas/ros2_ws/install/pkg_projet/lib/python3.10/site-packages:${PYTHONPATH} /usr/bin/python3 -W ignore:setup.py install is deprecated setup.py egg_info --egg-base ../../build/pkg_projet build --build-base /home/thomas/ros2_ws/build/pkg_projet/build install --record /home/thomas/ros2_ws/build/pkg_projet/install.log --single-version-externally-managed install_data
[11.890s] Level 1:colcon.colcon_core.environment:checking '/home/thomas/ros2_ws/install/pkg_projet' for CMake module files
[11.891s] Level 1:colcon.colcon_core.environment:checking '/home/thomas/ros2_ws/install/pkg_projet' for CMake config files
[11.891s] Level 1:colcon.colcon_core.environment:checking '/home/thomas/ros2_ws/install/pkg_projet/lib'
[11.891s] Level 1:colcon.colcon_core.environment:checking '/home/thomas/ros2_ws/install/pkg_projet/bin'
[11.891s] Level 1:colcon.colcon_core.environment:checking '/home/thomas/ros2_ws/install/pkg_projet/lib/pkgconfig/pkg_projet.pc'
[11.891s] Level 1:colcon.colcon_core.environment:checking '/home/thomas/ros2_ws/install/pkg_projet/lib/python3.10/site-packages'
[11.892s] Level 1:colcon.colcon_core.shell:create_environment_hook('pkg_projet', 'pythonpath')
[11.892s] INFO:colcon.colcon_core.shell:Creating environment hook '/home/thomas/ros2_ws/install/pkg_projet/share/pkg_projet/hook/pythonpath.ps1'
[11.907s] DEBUG:colcon.colcon_core.event_handler.log_command:Invoked command in '/home/thomas/ros2_ws/src/pkg_projet' returned '0': PYTHONPATH=/home/thomas/ros2_ws/build/pkg_projet/prefix_override:/usr/lib/python3/dist-packages/colcon_core/task/python/colcon_distutils_commands:/home/thomas/ros2_ws/install/pkg_projet/lib/python3.10/site-packages:${PYTHONPATH} /usr/bin/python3 -W ignore:setup.py install is deprecated setup.py egg_info --egg-base ../../build/pkg_projet build --build-base /home/thomas/ros2_ws/build/pkg_projet/build install --record /home/thomas/ros2_ws/build/pkg_projet/install.log --single-version-externally-managed install_data
[11.907s] INFO:colcon.colcon_core.shell:Creating environment descriptor '/home/thomas/ros2_ws/install/pkg_projet/share/pkg_projet/hook/pythonpath.dsv'
[11.909s] INFO:colcon.colcon_core.shell:Creating environment hook '/home/thomas/ros2_ws/install/pkg_projet/share/pkg_projet/hook/pythonpath.sh'
[11.913s] Level 1:colcon.colcon_core.environment:checking '/home/thomas/ros2_ws/install/pkg_projet/bin'
[11.913s] Level 1:colcon.colcon_core.environment:create_environment_scripts_only(pkg_projet)
[11.913s] INFO:colcon.colcon_core.shell:Creating package script '/home/thomas/ros2_ws/install/pkg_projet/share/pkg_projet/package.ps1'
[11.916s] INFO:colcon.colcon_core.shell:Creating package descriptor '/home/thomas/ros2_ws/install/pkg_projet/share/pkg_projet/package.dsv'
[11.928s] INFO:colcon.colcon_core.shell:Creating package script '/home/thomas/ros2_ws/install/pkg_projet/share/pkg_projet/package.sh'
[11.929s] INFO:colcon.colcon_core.shell:Creating package script '/home/thomas/ros2_ws/install/pkg_projet/share/pkg_projet/package.bash'
[11.931s] INFO:colcon.colcon_core.shell:Creating package script '/home/thomas/ros2_ws/install/pkg_projet/share/pkg_projet/package.zsh'
[11.933s] Level 1:colcon.colcon_core.environment:create_file_with_runtime_dependencies(/home/thomas/ros2_ws/install/pkg_projet/share/colcon-core/packages/pkg_projet)
[11.935s] DEBUG:colcon.colcon_parallel_executor.executor.parallel:closing loop
[11.936s] DEBUG:colcon.colcon_parallel_executor.executor.parallel:loop closed
[11.936s] DEBUG:colcon.colcon_parallel_executor.executor.parallel:run_until_complete finished with '0'
[11.936s] DEBUG:colcon.colcon_core.event_reactor:joining thread
[11.941s] INFO:colcon.colcon_core.plugin_system:Skipping extension 'colcon_notification.desktop_notification.terminal_notifier': Not used on non-Darwin systems
[11.948s] INFO:colcon.colcon_core.plugin_system:Skipping extension 'colcon_notification.desktop_notification.win32': Not used on non-Windows systems
[11.948s] INFO:colcon.colcon_notification.desktop_notification:Sending desktop notification using 'notify2'
[11.980s] DEBUG:colcon.colcon_core.event_reactor:joined thread
[11.980s] INFO:colcon.colcon_core.shell:Creating prefix script '/home/thomas/ros2_ws/install/local_setup.ps1'
[11.986s] INFO:colcon.colcon_core.shell:Creating prefix util module '/home/thomas/ros2_ws/install/_local_setup_util_ps1.py'
[12.001s] INFO:colcon.colcon_core.shell:Creating prefix chain script '/home/thomas/ros2_ws/install/setup.ps1'
[12.004s] INFO:colcon.colcon_core.shell:Creating prefix script '/home/thomas/ros2_ws/install/local_setup.sh'
[12.005s] INFO:colcon.colcon_core.shell:Creating prefix util module '/home/thomas/ros2_ws/install/_local_setup_util_sh.py'
[12.007s] INFO:colcon.colcon_core.shell:Creating prefix chain script '/home/thomas/ros2_ws/install/setup.sh'
[12.022s] INFO:colcon.colcon_core.shell:Creating prefix script '/home/thomas/ros2_ws/install/local_setup.bash'
[12.024s] INFO:colcon.colcon_core.shell:Creating prefix chain script '/home/thomas/ros2_ws/install/setup.bash'
[12.026s] INFO:colcon.colcon_core.shell:Creating prefix script '/home/thomas/ros2_ws/install/local_setup.zsh'
[12.028s] INFO:colcon.colcon_core.shell:Creating prefix chain script '/home/thomas/ros2_ws/install/setup.zsh'
