[1.481s] Invoking command in '/home/thogms/ros2_ws/src/package_tp2': PYTHONPATH=/home/thogms/ros2_ws/build/package_tp2/prefix_override:/usr/lib/python3/dist-packages/colcon_core/task/python/colcon_distutils_commands:/home/thogms/ros2_ws/install/package_tp2/lib/python3.10/site-packages:${PYTHONPATH} /usr/bin/python3 -W ignore:setup.py install is deprecated -W ignore:easy_install command is deprecated setup.py egg_info --egg-base ../../build/package_tp2 build --build-base /home/thogms/ros2_ws/build/package_tp2/build install --record /home/thogms/ros2_ws/build/package_tp2/install.log --single-version-externally-managed install_data
[1.762s] running egg_info
[1.763s] writing ../../build/package_tp2/package_tp2.egg-info/PKG-INFO
[1.764s] writing dependency_links to ../../build/package_tp2/package_tp2.egg-info/dependency_links.txt
[1.764s] writing entry points to ../../build/package_tp2/package_tp2.egg-info/entry_points.txt
[1.764s] writing requirements to ../../build/package_tp2/package_tp2.egg-info/requires.txt
[1.764s] writing top-level names to ../../build/package_tp2/package_tp2.egg-info/top_level.txt
[1.767s] reading manifest file '../../build/package_tp2/package_tp2.egg-info/SOURCES.txt'
[1.768s] writing manifest file '../../build/package_tp2/package_tp2.egg-info/SOURCES.txt'
[1.768s] running build
[1.768s] running build_py
[1.768s] running install
[1.769s] running install_lib
[1.770s] running install_data
[1.770s] running install_egg_info
[1.773s] removing '/home/thogms/ros2_ws/install/package_tp2/lib/python3.10/site-packages/package_tp2-0.0.0-py3.10.egg-info' (and everything under it)
[1.773s] Copying ../../build/package_tp2/package_tp2.egg-info to /home/thogms/ros2_ws/install/package_tp2/lib/python3.10/site-packages/package_tp2-0.0.0-py3.10.egg-info
[1.781s] running install_scripts
[1.805s] Installing capteur1 script to /home/thogms/ros2_ws/install/package_tp2/lib/package_tp2
[1.805s] Installing capteur2 script to /home/thogms/ros2_ws/install/package_tp2/lib/package_tp2
[1.806s] Installing fusion script to /home/thogms/ros2_ws/install/package_tp2/lib/package_tp2
[1.806s] writing list of installed files to '/home/thogms/ros2_ws/build/package_tp2/install.log'
[1.874s] Invoked command in '/home/thogms/ros2_ws/src/package_tp2' returned '0': PYTHONPATH=/home/thogms/ros2_ws/build/package_tp2/prefix_override:/usr/lib/python3/dist-packages/colcon_core/task/python/colcon_distutils_commands:/home/thogms/ros2_ws/install/package_tp2/lib/python3.10/site-packages:${PYTHONPATH} /usr/bin/python3 -W ignore:setup.py install is deprecated -W ignore:easy_install command is deprecated setup.py egg_info --egg-base ../../build/package_tp2 build --build-base /home/thogms/ros2_ws/build/package_tp2/build install --record /home/thogms/ros2_ws/build/package_tp2/install.log --single-version-externally-managed install_data
