[2.191s] Invoking command in '/home/thogms/ros2_ws/src/my_python_pkg': PYTHONPATH=/home/thogms/ros2_ws/build/my_python_pkg/prefix_override:/usr/lib/python3/dist-packages/colcon_core/task/python/colcon_distutils_commands:/home/thogms/ros2_ws/install/my_python_pkg/lib/python3.10/site-packages:${PYTHONPATH} /usr/bin/python3 -W ignore:setup.py install is deprecated -W ignore:easy_install command is deprecated setup.py egg_info --egg-base ../../build/my_python_pkg build --build-base /home/thogms/ros2_ws/build/my_python_pkg/build install --record /home/thogms/ros2_ws/build/my_python_pkg/install.log --single-version-externally-managed install_data
[2.514s] running egg_info
[2.516s] writing ../../build/my_python_pkg/my_python_pkg.egg-info/PKG-INFO
[2.516s] writing dependency_links to ../../build/my_python_pkg/my_python_pkg.egg-info/dependency_links.txt
[2.517s] writing entry points to ../../build/my_python_pkg/my_python_pkg.egg-info/entry_points.txt
[2.518s] writing requirements to ../../build/my_python_pkg/my_python_pkg.egg-info/requires.txt
[2.518s] writing top-level names to ../../build/my_python_pkg/my_python_pkg.egg-info/top_level.txt
[2.521s] reading manifest file '../../build/my_python_pkg/my_python_pkg.egg-info/SOURCES.txt'
[2.522s] writing manifest file '../../build/my_python_pkg/my_python_pkg.egg-info/SOURCES.txt'
[2.523s] running build
[2.523s] running build_py
[2.523s] running install
[2.523s] running install_lib
[2.525s] running install_data
[2.525s] running install_egg_info
[2.528s] removing '/home/thogms/ros2_ws/install/my_python_pkg/lib/python3.10/site-packages/my_python_pkg-0.0.0-py3.10.egg-info' (and everything under it)
[2.529s] Copying ../../build/my_python_pkg/my_python_pkg.egg-info to /home/thogms/ros2_ws/install/my_python_pkg/lib/python3.10/site-packages/my_python_pkg-0.0.0-py3.10.egg-info
[2.531s] running install_scripts
[2.562s] Installing my_node script to /home/thogms/ros2_ws/install/my_python_pkg/lib/my_python_pkg
[2.563s] writing list of installed files to '/home/thogms/ros2_ws/build/my_python_pkg/install.log'
[2.638s] Invoked command in '/home/thogms/ros2_ws/src/my_python_pkg' returned '0': PYTHONPATH=/home/thogms/ros2_ws/build/my_python_pkg/prefix_override:/usr/lib/python3/dist-packages/colcon_core/task/python/colcon_distutils_commands:/home/thogms/ros2_ws/install/my_python_pkg/lib/python3.10/site-packages:${PYTHONPATH} /usr/bin/python3 -W ignore:setup.py install is deprecated -W ignore:easy_install command is deprecated setup.py egg_info --egg-base ../../build/my_python_pkg build --build-base /home/thogms/ros2_ws/build/my_python_pkg/build install --record /home/thogms/ros2_ws/build/my_python_pkg/install.log --single-version-externally-managed install_data
